Mar 13, 2019 11:20:20 PM AVLTestCases.avltc04 init
INFO: Logger Name: AVLTestCases.avltc04
Mar 13, 2019 11:20:20 PM AVLTestCases.avltc04 main
WARNING: INSERTING 100 entries
Mar 13, 2019 11:20:20 PM Core.AVL add
INFO: SUCCESSFULLY INSERTED: SIZE= 1,TIME REQUIRED= 275851
Mar 13, 2019 11:20:20 PM Core.AVL balance
INFO: SUCCESSFULLY BALANCED: SIZE= 1,TIME REQUIRED= 1411
Mar 13, 2019 11:20:20 PM Core.AVL add
INFO: SUCCESSFULLY INSERTED: SIZE= 2,TIME REQUIRED= 1184482
Mar 13, 2019 11:20:20 PM Core.AVL balance
INFO: SUCCESSFULLY BALANCED: SIZE= 2,TIME REQUIRED= 462
Mar 13, 2019 11:20:20 PM Core.AVL rotateLeft
INFO: SUCCESSFULLY ROTATE LEFT: SIZE= 2,TIME REQUIRED= 756
Mar 13, 2019 11:20:20 PM Core.AVL rotateRight
INFO: SUCCESSFULLY ROTATE RIGHT: SIZE= 2,TIME REQUIRED= 1436
Mar 13, 2019 11:20:20 PM Core.AVL balance
INFO: SUCCESSFULLY BALANCED: SIZE= 2,TIME REQUIRED= 2296779
Mar 13, 2019 11:20:20 PM Core.AVL add
INFO: SUCCESSFULLY INSERTED: SIZE= 3,TIME REQUIRED= 3848763
Mar 13, 2019 11:20:20 PM Core.AVL balance
INFO: SUCCESSFULLY BALANCED: SIZE= 3,TIME REQUIRED= 439
Mar 13, 2019 11:20:20 PM Core.AVL balance
INFO: SUCCESSFULLY BALANCED: SIZE= 3,TIME REQUIRED= 494
Mar 13, 2019 11:20:20 PM Core.AVL add
INFO: SUCCESSFULLY INSERTED: SIZE= 4,TIME REQUIRED= 1424936
Mar 13, 2019 11:20:20 PM Core.AVL balance
INFO: SUCCESSFULLY BALANCED: SIZE= 4,TIME REQUIRED= 576
Mar 13, 2019 11:20:20 PM Core.AVL balance
INFO: SUCCESSFULLY BALANCED: SIZE= 4,TIME REQUIRED= 485
Mar 13, 2019 11:20:20 PM Core.AVL add
INFO: SUCCESSFULLY INSERTED: SIZE= 5,TIME REQUIRED= 1135757
Mar 13, 2019 11:20:20 PM Core.AVL balance
INFO: SUCCESSFULLY BALANCED: SIZE= 5,TIME REQUIRED= 413
Mar 13, 2019 11:20:20 PM Core.AVL balance
INFO: SUCCESSFULLY BALANCED: SIZE= 5,TIME REQUIRED= 547
Mar 13, 2019 11:20:20 PM Core.AVL rotateRight
INFO: SUCCESSFULLY ROTATE RIGHT: SIZE= 5,TIME REQUIRED= 630
Mar 13, 2019 11:20:20 PM Core.AVL rotateLeft
INFO: SUCCESSFULLY ROTATE LEFT: SIZE= 5,TIME REQUIRED= 985
Mar 13, 2019 11:20:20 PM Core.AVL balance
INFO: SUCCESSFULLY BALANCED: SIZE= 5,TIME REQUIRED= 1015719
Mar 13, 2019 11:20:20 PM Core.AVL add
INFO: SUCCESSFULLY INSERTED: SIZE= 6,TIME REQUIRED= 2371077
Mar 13, 2019 11:20:20 PM Core.AVL balance
INFO: SUCCESSFULLY BALANCED: SIZE= 6,TIME REQUIRED= 535
Mar 13, 2019 11:20:20 PM Core.AVL balance
INFO: SUCCESSFULLY BALANCED: SIZE= 6,TIME REQUIRED= 552
Mar 13, 2019 11:20:20 PM Core.AVL balance
INFO: SUCCESSFULLY BALANCED: SIZE= 6,TIME REQUIRED= 1166
Mar 13, 2019 11:20:20 PM Core.AVL add
INFO: SUCCESSFULLY INSERTED: SIZE= 7,TIME REQUIRED= 2538286
Mar 13, 2019 11:20:20 PM Core.AVL balance
INFO: SUCCESSFULLY BALANCED: SIZE= 7,TIME REQUIRED= 808
Mar 13, 2019 11:20:20 PM Core.AVL balance
INFO: SUCCESSFULLY BALANCED: SIZE= 7,TIME REQUIRED= 558
Mar 13, 2019 11:20:20 PM Core.AVL balance
INFO: SUCCESSFULLY BALANCED: SIZE= 7,TIME REQUIRED= 1005
Mar 13, 2019 11:20:20 PM Core.AVL add
INFO: SUCCESSFULLY INSERTED: SIZE= 8,TIME REQUIRED= 1426344
Mar 13, 2019 11:20:20 PM Core.AVL balance
INFO: SUCCESSFULLY BALANCED: SIZE= 8,TIME REQUIRED= 446
Mar 13, 2019 11:20:20 PM Core.AVL rotateLeft
INFO: SUCCESSFULLY ROTATE LEFT: SIZE= 8,TIME REQUIRED= 579
Mar 13, 2019 11:20:20 PM Core.AVL rotateRight
INFO: SUCCESSFULLY ROTATE RIGHT: SIZE= 8,TIME REQUIRED= 1741
Mar 13, 2019 11:20:20 PM Core.AVL balance
INFO: SUCCESSFULLY BALANCED: SIZE= 8,TIME REQUIRED= 1260033
Mar 13, 2019 11:20:20 PM Core.AVL balance
INFO: SUCCESSFULLY BALANCED: SIZE= 8,TIME REQUIRED= 537
Mar 13, 2019 11:20:20 PM Core.AVL add
INFO: SUCCESSFULLY INSERTED: SIZE= 9,TIME REQUIRED= 2484839
Mar 13, 2019 11:20:20 PM Core.AVL balance
INFO: SUCCESSFULLY BALANCED: SIZE= 9,TIME REQUIRED= 717
Mar 13, 2019 11:20:20 PM Core.AVL rotateRight
INFO: SUCCESSFULLY ROTATE RIGHT: SIZE= 9,TIME REQUIRED= 849
Mar 13, 2019 11:20:20 PM Core.AVL balance
INFO: SUCCESSFULLY BALANCED: SIZE= 9,TIME REQUIRED= 622626
Mar 13, 2019 11:20:20 PM Core.AVL balance
INFO: SUCCESSFULLY BALANCED: SIZE= 9,TIME REQUIRED= 749
Mar 13, 2019 11:20:20 PM Core.AVL balance
INFO: SUCCESSFULLY BALANCED: SIZE= 9,TIME REQUIRED= 721
Mar 13, 2019 11:20:20 PM Core.AVL add
INFO: SUCCESSFULLY INSERTED: SIZE= 10,TIME REQUIRED= 3433412
Mar 13, 2019 11:20:20 PM Core.AVL balance
INFO: SUCCESSFULLY BALANCED: SIZE= 10,TIME REQUIRED= 689
Mar 13, 2019 11:20:20 PM Core.AVL balance
INFO: SUCCESSFULLY BALANCED: SIZE= 10,TIME REQUIRED= 818
Mar 13, 2019 11:20:20 PM Core.AVL balance
INFO: SUCCESSFULLY BALANCED: SIZE= 10,TIME REQUIRED= 782
Mar 13, 2019 11:20:20 PM Core.AVL rotateRight
INFO: SUCCESSFULLY ROTATE RIGHT: SIZE= 10,TIME REQUIRED= 998
Mar 13, 2019 11:20:20 PM Core.AVL rotateLeft
INFO: SUCCESSFULLY ROTATE LEFT: SIZE= 10,TIME REQUIRED= 1859
Mar 13, 2019 11:20:20 PM Core.AVL balance
INFO: SUCCESSFULLY BALANCED: SIZE= 10,TIME REQUIRED= 875716
Mar 13, 2019 11:20:20 PM Core.AVL add
INFO: SUCCESSFULLY INSERTED: SIZE= 11,TIME REQUIRED= 3211634
Mar 13, 2019 11:20:20 PM Core.AVL balance
INFO: SUCCESSFULLY BALANCED: SIZE= 11,TIME REQUIRED= 711
Mar 13, 2019 11:20:20 PM Core.AVL balance
INFO: SUCCESSFULLY BALANCED: SIZE= 11,TIME REQUIRED= 784
Mar 13, 2019 11:20:20 PM Core.AVL balance
INFO: SUCCESSFULLY BALANCED: SIZE= 11,TIME REQUIRED= 841
Mar 13, 2019 11:20:20 PM Core.AVL add
INFO: SUCCESSFULLY INSERTED: SIZE= 12,TIME REQUIRED= 1278569
Mar 13, 2019 11:20:20 PM Core.AVL balance
INFO: SUCCESSFULLY BALANCED: SIZE= 12,TIME REQUIRED= 677
Mar 13, 2019 11:20:20 PM Core.AVL balance
INFO: SUCCESSFULLY BALANCED: SIZE= 12,TIME REQUIRED= 736
Mar 13, 2019 11:20:20 PM Core.AVL balance
INFO: SUCCESSFULLY BALANCED: SIZE= 12,TIME REQUIRED= 523
Mar 13, 2019 11:20:20 PM Core.AVL balance
INFO: SUCCESSFULLY BALANCED: SIZE= 12,TIME REQUIRED= 493
Mar 13, 2019 11:20:20 PM Core.AVL add
INFO: SUCCESSFULLY INSERTED: SIZE= 13,TIME REQUIRED= 1700314
Mar 13, 2019 11:20:20 PM Core.AVL balance
INFO: SUCCESSFULLY BALANCED: SIZE= 13,TIME REQUIRED= 664
Mar 13, 2019 11:20:20 PM Core.AVL balance
INFO: SUCCESSFULLY BALANCED: SIZE= 13,TIME REQUIRED= 2346
Mar 13, 2019 11:20:20 PM Core.AVL balance
INFO: SUCCESSFULLY BALANCED: SIZE= 13,TIME REQUIRED= 826
Mar 13, 2019 11:20:20 PM Core.AVL balance
INFO: SUCCESSFULLY BALANCED: SIZE= 13,TIME REQUIRED= 782
Mar 13, 2019 11:20:20 PM Core.AVL add
INFO: SUCCESSFULLY INSERTED: SIZE= 14,TIME REQUIRED= 1593906
Mar 13, 2019 11:20:20 PM Core.AVL balance
INFO: SUCCESSFULLY BALANCED: SIZE= 14,TIME REQUIRED= 829
Mar 13, 2019 11:20:20 PM Core.AVL rotateRight
INFO: SUCCESSFULLY ROTATE RIGHT: SIZE= 14,TIME REQUIRED= 613
Mar 13, 2019 11:20:20 PM Core.AVL rotateLeft
INFO: SUCCESSFULLY ROTATE LEFT: SIZE= 14,TIME REQUIRED= 1219
Mar 13, 2019 11:20:20 PM Core.AVL balance
INFO: SUCCESSFULLY BALANCED: SIZE= 14,TIME REQUIRED= 769229
Mar 13, 2019 11:20:20 PM Core.AVL balance
INFO: SUCCESSFULLY BALANCED: SIZE= 14,TIME REQUIRED= 803
Mar 13, 2019 11:20:20 PM Core.AVL balance
INFO: SUCCESSFULLY BALANCED: SIZE= 14,TIME REQUIRED= 883
Mar 13, 2019 11:20:20 PM Core.AVL balance
INFO: SUCCESSFULLY BALANCED: SIZE= 14,TIME REQUIRED= 792
Mar 13, 2019 11:20:20 PM Core.AVL add
INFO: SUCCESSFULLY INSERTED: SIZE= 15,TIME REQUIRED= 3263391
Mar 13, 2019 11:20:20 PM Core.AVL balance
INFO: SUCCESSFULLY BALANCED: SIZE= 15,TIME REQUIRED= 672
Mar 13, 2019 11:20:20 PM Core.AVL rotateRight
INFO: SUCCESSFULLY ROTATE RIGHT: SIZE= 15,TIME REQUIRED= 671
Mar 13, 2019 11:20:20 PM Core.AVL rotateLeft
INFO: SUCCESSFULLY ROTATE LEFT: SIZE= 15,TIME REQUIRED= 995
Mar 13, 2019 11:20:20 PM Core.AVL balance
INFO: SUCCESSFULLY BALANCED: SIZE= 15,TIME REQUIRED= 1265962
Mar 13, 2019 11:20:20 PM Core.AVL balance
INFO: SUCCESSFULLY BALANCED: SIZE= 15,TIME REQUIRED= 817
Mar 13, 2019 11:20:20 PM Core.AVL balance
INFO: SUCCESSFULLY BALANCED: SIZE= 15,TIME REQUIRED= 473
Mar 13, 2019 11:20:20 PM Core.AVL add
INFO: SUCCESSFULLY INSERTED: SIZE= 16,TIME REQUIRED= 3685361
Mar 13, 2019 11:20:20 PM Core.AVL balance
INFO: SUCCESSFULLY BALANCED: SIZE= 16,TIME REQUIRED= 618
Mar 13, 2019 11:20:20 PM Core.AVL balance
INFO: SUCCESSFULLY BALANCED: SIZE= 16,TIME REQUIRED= 731
Mar 13, 2019 11:20:20 PM Core.AVL rotateRight
INFO: SUCCESSFULLY ROTATE RIGHT: SIZE= 16,TIME REQUIRED= 3709
Mar 13, 2019 11:20:20 PM Core.AVL rotateLeft
INFO: SUCCESSFULLY ROTATE LEFT: SIZE= 16,TIME REQUIRED= 2146
Mar 13, 2019 11:20:20 PM Core.AVL balance
INFO: SUCCESSFULLY BALANCED: SIZE= 16,TIME REQUIRED= 1289459
Mar 13, 2019 11:20:20 PM Core.AVL balance
INFO: SUCCESSFULLY BALANCED: SIZE= 16,TIME REQUIRED= 711
Mar 13, 2019 11:20:20 PM Core.AVL add
INFO: SUCCESSFULLY INSERTED: SIZE= 17,TIME REQUIRED= 3399153
Mar 13, 2019 11:20:20 PM Core.AVL balance
INFO: SUCCESSFULLY BALANCED: SIZE= 17,TIME REQUIRED= 876
Mar 13, 2019 11:20:20 PM Core.AVL rotateRight
INFO: SUCCESSFULLY ROTATE RIGHT: SIZE= 17,TIME REQUIRED= 913
Mar 13, 2019 11:20:20 PM Core.AVL balance
INFO: SUCCESSFULLY BALANCED: SIZE= 17,TIME REQUIRED= 340182
Mar 13, 2019 11:20:20 PM Core.AVL balance
INFO: SUCCESSFULLY BALANCED: SIZE= 17,TIME REQUIRED= 787
Mar 13, 2019 11:20:20 PM Core.AVL balance
INFO: SUCCESSFULLY BALANCED: SIZE= 17,TIME REQUIRED= 724
Mar 13, 2019 11:20:20 PM Core.AVL balance
INFO: SUCCESSFULLY BALANCED: SIZE= 17,TIME REQUIRED= 724
Mar 13, 2019 11:20:20 PM Core.AVL add
INFO: SUCCESSFULLY INSERTED: SIZE= 18,TIME REQUIRED= 2363126
Mar 13, 2019 11:20:20 PM Core.AVL balance
INFO: SUCCESSFULLY BALANCED: SIZE= 18,TIME REQUIRED= 792
Mar 13, 2019 11:20:20 PM Core.AVL balance
INFO: SUCCESSFULLY BALANCED: SIZE= 18,TIME REQUIRED= 473
Mar 13, 2019 11:20:20 PM Core.AVL balance
INFO: SUCCESSFULLY BALANCED: SIZE= 18,TIME REQUIRED= 609
Mar 13, 2019 11:20:20 PM Core.AVL balance
INFO: SUCCESSFULLY BALANCED: SIZE= 18,TIME REQUIRED= 520
Mar 13, 2019 11:20:20 PM Core.AVL add
INFO: SUCCESSFULLY INSERTED: SIZE= 19,TIME REQUIRED= 1824478
Mar 13, 2019 11:20:20 PM Core.AVL balance
INFO: SUCCESSFULLY BALANCED: SIZE= 19,TIME REQUIRED= 542
Mar 13, 2019 11:20:20 PM Core.AVL balance
INFO: SUCCESSFULLY BALANCED: SIZE= 19,TIME REQUIRED= 3177
Mar 13, 2019 11:20:20 PM Core.AVL balance
INFO: SUCCESSFULLY BALANCED: SIZE= 19,TIME REQUIRED= 740
Mar 13, 2019 11:20:20 PM Core.AVL balance
INFO: SUCCESSFULLY BALANCED: SIZE= 19,TIME REQUIRED= 728
Mar 13, 2019 11:20:20 PM Core.AVL add
INFO: SUCCESSFULLY INSERTED: SIZE= 20,TIME REQUIRED= 1832595
Mar 13, 2019 11:20:20 PM Core.AVL balance
INFO: SUCCESSFULLY BALANCED: SIZE= 20,TIME REQUIRED= 404
Mar 13, 2019 11:20:20 PM Core.AVL balance
INFO: SUCCESSFULLY BALANCED: SIZE= 20,TIME REQUIRED= 437
Mar 13, 2019 11:20:20 PM Core.AVL balance
INFO: SUCCESSFULLY BALANCED: SIZE= 20,TIME REQUIRED= 558
Mar 13, 2019 11:20:20 PM Core.AVL balance
INFO: SUCCESSFULLY BALANCED: SIZE= 20,TIME REQUIRED= 537
Mar 13, 2019 11:20:20 PM Core.AVL balance
INFO: SUCCESSFULLY BALANCED: SIZE= 20,TIME REQUIRED= 521
Mar 13, 2019 11:20:20 PM Core.AVL add
INFO: SUCCESSFULLY INSERTED: SIZE= 21,TIME REQUIRED= 1530480
Mar 13, 2019 11:20:20 PM Core.AVL balance
INFO: SUCCESSFULLY BALANCED: SIZE= 21,TIME REQUIRED= 681
Mar 13, 2019 11:20:20 PM Core.AVL rotateRight
INFO: SUCCESSFULLY ROTATE RIGHT: SIZE= 21,TIME REQUIRED= 589
Mar 13, 2019 11:20:20 PM Core.AVL balance
INFO: SUCCESSFULLY BALANCED: SIZE= 21,TIME REQUIRED= 312631
Mar 13, 2019 11:20:20 PM Core.AVL balance
INFO: SUCCESSFULLY BALANCED: SIZE= 21,TIME REQUIRED= 575
Mar 13, 2019 11:20:20 PM Core.AVL balance
INFO: SUCCESSFULLY BALANCED: SIZE= 21,TIME REQUIRED= 819
Mar 13, 2019 11:20:20 PM Core.AVL add
INFO: SUCCESSFULLY INSERTED: SIZE= 22,TIME REQUIRED= 1664924
Mar 13, 2019 11:20:20 PM Core.AVL balance
INFO: SUCCESSFULLY BALANCED: SIZE= 22,TIME REQUIRED= 423
Mar 13, 2019 11:20:20 PM Core.AVL balance
INFO: SUCCESSFULLY BALANCED: SIZE= 22,TIME REQUIRED= 534
Mar 13, 2019 11:20:20 PM Core.AVL rotateRight
INFO: SUCCESSFULLY ROTATE RIGHT: SIZE= 22,TIME REQUIRED= 644
Mar 13, 2019 11:20:20 PM Core.AVL rotateLeft
INFO: SUCCESSFULLY ROTATE LEFT: SIZE= 22,TIME REQUIRED= 1018
Mar 13, 2019 11:20:20 PM Core.AVL balance
INFO: SUCCESSFULLY BALANCED: SIZE= 22,TIME REQUIRED= 553059
Mar 13, 2019 11:20:20 PM Core.AVL balance
INFO: SUCCESSFULLY BALANCED: SIZE= 22,TIME REQUIRED= 892
Mar 13, 2019 11:20:20 PM Core.AVL balance
INFO: SUCCESSFULLY BALANCED: SIZE= 22,TIME REQUIRED= 664
Mar 13, 2019 11:20:20 PM Core.AVL add
INFO: SUCCESSFULLY INSERTED: SIZE= 23,TIME REQUIRED= 2335975
Mar 13, 2019 11:20:20 PM Core.AVL balance
INFO: SUCCESSFULLY BALANCED: SIZE= 23,TIME REQUIRED= 654
Mar 13, 2019 11:20:20 PM Core.AVL rotateLeft
INFO: SUCCESSFULLY ROTATE LEFT: SIZE= 23,TIME REQUIRED= 2314
Mar 13, 2019 11:20:20 PM Core.AVL rotateRight
INFO: SUCCESSFULLY ROTATE RIGHT: SIZE= 23,TIME REQUIRED= 1423
Mar 13, 2019 11:20:20 PM Core.AVL balance
INFO: SUCCESSFULLY BALANCED: SIZE= 23,TIME REQUIRED= 717783
Mar 13, 2019 11:20:20 PM Core.AVL balance
INFO: SUCCESSFULLY BALANCED: SIZE= 23,TIME REQUIRED= 694
Mar 13, 2019 11:20:20 PM Core.AVL balance
INFO: SUCCESSFULLY BALANCED: SIZE= 23,TIME REQUIRED= 865
Mar 13, 2019 11:20:20 PM Core.AVL balance
INFO: SUCCESSFULLY BALANCED: SIZE= 23,TIME REQUIRED= 751
Mar 13, 2019 11:20:20 PM Core.AVL add
INFO: SUCCESSFULLY INSERTED: SIZE= 24,TIME REQUIRED= 2542800
Mar 13, 2019 11:20:20 PM Core.AVL balance
INFO: SUCCESSFULLY BALANCED: SIZE= 24,TIME REQUIRED= 793
Mar 13, 2019 11:20:20 PM Core.AVL balance
INFO: SUCCESSFULLY BALANCED: SIZE= 24,TIME REQUIRED= 762
Mar 13, 2019 11:20:20 PM Core.AVL balance
INFO: SUCCESSFULLY BALANCED: SIZE= 24,TIME REQUIRED= 715
Mar 13, 2019 11:20:20 PM Core.AVL balance
INFO: SUCCESSFULLY BALANCED: SIZE= 24,TIME REQUIRED= 765
Mar 13, 2019 11:20:20 PM Core.AVL balance
INFO: SUCCESSFULLY BALANCED: SIZE= 24,TIME REQUIRED= 713
Mar 13, 2019 11:20:20 PM Core.AVL add
INFO: SUCCESSFULLY INSERTED: SIZE= 25,TIME REQUIRED= 1971735
Mar 13, 2019 11:20:20 PM Core.AVL balance
INFO: SUCCESSFULLY BALANCED: SIZE= 25,TIME REQUIRED= 705
Mar 13, 2019 11:20:20 PM Core.AVL balance
INFO: SUCCESSFULLY BALANCED: SIZE= 25,TIME REQUIRED= 726
Mar 13, 2019 11:20:20 PM Core.AVL balance
INFO: SUCCESSFULLY BALANCED: SIZE= 25,TIME REQUIRED= 9309
Mar 13, 2019 11:20:20 PM Core.AVL balance
INFO: SUCCESSFULLY BALANCED: SIZE= 25,TIME REQUIRED= 520
Mar 13, 2019 11:20:20 PM Core.AVL balance
INFO: SUCCESSFULLY BALANCED: SIZE= 25,TIME REQUIRED= 514
Mar 13, 2019 11:20:20 PM Core.AVL add
INFO: SUCCESSFULLY INSERTED: SIZE= 26,TIME REQUIRED= 1795634
Mar 13, 2019 11:20:20 PM Core.AVL balance
INFO: SUCCESSFULLY BALANCED: SIZE= 26,TIME REQUIRED= 448
Mar 13, 2019 11:20:20 PM Core.AVL balance
INFO: SUCCESSFULLY BALANCED: SIZE= 26,TIME REQUIRED= 499
Mar 13, 2019 11:20:20 PM Core.AVL balance
INFO: SUCCESSFULLY BALANCED: SIZE= 26,TIME REQUIRED= 507
Mar 13, 2019 11:20:20 PM Core.AVL balance
INFO: SUCCESSFULLY BALANCED: SIZE= 26,TIME REQUIRED= 355
Mar 13, 2019 11:20:20 PM Core.AVL add
INFO: SUCCESSFULLY INSERTED: SIZE= 27,TIME REQUIRED= 1258121
Mar 13, 2019 11:20:20 PM Core.AVL balance
INFO: SUCCESSFULLY BALANCED: SIZE= 27,TIME REQUIRED= 479
Mar 13, 2019 11:20:20 PM Core.AVL balance
INFO: SUCCESSFULLY BALANCED: SIZE= 27,TIME REQUIRED= 328
Mar 13, 2019 11:20:20 PM Core.AVL balance
INFO: SUCCESSFULLY BALANCED: SIZE= 27,TIME REQUIRED= 520
Mar 13, 2019 11:20:20 PM Core.AVL balance
INFO: SUCCESSFULLY BALANCED: SIZE= 27,TIME REQUIRED= 436
Mar 13, 2019 11:20:20 PM Core.AVL balance
INFO: SUCCESSFULLY BALANCED: SIZE= 27,TIME REQUIRED= 365
Mar 13, 2019 11:20:20 PM Core.AVL add
INFO: SUCCESSFULLY INSERTED: SIZE= 28,TIME REQUIRED= 1393495
Mar 13, 2019 11:20:20 PM Core.AVL balance
INFO: SUCCESSFULLY BALANCED: SIZE= 28,TIME REQUIRED= 468
Mar 13, 2019 11:20:20 PM Core.AVL rotateLeft
INFO: SUCCESSFULLY ROTATE LEFT: SIZE= 28,TIME REQUIRED= 748
Mar 13, 2019 11:20:20 PM Core.AVL balance
INFO: SUCCESSFULLY BALANCED: SIZE= 28,TIME REQUIRED= 346229
Mar 13, 2019 11:20:20 PM Core.AVL balance
INFO: SUCCESSFULLY BALANCED: SIZE= 28,TIME REQUIRED= 525
Mar 13, 2019 11:20:20 PM Core.AVL balance
INFO: SUCCESSFULLY BALANCED: SIZE= 28,TIME REQUIRED= 557
Mar 13, 2019 11:20:20 PM Core.AVL balance
INFO: SUCCESSFULLY BALANCED: SIZE= 28,TIME REQUIRED= 507
Mar 13, 2019 11:20:20 PM Core.AVL balance
INFO: SUCCESSFULLY BALANCED: SIZE= 28,TIME REQUIRED= 519
Mar 13, 2019 11:20:20 PM Core.AVL add
INFO: SUCCESSFULLY INSERTED: SIZE= 29,TIME REQUIRED= 2671391
Mar 13, 2019 11:20:20 PM Core.AVL balance
INFO: SUCCESSFULLY BALANCED: SIZE= 29,TIME REQUIRED= 409
Mar 13, 2019 11:20:20 PM Core.AVL balance
INFO: SUCCESSFULLY BALANCED: SIZE= 29,TIME REQUIRED= 551
Mar 13, 2019 11:20:20 PM Core.AVL balance
INFO: SUCCESSFULLY BALANCED: SIZE= 29,TIME REQUIRED= 516
Mar 13, 2019 11:20:20 PM Core.AVL balance
INFO: SUCCESSFULLY BALANCED: SIZE= 29,TIME REQUIRED= 491
Mar 13, 2019 11:20:20 PM Core.AVL balance
INFO: SUCCESSFULLY BALANCED: SIZE= 29,TIME REQUIRED= 438
Mar 13, 2019 11:20:20 PM Core.AVL add
INFO: SUCCESSFULLY INSERTED: SIZE= 30,TIME REQUIRED= 1762227
Mar 13, 2019 11:20:20 PM Core.AVL balance
INFO: SUCCESSFULLY BALANCED: SIZE= 30,TIME REQUIRED= 453
Mar 13, 2019 11:20:20 PM Core.AVL balance
INFO: SUCCESSFULLY BALANCED: SIZE= 30,TIME REQUIRED= 488
Mar 13, 2019 11:20:20 PM Core.AVL balance
INFO: SUCCESSFULLY BALANCED: SIZE= 30,TIME REQUIRED= 459
Mar 13, 2019 11:20:20 PM Core.AVL balance
INFO: SUCCESSFULLY BALANCED: SIZE= 30,TIME REQUIRED= 555
Mar 13, 2019 11:20:20 PM Core.AVL add
INFO: SUCCESSFULLY INSERTED: SIZE= 31,TIME REQUIRED= 1205038
Mar 13, 2019 11:20:20 PM Core.AVL balance
INFO: SUCCESSFULLY BALANCED: SIZE= 31,TIME REQUIRED= 309
Mar 13, 2019 11:20:20 PM Core.AVL balance
INFO: SUCCESSFULLY BALANCED: SIZE= 31,TIME REQUIRED= 462
Mar 13, 2019 11:20:20 PM Core.AVL balance
INFO: SUCCESSFULLY BALANCED: SIZE= 31,TIME REQUIRED= 522
Mar 13, 2019 11:20:20 PM Core.AVL balance
INFO: SUCCESSFULLY BALANCED: SIZE= 31,TIME REQUIRED= 494
Mar 13, 2019 11:20:20 PM Core.AVL add
INFO: SUCCESSFULLY INSERTED: SIZE= 32,TIME REQUIRED= 1288192
Mar 13, 2019 11:20:20 PM Core.AVL balance
INFO: SUCCESSFULLY BALANCED: SIZE= 32,TIME REQUIRED= 315
Mar 13, 2019 11:20:20 PM Core.AVL balance
INFO: SUCCESSFULLY BALANCED: SIZE= 32,TIME REQUIRED= 392
Mar 13, 2019 11:20:20 PM Core.AVL balance
INFO: SUCCESSFULLY BALANCED: SIZE= 32,TIME REQUIRED= 393
Mar 13, 2019 11:20:20 PM Core.AVL balance
INFO: SUCCESSFULLY BALANCED: SIZE= 32,TIME REQUIRED= 1616
Mar 13, 2019 11:20:20 PM Core.AVL add
INFO: SUCCESSFULLY INSERTED: SIZE= 33,TIME REQUIRED= 1080822
Mar 13, 2019 11:20:20 PM Core.AVL balance
INFO: SUCCESSFULLY BALANCED: SIZE= 33,TIME REQUIRED= 292
Mar 13, 2019 11:20:20 PM Core.AVL rotateRight
INFO: SUCCESSFULLY ROTATE RIGHT: SIZE= 33,TIME REQUIRED= 549
Mar 13, 2019 11:20:20 PM Core.AVL rotateLeft
INFO: SUCCESSFULLY ROTATE LEFT: SIZE= 33,TIME REQUIRED= 989
Mar 13, 2019 11:20:20 PM Core.AVL balance
INFO: SUCCESSFULLY BALANCED: SIZE= 33,TIME REQUIRED= 565117
Mar 13, 2019 11:20:20 PM Core.AVL balance
INFO: SUCCESSFULLY BALANCED: SIZE= 33,TIME REQUIRED= 457
Mar 13, 2019 11:20:20 PM Core.AVL balance
INFO: SUCCESSFULLY BALANCED: SIZE= 33,TIME REQUIRED= 389
Mar 13, 2019 11:20:20 PM Core.AVL balance
INFO: SUCCESSFULLY BALANCED: SIZE= 33,TIME REQUIRED= 373
Mar 13, 2019 11:20:20 PM Core.AVL add
INFO: SUCCESSFULLY INSERTED: SIZE= 34,TIME REQUIRED= 2051210
Mar 13, 2019 11:20:20 PM Core.AVL balance
INFO: SUCCESSFULLY BALANCED: SIZE= 34,TIME REQUIRED= 453
Mar 13, 2019 11:20:20 PM Core.AVL rotateRight
INFO: SUCCESSFULLY ROTATE RIGHT: SIZE= 34,TIME REQUIRED= 506
Mar 13, 2019 11:20:20 PM Core.AVL balance
INFO: SUCCESSFULLY BALANCED: SIZE= 34,TIME REQUIRED= 280733
Mar 13, 2019 11:20:20 PM Core.AVL balance
INFO: SUCCESSFULLY BALANCED: SIZE= 34,TIME REQUIRED= 385
Mar 13, 2019 11:20:20 PM Core.AVL balance
INFO: SUCCESSFULLY BALANCED: SIZE= 34,TIME REQUIRED= 380
Mar 13, 2019 11:20:20 PM Core.AVL balance
INFO: SUCCESSFULLY BALANCED: SIZE= 34,TIME REQUIRED= 298
Mar 13, 2019 11:20:20 PM Core.AVL add
INFO: SUCCESSFULLY INSERTED: SIZE= 35,TIME REQUIRED= 1522840
Mar 13, 2019 11:20:20 PM Core.AVL balance
INFO: SUCCESSFULLY BALANCED: SIZE= 35,TIME REQUIRED= 303
Mar 13, 2019 11:20:20 PM Core.AVL balance
INFO: SUCCESSFULLY BALANCED: SIZE= 35,TIME REQUIRED= 387
Mar 13, 2019 11:20:20 PM Core.AVL balance
INFO: SUCCESSFULLY BALANCED: SIZE= 35,TIME REQUIRED= 328
Mar 13, 2019 11:20:20 PM Core.AVL balance
INFO: SUCCESSFULLY BALANCED: SIZE= 35,TIME REQUIRED= 443
Mar 13, 2019 11:20:20 PM Core.AVL balance
INFO: SUCCESSFULLY BALANCED: SIZE= 35,TIME REQUIRED= 366
Mar 13, 2019 11:20:20 PM Core.AVL rotateLeft
INFO: SUCCESSFULLY ROTATE LEFT: SIZE= 35,TIME REQUIRED= 541
Mar 13, 2019 11:20:20 PM Core.AVL rotateRight
INFO: SUCCESSFULLY ROTATE RIGHT: SIZE= 35,TIME REQUIRED= 1397
Mar 13, 2019 11:20:20 PM Core.AVL balance
INFO: SUCCESSFULLY BALANCED: SIZE= 35,TIME REQUIRED= 568235
Mar 13, 2019 11:20:20 PM Core.AVL add
INFO: SUCCESSFULLY INSERTED: SIZE= 36,TIME REQUIRED= 2199429
Mar 13, 2019 11:20:20 PM Core.AVL balance
INFO: SUCCESSFULLY BALANCED: SIZE= 36,TIME REQUIRED= 440
Mar 13, 2019 11:20:20 PM Core.AVL balance
INFO: SUCCESSFULLY BALANCED: SIZE= 36,TIME REQUIRED= 500
Mar 13, 2019 11:20:20 PM Core.AVL balance
INFO: SUCCESSFULLY BALANCED: SIZE= 36,TIME REQUIRED= 358
Mar 13, 2019 11:20:20 PM Core.AVL balance
INFO: SUCCESSFULLY BALANCED: SIZE= 36,TIME REQUIRED= 358
Mar 13, 2019 11:20:20 PM Core.AVL balance
INFO: SUCCESSFULLY BALANCED: SIZE= 36,TIME REQUIRED= 362
Mar 13, 2019 11:20:20 PM Core.AVL balance
INFO: SUCCESSFULLY BALANCED: SIZE= 36,TIME REQUIRED= 406
Mar 13, 2019 11:20:20 PM Core.AVL add
INFO: SUCCESSFULLY INSERTED: SIZE= 37,TIME REQUIRED= 1477543
Mar 13, 2019 11:20:20 PM Core.AVL balance
INFO: SUCCESSFULLY BALANCED: SIZE= 37,TIME REQUIRED= 323
Mar 13, 2019 11:20:20 PM Core.AVL balance
INFO: SUCCESSFULLY BALANCED: SIZE= 37,TIME REQUIRED= 424
Mar 13, 2019 11:20:20 PM Core.AVL balance
INFO: SUCCESSFULLY BALANCED: SIZE= 37,TIME REQUIRED= 415
Mar 13, 2019 11:20:20 PM Core.AVL balance
INFO: SUCCESSFULLY BALANCED: SIZE= 37,TIME REQUIRED= 397
Mar 13, 2019 11:20:20 PM Core.AVL add
INFO: SUCCESSFULLY INSERTED: SIZE= 38,TIME REQUIRED= 965825
Mar 13, 2019 11:20:20 PM Core.AVL balance
INFO: SUCCESSFULLY BALANCED: SIZE= 38,TIME REQUIRED= 387
Mar 13, 2019 11:20:20 PM Core.AVL balance
INFO: SUCCESSFULLY BALANCED: SIZE= 38,TIME REQUIRED= 484
Mar 13, 2019 11:20:20 PM Core.AVL balance
INFO: SUCCESSFULLY BALANCED: SIZE= 38,TIME REQUIRED= 507
Mar 13, 2019 11:20:20 PM Core.AVL balance
INFO: SUCCESSFULLY BALANCED: SIZE= 38,TIME REQUIRED= 501
Mar 13, 2019 11:20:20 PM Core.AVL balance
INFO: SUCCESSFULLY BALANCED: SIZE= 38,TIME REQUIRED= 521
Mar 13, 2019 11:20:20 PM Core.AVL add
INFO: SUCCESSFULLY INSERTED: SIZE= 39,TIME REQUIRED= 1235180
Mar 13, 2019 11:20:20 PM Core.AVL balance
INFO: SUCCESSFULLY BALANCED: SIZE= 39,TIME REQUIRED= 437
Mar 13, 2019 11:20:20 PM Core.AVL rotateLeft
INFO: SUCCESSFULLY ROTATE LEFT: SIZE= 39,TIME REQUIRED= 672
Mar 13, 2019 11:20:20 PM Core.AVL balance
INFO: SUCCESSFULLY BALANCED: SIZE= 39,TIME REQUIRED= 207424
Mar 13, 2019 11:20:20 PM Core.AVL balance
INFO: SUCCESSFULLY BALANCED: SIZE= 39,TIME REQUIRED= 536
Mar 13, 2019 11:20:20 PM Core.AVL balance
INFO: SUCCESSFULLY BALANCED: SIZE= 39,TIME REQUIRED= 557
Mar 13, 2019 11:20:20 PM Core.AVL balance
INFO: SUCCESSFULLY BALANCED: SIZE= 39,TIME REQUIRED= 543
Mar 13, 2019 11:20:20 PM Core.AVL add
INFO: SUCCESSFULLY INSERTED: SIZE= 40,TIME REQUIRED= 1304809
Mar 13, 2019 11:20:20 PM Core.AVL balance
INFO: SUCCESSFULLY BALANCED: SIZE= 40,TIME REQUIRED= 440
Mar 13, 2019 11:20:20 PM Core.AVL balance
INFO: SUCCESSFULLY BALANCED: SIZE= 40,TIME REQUIRED= 401
Mar 13, 2019 11:20:20 PM Core.AVL balance
INFO: SUCCESSFULLY BALANCED: SIZE= 40,TIME REQUIRED= 532
Mar 13, 2019 11:20:20 PM Core.AVL balance
INFO: SUCCESSFULLY BALANCED: SIZE= 40,TIME REQUIRED= 506
Mar 13, 2019 11:20:20 PM Core.AVL add
INFO: SUCCESSFULLY INSERTED: SIZE= 41,TIME REQUIRED= 1030146
Mar 13, 2019 11:20:20 PM Core.AVL balance
INFO: SUCCESSFULLY BALANCED: SIZE= 41,TIME REQUIRED= 410
Mar 13, 2019 11:20:20 PM Core.AVL balance
INFO: SUCCESSFULLY BALANCED: SIZE= 41,TIME REQUIRED= 553
Mar 13, 2019 11:20:20 PM Core.AVL balance
INFO: SUCCESSFULLY BALANCED: SIZE= 41,TIME REQUIRED= 482
Mar 13, 2019 11:20:20 PM Core.AVL balance
INFO: SUCCESSFULLY BALANCED: SIZE= 41,TIME REQUIRED= 389
Mar 13, 2019 11:20:20 PM Core.AVL balance
INFO: SUCCESSFULLY BALANCED: SIZE= 41,TIME REQUIRED= 355
Mar 13, 2019 11:20:20 PM Core.AVL add
INFO: SUCCESSFULLY INSERTED: SIZE= 42,TIME REQUIRED= 1463558
Mar 13, 2019 11:20:20 PM Core.AVL balance
INFO: SUCCESSFULLY BALANCED: SIZE= 42,TIME REQUIRED= 281
Mar 13, 2019 11:20:20 PM Core.AVL balance
INFO: SUCCESSFULLY BALANCED: SIZE= 42,TIME REQUIRED= 387
Mar 13, 2019 11:20:20 PM Core.AVL rotateLeft
INFO: SUCCESSFULLY ROTATE LEFT: SIZE= 42,TIME REQUIRED= 717
Mar 13, 2019 11:20:20 PM Core.AVL rotateRight
INFO: SUCCESSFULLY ROTATE RIGHT: SIZE= 42,TIME REQUIRED= 1013
Mar 13, 2019 11:20:20 PM Core.AVL balance
INFO: SUCCESSFULLY BALANCED: SIZE= 42,TIME REQUIRED= 659327
Mar 13, 2019 11:20:20 PM Core.AVL balance
INFO: SUCCESSFULLY BALANCED: SIZE= 42,TIME REQUIRED= 513
Mar 13, 2019 11:20:20 PM Core.AVL balance
INFO: SUCCESSFULLY BALANCED: SIZE= 42,TIME REQUIRED= 538
Mar 13, 2019 11:20:20 PM Core.AVL balance
INFO: SUCCESSFULLY BALANCED: SIZE= 42,TIME REQUIRED= 534
Mar 13, 2019 11:20:20 PM Core.AVL add
INFO: SUCCESSFULLY INSERTED: SIZE= 43,TIME REQUIRED= 2309899
Mar 13, 2019 11:20:20 PM Core.AVL balance
INFO: SUCCESSFULLY BALANCED: SIZE= 43,TIME REQUIRED= 589
Mar 13, 2019 11:20:20 PM Core.AVL balance
INFO: SUCCESSFULLY BALANCED: SIZE= 43,TIME REQUIRED= 6175
Mar 13, 2019 11:20:20 PM Core.AVL balance
INFO: SUCCESSFULLY BALANCED: SIZE= 43,TIME REQUIRED= 460
Mar 13, 2019 11:20:20 PM Core.AVL balance
INFO: SUCCESSFULLY BALANCED: SIZE= 43,TIME REQUIRED= 487
Mar 13, 2019 11:20:20 PM Core.AVL balance
INFO: SUCCESSFULLY BALANCED: SIZE= 43,TIME REQUIRED= 905
Mar 13, 2019 11:20:20 PM Core.AVL add
INFO: SUCCESSFULLY INSERTED: SIZE= 44,TIME REQUIRED= 4180319
Mar 13, 2019 11:20:20 PM Core.AVL balance
INFO: SUCCESSFULLY BALANCED: SIZE= 44,TIME REQUIRED= 440
Mar 13, 2019 11:20:20 PM Core.AVL balance
INFO: SUCCESSFULLY BALANCED: SIZE= 44,TIME REQUIRED= 423
Mar 13, 2019 11:20:20 PM Core.AVL balance
INFO: SUCCESSFULLY BALANCED: SIZE= 44,TIME REQUIRED= 494
Mar 13, 2019 11:20:20 PM Core.AVL balance
INFO: SUCCESSFULLY BALANCED: SIZE= 44,TIME REQUIRED= 491
Mar 13, 2019 11:20:20 PM Core.AVL rotateRight
INFO: SUCCESSFULLY ROTATE RIGHT: SIZE= 44,TIME REQUIRED= 591
Mar 13, 2019 11:20:20 PM Core.AVL balance
INFO: SUCCESSFULLY BALANCED: SIZE= 44,TIME REQUIRED= 315305
Mar 13, 2019 11:20:20 PM Core.AVL balance
INFO: SUCCESSFULLY BALANCED: SIZE= 44,TIME REQUIRED= 5125
Mar 13, 2019 11:20:20 PM Core.AVL add
INFO: SUCCESSFULLY INSERTED: SIZE= 45,TIME REQUIRED= 2239214
Mar 13, 2019 11:20:20 PM Core.AVL balance
INFO: SUCCESSFULLY BALANCED: SIZE= 45,TIME REQUIRED= 467
Mar 13, 2019 11:20:20 PM Core.AVL balance
INFO: SUCCESSFULLY BALANCED: SIZE= 45,TIME REQUIRED= 356
Mar 13, 2019 11:20:20 PM Core.AVL balance
INFO: SUCCESSFULLY BALANCED: SIZE= 45,TIME REQUIRED= 503
Mar 13, 2019 11:20:20 PM Core.AVL balance
INFO: SUCCESSFULLY BALANCED: SIZE= 45,TIME REQUIRED= 506
Mar 13, 2019 11:20:20 PM Core.AVL balance
INFO: SUCCESSFULLY BALANCED: SIZE= 45,TIME REQUIRED= 452
Mar 13, 2019 11:20:20 PM Core.AVL add
INFO: SUCCESSFULLY INSERTED: SIZE= 46,TIME REQUIRED= 1315462
Mar 13, 2019 11:20:20 PM Core.AVL balance
INFO: SUCCESSFULLY BALANCED: SIZE= 46,TIME REQUIRED= 356
Mar 13, 2019 11:20:20 PM Core.AVL balance
INFO: SUCCESSFULLY BALANCED: SIZE= 46,TIME REQUIRED= 371
Mar 13, 2019 11:20:20 PM Core.AVL balance
INFO: SUCCESSFULLY BALANCED: SIZE= 46,TIME REQUIRED= 345
Mar 13, 2019 11:20:20 PM Core.AVL balance
INFO: SUCCESSFULLY BALANCED: SIZE= 46,TIME REQUIRED= 519
Mar 13, 2019 11:20:20 PM Core.AVL balance
INFO: SUCCESSFULLY BALANCED: SIZE= 46,TIME REQUIRED= 493
Mar 13, 2019 11:20:20 PM Core.AVL balance
INFO: SUCCESSFULLY BALANCED: SIZE= 46,TIME REQUIRED= 525
Mar 13, 2019 11:20:20 PM Core.AVL add
INFO: SUCCESSFULLY INSERTED: SIZE= 47,TIME REQUIRED= 1426533
Mar 13, 2019 11:20:20 PM Core.AVL balance
INFO: SUCCESSFULLY BALANCED: SIZE= 47,TIME REQUIRED= 475
Mar 13, 2019 11:20:20 PM Core.AVL rotateRight
INFO: SUCCESSFULLY ROTATE RIGHT: SIZE= 47,TIME REQUIRED= 654
Mar 13, 2019 11:20:20 PM Core.AVL rotateLeft
INFO: SUCCESSFULLY ROTATE LEFT: SIZE= 47,TIME REQUIRED= 1048
Mar 13, 2019 11:20:20 PM Core.AVL balance
INFO: SUCCESSFULLY BALANCED: SIZE= 47,TIME REQUIRED= 508537
Mar 13, 2019 11:20:20 PM Core.AVL balance
INFO: SUCCESSFULLY BALANCED: SIZE= 47,TIME REQUIRED= 380
Mar 13, 2019 11:20:20 PM Core.AVL balance
INFO: SUCCESSFULLY BALANCED: SIZE= 47,TIME REQUIRED= 591
Mar 13, 2019 11:20:20 PM Core.AVL balance
INFO: SUCCESSFULLY BALANCED: SIZE= 47,TIME REQUIRED= 281
Mar 13, 2019 11:20:20 PM Core.AVL balance
INFO: SUCCESSFULLY BALANCED: SIZE= 47,TIME REQUIRED= 280
Mar 13, 2019 11:20:20 PM Core.AVL add
INFO: SUCCESSFULLY INSERTED: SIZE= 48,TIME REQUIRED= 1811231
Mar 13, 2019 11:20:20 PM Core.AVL balance
INFO: SUCCESSFULLY BALANCED: SIZE= 48,TIME REQUIRED= 329
Mar 13, 2019 11:20:20 PM Core.AVL balance
INFO: SUCCESSFULLY BALANCED: SIZE= 48,TIME REQUIRED= 391
Mar 13, 2019 11:20:20 PM Core.AVL balance
INFO: SUCCESSFULLY BALANCED: SIZE= 48,TIME REQUIRED= 350
Mar 13, 2019 11:20:20 PM Core.AVL rotateLeft
INFO: SUCCESSFULLY ROTATE LEFT: SIZE= 48,TIME REQUIRED= 640
Mar 13, 2019 11:20:20 PM Core.AVL balance
INFO: SUCCESSFULLY BALANCED: SIZE= 48,TIME REQUIRED= 263892
Mar 13, 2019 11:20:20 PM Core.AVL balance
INFO: SUCCESSFULLY BALANCED: SIZE= 48,TIME REQUIRED= 429
Mar 13, 2019 11:20:20 PM Core.AVL balance
INFO: SUCCESSFULLY BALANCED: SIZE= 48,TIME REQUIRED= 315
Mar 13, 2019 11:20:20 PM Core.AVL add
INFO: SUCCESSFULLY INSERTED: SIZE= 49,TIME REQUIRED= 1818386
Mar 13, 2019 11:20:20 PM Core.AVL balance
INFO: SUCCESSFULLY BALANCED: SIZE= 49,TIME REQUIRED= 424
Mar 13, 2019 11:20:20 PM Core.AVL rotateRight
INFO: SUCCESSFULLY ROTATE RIGHT: SIZE= 49,TIME REQUIRED= 892
Mar 13, 2019 11:20:20 PM Core.AVL balance
INFO: SUCCESSFULLY BALANCED: SIZE= 49,TIME REQUIRED= 181172
Mar 13, 2019 11:20:20 PM Core.AVL balance
INFO: SUCCESSFULLY BALANCED: SIZE= 49,TIME REQUIRED= 366
Mar 13, 2019 11:20:20 PM Core.AVL balance
INFO: SUCCESSFULLY BALANCED: SIZE= 49,TIME REQUIRED= 306
Mar 13, 2019 11:20:20 PM Core.AVL balance
INFO: SUCCESSFULLY BALANCED: SIZE= 49,TIME REQUIRED= 342
Mar 13, 2019 11:20:20 PM Core.AVL balance
INFO: SUCCESSFULLY BALANCED: SIZE= 49,TIME REQUIRED= 317
Mar 13, 2019 11:20:20 PM Core.AVL add
INFO: SUCCESSFULLY INSERTED: SIZE= 50,TIME REQUIRED= 1285709
Mar 13, 2019 11:20:20 PM Core.AVL balance
INFO: SUCCESSFULLY BALANCED: SIZE= 50,TIME REQUIRED= 282
Mar 13, 2019 11:20:20 PM Core.AVL rotateRight
INFO: SUCCESSFULLY ROTATE RIGHT: SIZE= 50,TIME REQUIRED= 961
Mar 13, 2019 11:20:20 PM Core.AVL rotateLeft
INFO: SUCCESSFULLY ROTATE LEFT: SIZE= 50,TIME REQUIRED= 889
Mar 13, 2019 11:20:20 PM Core.AVL balance
INFO: SUCCESSFULLY BALANCED: SIZE= 50,TIME REQUIRED= 333034
Mar 13, 2019 11:20:20 PM Core.AVL balance
INFO: SUCCESSFULLY BALANCED: SIZE= 50,TIME REQUIRED= 319
Mar 13, 2019 11:20:20 PM Core.AVL balance
INFO: SUCCESSFULLY BALANCED: SIZE= 50,TIME REQUIRED= 348
Mar 13, 2019 11:20:20 PM Core.AVL balance
INFO: SUCCESSFULLY BALANCED: SIZE= 50,TIME REQUIRED= 319
Mar 13, 2019 11:20:20 PM Core.AVL balance
INFO: SUCCESSFULLY BALANCED: SIZE= 50,TIME REQUIRED= 416
Mar 13, 2019 11:20:20 PM Core.AVL add
INFO: SUCCESSFULLY INSERTED: SIZE= 51,TIME REQUIRED= 1506080
Mar 13, 2019 11:20:20 PM Core.AVL balance
INFO: SUCCESSFULLY BALANCED: SIZE= 51,TIME REQUIRED= 414
Mar 13, 2019 11:20:20 PM Core.AVL rotateRight
INFO: SUCCESSFULLY ROTATE RIGHT: SIZE= 51,TIME REQUIRED= 1198
Mar 13, 2019 11:20:20 PM Core.AVL balance
INFO: SUCCESSFULLY BALANCED: SIZE= 51,TIME REQUIRED= 238844
Mar 13, 2019 11:20:20 PM Core.AVL balance
INFO: SUCCESSFULLY BALANCED: SIZE= 51,TIME REQUIRED= 446
Mar 13, 2019 11:20:20 PM Core.AVL balance
INFO: SUCCESSFULLY BALANCED: SIZE= 51,TIME REQUIRED= 354
Mar 13, 2019 11:20:20 PM Core.AVL balance
INFO: SUCCESSFULLY BALANCED: SIZE= 51,TIME REQUIRED= 320
Mar 13, 2019 11:20:20 PM Core.AVL balance
INFO: SUCCESSFULLY BALANCED: SIZE= 51,TIME REQUIRED= 374
Mar 13, 2019 11:20:20 PM Core.AVL balance
INFO: SUCCESSFULLY BALANCED: SIZE= 51,TIME REQUIRED= 322
Mar 13, 2019 11:20:20 PM Core.AVL add
INFO: SUCCESSFULLY INSERTED: SIZE= 52,TIME REQUIRED= 1932511
Mar 13, 2019 11:20:20 PM Core.AVL balance
INFO: SUCCESSFULLY BALANCED: SIZE= 52,TIME REQUIRED= 331
Mar 13, 2019 11:20:20 PM Core.AVL balance
INFO: SUCCESSFULLY BALANCED: SIZE= 52,TIME REQUIRED= 320
Mar 13, 2019 11:20:20 PM Core.AVL balance
INFO: SUCCESSFULLY BALANCED: SIZE= 52,TIME REQUIRED= 449
Mar 13, 2019 11:20:20 PM Core.AVL balance
INFO: SUCCESSFULLY BALANCED: SIZE= 52,TIME REQUIRED= 391
Mar 13, 2019 11:20:20 PM Core.AVL balance
INFO: SUCCESSFULLY BALANCED: SIZE= 52,TIME REQUIRED= 420
Mar 13, 2019 11:20:20 PM Core.AVL add
INFO: SUCCESSFULLY INSERTED: SIZE= 53,TIME REQUIRED= 1320741
Mar 13, 2019 11:20:20 PM Core.AVL balance
INFO: SUCCESSFULLY BALANCED: SIZE= 53,TIME REQUIRED= 372
Mar 13, 2019 11:20:20 PM Core.AVL balance
INFO: SUCCESSFULLY BALANCED: SIZE= 53,TIME REQUIRED= 470
Mar 13, 2019 11:20:20 PM Core.AVL rotateLeft
INFO: SUCCESSFULLY ROTATE LEFT: SIZE= 53,TIME REQUIRED= 1161
Mar 13, 2019 11:20:20 PM Core.AVL rotateRight
INFO: SUCCESSFULLY ROTATE RIGHT: SIZE= 53,TIME REQUIRED= 1195
Mar 13, 2019 11:20:20 PM Core.AVL balance
INFO: SUCCESSFULLY BALANCED: SIZE= 53,TIME REQUIRED= 527794
Mar 13, 2019 11:20:20 PM Core.AVL balance
INFO: SUCCESSFULLY BALANCED: SIZE= 53,TIME REQUIRED= 358
Mar 13, 2019 11:20:20 PM Core.AVL balance
INFO: SUCCESSFULLY BALANCED: SIZE= 53,TIME REQUIRED= 331
Mar 13, 2019 11:20:20 PM Core.AVL balance
INFO: SUCCESSFULLY BALANCED: SIZE= 53,TIME REQUIRED= 341
Mar 13, 2019 11:20:20 PM Core.AVL add
INFO: SUCCESSFULLY INSERTED: SIZE= 54,TIME REQUIRED= 1847924
Mar 13, 2019 11:20:20 PM Core.AVL balance
INFO: SUCCESSFULLY BALANCED: SIZE= 54,TIME REQUIRED= 285
Mar 13, 2019 11:20:20 PM Core.AVL balance
INFO: SUCCESSFULLY BALANCED: SIZE= 54,TIME REQUIRED= 419
Mar 13, 2019 11:20:20 PM Core.AVL balance
INFO: SUCCESSFULLY BALANCED: SIZE= 54,TIME REQUIRED= 457
Mar 13, 2019 11:20:20 PM Core.AVL balance
INFO: SUCCESSFULLY BALANCED: SIZE= 54,TIME REQUIRED= 403
Mar 13, 2019 11:20:20 PM Core.AVL balance
INFO: SUCCESSFULLY BALANCED: SIZE= 54,TIME REQUIRED= 369
Mar 13, 2019 11:20:20 PM Core.AVL balance
INFO: SUCCESSFULLY BALANCED: SIZE= 54,TIME REQUIRED= 368
Mar 13, 2019 11:20:20 PM Core.AVL add
INFO: SUCCESSFULLY INSERTED: SIZE= 55,TIME REQUIRED= 1392385
Mar 13, 2019 11:20:20 PM Core.AVL balance
INFO: SUCCESSFULLY BALANCED: SIZE= 55,TIME REQUIRED= 315
Mar 13, 2019 11:20:20 PM Core.AVL balance
INFO: SUCCESSFULLY BALANCED: SIZE= 55,TIME REQUIRED= 347
Mar 13, 2019 11:20:20 PM Core.AVL balance
INFO: SUCCESSFULLY BALANCED: SIZE= 55,TIME REQUIRED= 347
Mar 13, 2019 11:20:20 PM Core.AVL balance
INFO: SUCCESSFULLY BALANCED: SIZE= 55,TIME REQUIRED= 316
Mar 13, 2019 11:20:20 PM Core.AVL balance
INFO: SUCCESSFULLY BALANCED: SIZE= 55,TIME REQUIRED= 333
Mar 13, 2019 11:20:20 PM Core.AVL add
INFO: SUCCESSFULLY INSERTED: SIZE= 56,TIME REQUIRED= 1079362
Mar 13, 2019 11:20:20 PM Core.AVL balance
INFO: SUCCESSFULLY BALANCED: SIZE= 56,TIME REQUIRED= 453
Mar 13, 2019 11:20:20 PM Core.AVL balance
INFO: SUCCESSFULLY BALANCED: SIZE= 56,TIME REQUIRED= 475
Mar 13, 2019 11:20:20 PM Core.AVL balance
INFO: SUCCESSFULLY BALANCED: SIZE= 56,TIME REQUIRED= 351
Mar 13, 2019 11:20:20 PM Core.AVL balance
INFO: SUCCESSFULLY BALANCED: SIZE= 56,TIME REQUIRED= 466
Mar 13, 2019 11:20:20 PM Core.AVL balance
INFO: SUCCESSFULLY BALANCED: SIZE= 56,TIME REQUIRED= 324
Mar 13, 2019 11:20:20 PM Core.AVL balance
INFO: SUCCESSFULLY BALANCED: SIZE= 56,TIME REQUIRED= 315
Mar 13, 2019 11:20:20 PM Core.AVL add
INFO: SUCCESSFULLY INSERTED: SIZE= 57,TIME REQUIRED= 1186911
Mar 13, 2019 11:20:20 PM Core.AVL balance
INFO: SUCCESSFULLY BALANCED: SIZE= 57,TIME REQUIRED= 341
Mar 13, 2019 11:20:20 PM Core.AVL balance
INFO: SUCCESSFULLY BALANCED: SIZE= 57,TIME REQUIRED= 387
Mar 13, 2019 11:20:20 PM Core.AVL balance
INFO: SUCCESSFULLY BALANCED: SIZE= 57,TIME REQUIRED= 399
Mar 13, 2019 11:20:20 PM Core.AVL rotateRight
INFO: SUCCESSFULLY ROTATE RIGHT: SIZE= 57,TIME REQUIRED= 1006
Mar 13, 2019 11:20:20 PM Core.AVL rotateLeft
INFO: SUCCESSFULLY ROTATE LEFT: SIZE= 57,TIME REQUIRED= 872
Mar 13, 2019 11:20:20 PM Core.AVL balance
INFO: SUCCESSFULLY BALANCED: SIZE= 57,TIME REQUIRED= 367544
Mar 13, 2019 11:20:20 PM Core.AVL balance
INFO: SUCCESSFULLY BALANCED: SIZE= 57,TIME REQUIRED= 325
Mar 13, 2019 11:20:20 PM Core.AVL balance
INFO: SUCCESSFULLY BALANCED: SIZE= 57,TIME REQUIRED= 345
Mar 13, 2019 11:20:20 PM Core.AVL balance
INFO: SUCCESSFULLY BALANCED: SIZE= 57,TIME REQUIRED= 322
Mar 13, 2019 11:20:20 PM Core.AVL add
INFO: SUCCESSFULLY INSERTED: SIZE= 58,TIME REQUIRED= 1596684
Mar 13, 2019 11:20:20 PM Core.AVL balance
INFO: SUCCESSFULLY BALANCED: SIZE= 58,TIME REQUIRED= 351
Mar 13, 2019 11:20:20 PM Core.AVL rotateRight
INFO: SUCCESSFULLY ROTATE RIGHT: SIZE= 58,TIME REQUIRED= 1244
Mar 13, 2019 11:20:20 PM Core.AVL rotateLeft
INFO: SUCCESSFULLY ROTATE LEFT: SIZE= 58,TIME REQUIRED= 1034
Mar 13, 2019 11:20:20 PM Core.AVL balance
INFO: SUCCESSFULLY BALANCED: SIZE= 58,TIME REQUIRED= 455025
Mar 13, 2019 11:20:20 PM Core.AVL balance
INFO: SUCCESSFULLY BALANCED: SIZE= 58,TIME REQUIRED= 477
Mar 13, 2019 11:20:20 PM Core.AVL balance
INFO: SUCCESSFULLY BALANCED: SIZE= 58,TIME REQUIRED= 450
Mar 13, 2019 11:20:20 PM Core.AVL balance
INFO: SUCCESSFULLY BALANCED: SIZE= 58,TIME REQUIRED= 423
Mar 13, 2019 11:20:20 PM Core.AVL balance
INFO: SUCCESSFULLY BALANCED: SIZE= 58,TIME REQUIRED= 359
Mar 13, 2019 11:20:20 PM Core.AVL add
INFO: SUCCESSFULLY INSERTED: SIZE= 59,TIME REQUIRED= 1743692
Mar 13, 2019 11:20:20 PM Core.AVL balance
INFO: SUCCESSFULLY BALANCED: SIZE= 59,TIME REQUIRED= 344
Mar 13, 2019 11:20:20 PM Core.AVL balance
INFO: SUCCESSFULLY BALANCED: SIZE= 59,TIME REQUIRED= 391
Mar 13, 2019 11:20:20 PM Core.AVL balance
INFO: SUCCESSFULLY BALANCED: SIZE= 59,TIME REQUIRED= 342
Mar 13, 2019 11:20:20 PM Core.AVL balance
INFO: SUCCESSFULLY BALANCED: SIZE= 59,TIME REQUIRED= 437
Mar 13, 2019 11:20:20 PM Core.AVL balance
INFO: SUCCESSFULLY BALANCED: SIZE= 59,TIME REQUIRED= 399
Mar 13, 2019 11:20:20 PM Core.AVL balance
INFO: SUCCESSFULLY BALANCED: SIZE= 59,TIME REQUIRED= 533
Mar 13, 2019 11:20:20 PM Core.AVL add
INFO: SUCCESSFULLY INSERTED: SIZE= 60,TIME REQUIRED= 1262907
Mar 13, 2019 11:20:20 PM Core.AVL balance
INFO: SUCCESSFULLY BALANCED: SIZE= 60,TIME REQUIRED= 385
Mar 13, 2019 11:20:20 PM Core.AVL rotateLeft
INFO: SUCCESSFULLY ROTATE LEFT: SIZE= 60,TIME REQUIRED= 1359
Mar 13, 2019 11:20:20 PM Core.AVL balance
INFO: SUCCESSFULLY BALANCED: SIZE= 60,TIME REQUIRED= 222529
Mar 13, 2019 11:20:20 PM Core.AVL balance
INFO: SUCCESSFULLY BALANCED: SIZE= 60,TIME REQUIRED= 466
Mar 13, 2019 11:20:20 PM Core.AVL balance
INFO: SUCCESSFULLY BALANCED: SIZE= 60,TIME REQUIRED= 370
Mar 13, 2019 11:20:20 PM Core.AVL balance
INFO: SUCCESSFULLY BALANCED: SIZE= 60,TIME REQUIRED= 385
Mar 13, 2019 11:20:20 PM Core.AVL balance
INFO: SUCCESSFULLY BALANCED: SIZE= 60,TIME REQUIRED= 434
Mar 13, 2019 11:20:20 PM Core.AVL balance
INFO: SUCCESSFULLY BALANCED: SIZE= 60,TIME REQUIRED= 436
Mar 13, 2019 11:20:20 PM Core.AVL add
INFO: SUCCESSFULLY INSERTED: SIZE= 61,TIME REQUIRED= 1615884
Mar 13, 2019 11:20:20 PM Core.AVL balance
INFO: SUCCESSFULLY BALANCED: SIZE= 61,TIME REQUIRED= 380
Mar 13, 2019 11:20:20 PM Core.AVL balance
INFO: SUCCESSFULLY BALANCED: SIZE= 61,TIME REQUIRED= 441
Mar 13, 2019 11:20:20 PM Core.AVL balance
INFO: SUCCESSFULLY BALANCED: SIZE= 61,TIME REQUIRED= 462
Mar 13, 2019 11:20:20 PM Core.AVL balance
INFO: SUCCESSFULLY BALANCED: SIZE= 61,TIME REQUIRED= 437
Mar 13, 2019 11:20:20 PM Core.AVL balance
INFO: SUCCESSFULLY BALANCED: SIZE= 61,TIME REQUIRED= 470
Mar 13, 2019 11:20:20 PM Core.AVL balance
INFO: SUCCESSFULLY BALANCED: SIZE= 61,TIME REQUIRED= 372
Mar 13, 2019 11:20:20 PM Core.AVL add
INFO: SUCCESSFULLY INSERTED: SIZE= 62,TIME REQUIRED= 1245687
Mar 13, 2019 11:20:20 PM Core.AVL balance
INFO: SUCCESSFULLY BALANCED: SIZE= 62,TIME REQUIRED= 518
Mar 13, 2019 11:20:20 PM Core.AVL balance
INFO: SUCCESSFULLY BALANCED: SIZE= 62,TIME REQUIRED= 497
Mar 13, 2019 11:20:20 PM Core.AVL balance
INFO: SUCCESSFULLY BALANCED: SIZE= 62,TIME REQUIRED= 442
Mar 13, 2019 11:20:20 PM Core.AVL balance
INFO: SUCCESSFULLY BALANCED: SIZE= 62,TIME REQUIRED= 563
Mar 13, 2019 11:20:20 PM Core.AVL balance
INFO: SUCCESSFULLY BALANCED: SIZE= 62,TIME REQUIRED= 424
Mar 13, 2019 11:20:20 PM Core.AVL add
INFO: SUCCESSFULLY INSERTED: SIZE= 63,TIME REQUIRED= 971965
Mar 13, 2019 11:20:20 PM Core.AVL balance
INFO: SUCCESSFULLY BALANCED: SIZE= 63,TIME REQUIRED= 443
Mar 13, 2019 11:20:20 PM Core.AVL balance
INFO: SUCCESSFULLY BALANCED: SIZE= 63,TIME REQUIRED= 401
Mar 13, 2019 11:20:20 PM Core.AVL balance
INFO: SUCCESSFULLY BALANCED: SIZE= 63,TIME REQUIRED= 456
Mar 13, 2019 11:20:20 PM Core.AVL balance
INFO: SUCCESSFULLY BALANCED: SIZE= 63,TIME REQUIRED= 460
Mar 13, 2019 11:20:20 PM Core.AVL balance
INFO: SUCCESSFULLY BALANCED: SIZE= 63,TIME REQUIRED= 654
Mar 13, 2019 11:20:20 PM Core.AVL balance
INFO: SUCCESSFULLY BALANCED: SIZE= 63,TIME REQUIRED= 527
Mar 13, 2019 11:20:20 PM Core.AVL add
INFO: SUCCESSFULLY INSERTED: SIZE= 64,TIME REQUIRED= 1249275
Mar 13, 2019 11:20:20 PM Core.AVL balance
INFO: SUCCESSFULLY BALANCED: SIZE= 64,TIME REQUIRED= 380
Mar 13, 2019 11:20:20 PM Core.AVL rotateRight
INFO: SUCCESSFULLY ROTATE RIGHT: SIZE= 64,TIME REQUIRED= 1340
Mar 13, 2019 11:20:20 PM Core.AVL balance
INFO: SUCCESSFULLY BALANCED: SIZE= 64,TIME REQUIRED= 179862
Mar 13, 2019 11:20:20 PM Core.AVL balance
INFO: SUCCESSFULLY BALANCED: SIZE= 64,TIME REQUIRED= 553
Mar 13, 2019 11:20:20 PM Core.AVL balance
INFO: SUCCESSFULLY BALANCED: SIZE= 64,TIME REQUIRED= 470
Mar 13, 2019 11:20:20 PM Core.AVL balance
INFO: SUCCESSFULLY BALANCED: SIZE= 64,TIME REQUIRED= 446
Mar 13, 2019 11:20:20 PM Core.AVL balance
INFO: SUCCESSFULLY BALANCED: SIZE= 64,TIME REQUIRED= 467
Mar 13, 2019 11:20:20 PM Core.AVL balance
INFO: SUCCESSFULLY BALANCED: SIZE= 64,TIME REQUIRED= 417
Mar 13, 2019 11:20:20 PM Core.AVL add
INFO: SUCCESSFULLY INSERTED: SIZE= 65,TIME REQUIRED= 1527626
Mar 13, 2019 11:20:20 PM Core.AVL balance
INFO: SUCCESSFULLY BALANCED: SIZE= 65,TIME REQUIRED= 393
Mar 13, 2019 11:20:20 PM Core.AVL balance
INFO: SUCCESSFULLY BALANCED: SIZE= 65,TIME REQUIRED= 477
Mar 13, 2019 11:20:20 PM Core.AVL balance
INFO: SUCCESSFULLY BALANCED: SIZE= 65,TIME REQUIRED= 425
Mar 13, 2019 11:20:20 PM Core.AVL balance
INFO: SUCCESSFULLY BALANCED: SIZE= 65,TIME REQUIRED= 458
Mar 13, 2019 11:20:20 PM Core.AVL balance
INFO: SUCCESSFULLY BALANCED: SIZE= 65,TIME REQUIRED= 409
Mar 13, 2019 11:20:20 PM Core.AVL balance
INFO: SUCCESSFULLY BALANCED: SIZE= 65,TIME REQUIRED= 412
Mar 13, 2019 11:20:20 PM Core.AVL add
INFO: SUCCESSFULLY INSERTED: SIZE= 66,TIME REQUIRED= 1048749
Mar 13, 2019 11:20:20 PM Core.AVL balance
INFO: SUCCESSFULLY BALANCED: SIZE= 66,TIME REQUIRED= 344
Mar 13, 2019 11:20:20 PM Core.AVL rotateRight
INFO: SUCCESSFULLY ROTATE RIGHT: SIZE= 66,TIME REQUIRED= 1326
Mar 13, 2019 11:20:20 PM Core.AVL balance
INFO: SUCCESSFULLY BALANCED: SIZE= 66,TIME REQUIRED= 167746
Mar 13, 2019 11:20:20 PM Core.AVL balance
INFO: SUCCESSFULLY BALANCED: SIZE= 66,TIME REQUIRED= 440
Mar 13, 2019 11:20:20 PM Core.AVL balance
INFO: SUCCESSFULLY BALANCED: SIZE= 66,TIME REQUIRED= 472
Mar 13, 2019 11:20:20 PM Core.AVL balance
INFO: SUCCESSFULLY BALANCED: SIZE= 66,TIME REQUIRED= 396
Mar 13, 2019 11:20:20 PM Core.AVL balance
INFO: SUCCESSFULLY BALANCED: SIZE= 66,TIME REQUIRED= 469
Mar 13, 2019 11:20:20 PM Core.AVL add
INFO: SUCCESSFULLY INSERTED: SIZE= 67,TIME REQUIRED= 1252287
Mar 13, 2019 11:20:20 PM Core.AVL balance
INFO: SUCCESSFULLY BALANCED: SIZE= 67,TIME REQUIRED= 311
Mar 13, 2019 11:20:20 PM Core.AVL rotateLeft
INFO: SUCCESSFULLY ROTATE LEFT: SIZE= 67,TIME REQUIRED= 1066
Mar 13, 2019 11:20:20 PM Core.AVL rotateRight
INFO: SUCCESSFULLY ROTATE RIGHT: SIZE= 67,TIME REQUIRED= 822
Mar 13, 2019 11:20:20 PM Core.AVL balance
INFO: SUCCESSFULLY BALANCED: SIZE= 67,TIME REQUIRED= 393113
Mar 13, 2019 11:20:20 PM Core.AVL balance
INFO: SUCCESSFULLY BALANCED: SIZE= 67,TIME REQUIRED= 412
Mar 13, 2019 11:20:20 PM Core.AVL balance
INFO: SUCCESSFULLY BALANCED: SIZE= 67,TIME REQUIRED= 382
Mar 13, 2019 11:20:20 PM Core.AVL balance
INFO: SUCCESSFULLY BALANCED: SIZE= 67,TIME REQUIRED= 469
Mar 13, 2019 11:20:20 PM Core.AVL balance
INFO: SUCCESSFULLY BALANCED: SIZE= 67,TIME REQUIRED= 476
Mar 13, 2019 11:20:20 PM Core.AVL balance
INFO: SUCCESSFULLY BALANCED: SIZE= 67,TIME REQUIRED= 492
Mar 13, 2019 11:20:20 PM Core.AVL add
INFO: SUCCESSFULLY INSERTED: SIZE= 68,TIME REQUIRED= 1855636
Mar 13, 2019 11:20:20 PM Core.AVL balance
INFO: SUCCESSFULLY BALANCED: SIZE= 68,TIME REQUIRED= 376
Mar 13, 2019 11:20:20 PM Core.AVL balance
INFO: SUCCESSFULLY BALANCED: SIZE= 68,TIME REQUIRED= 462
Mar 13, 2019 11:20:20 PM Core.AVL balance
INFO: SUCCESSFULLY BALANCED: SIZE= 68,TIME REQUIRED= 443
Mar 13, 2019 11:20:20 PM Core.AVL balance
INFO: SUCCESSFULLY BALANCED: SIZE= 68,TIME REQUIRED= 447
Mar 13, 2019 11:20:20 PM Core.AVL balance
INFO: SUCCESSFULLY BALANCED: SIZE= 68,TIME REQUIRED= 521
Mar 13, 2019 11:20:20 PM Core.AVL balance
INFO: SUCCESSFULLY BALANCED: SIZE= 68,TIME REQUIRED= 468
Mar 13, 2019 11:20:20 PM Core.AVL add
INFO: SUCCESSFULLY INSERTED: SIZE= 69,TIME REQUIRED= 1289668
Mar 13, 2019 11:20:20 PM Core.AVL balance
INFO: SUCCESSFULLY BALANCED: SIZE= 69,TIME REQUIRED= 382
Mar 13, 2019 11:20:20 PM Core.AVL balance
INFO: SUCCESSFULLY BALANCED: SIZE= 69,TIME REQUIRED= 436
Mar 13, 2019 11:20:20 PM Core.AVL balance
INFO: SUCCESSFULLY BALANCED: SIZE= 69,TIME REQUIRED= 424
Mar 13, 2019 11:20:20 PM Core.AVL rotateLeft
INFO: SUCCESSFULLY ROTATE LEFT: SIZE= 69,TIME REQUIRED= 1474
Mar 13, 2019 11:20:20 PM Core.AVL rotateRight
INFO: SUCCESSFULLY ROTATE RIGHT: SIZE= 69,TIME REQUIRED= 1043
Mar 13, 2019 11:20:20 PM Core.AVL balance
INFO: SUCCESSFULLY BALANCED: SIZE= 69,TIME REQUIRED= 413540
Mar 13, 2019 11:20:20 PM Core.AVL balance
INFO: SUCCESSFULLY BALANCED: SIZE= 69,TIME REQUIRED= 532
Mar 13, 2019 11:20:20 PM Core.AVL balance
INFO: SUCCESSFULLY BALANCED: SIZE= 69,TIME REQUIRED= 412
Mar 13, 2019 11:20:20 PM Core.AVL balance
INFO: SUCCESSFULLY BALANCED: SIZE= 69,TIME REQUIRED= 416
Mar 13, 2019 11:20:20 PM Core.AVL add
INFO: SUCCESSFULLY INSERTED: SIZE= 70,TIME REQUIRED= 1859790
Mar 13, 2019 11:20:20 PM Core.AVL balance
INFO: SUCCESSFULLY BALANCED: SIZE= 70,TIME REQUIRED= 357
Mar 13, 2019 11:20:20 PM Core.AVL balance
INFO: SUCCESSFULLY BALANCED: SIZE= 70,TIME REQUIRED= 428
Mar 13, 2019 11:20:20 PM Core.AVL balance
INFO: SUCCESSFULLY BALANCED: SIZE= 70,TIME REQUIRED= 464
Mar 13, 2019 11:20:20 PM Core.AVL balance
INFO: SUCCESSFULLY BALANCED: SIZE= 70,TIME REQUIRED= 415
Mar 13, 2019 11:20:20 PM Core.AVL balance
INFO: SUCCESSFULLY BALANCED: SIZE= 70,TIME REQUIRED= 405
Mar 13, 2019 11:20:20 PM Core.AVL balance
INFO: SUCCESSFULLY BALANCED: SIZE= 70,TIME REQUIRED= 458
Mar 13, 2019 11:20:20 PM Core.AVL add
INFO: SUCCESSFULLY INSERTED: SIZE= 71,TIME REQUIRED= 1181776
Mar 13, 2019 11:20:20 PM Core.AVL balance
INFO: SUCCESSFULLY BALANCED: SIZE= 71,TIME REQUIRED= 316
Mar 13, 2019 11:20:20 PM Core.AVL rotateRight
INFO: SUCCESSFULLY ROTATE RIGHT: SIZE= 71,TIME REQUIRED= 1312
Mar 13, 2019 11:20:20 PM Core.AVL rotateLeft
INFO: SUCCESSFULLY ROTATE LEFT: SIZE= 71,TIME REQUIRED= 3333
Mar 13, 2019 11:20:20 PM Core.AVL balance
INFO: SUCCESSFULLY BALANCED: SIZE= 71,TIME REQUIRED= 491346
Mar 13, 2019 11:20:20 PM Core.AVL balance
INFO: SUCCESSFULLY BALANCED: SIZE= 71,TIME REQUIRED= 538
Mar 13, 2019 11:20:20 PM Core.AVL balance
INFO: SUCCESSFULLY BALANCED: SIZE= 71,TIME REQUIRED= 491
Mar 13, 2019 11:20:20 PM Core.AVL balance
INFO: SUCCESSFULLY BALANCED: SIZE= 71,TIME REQUIRED= 443
Mar 13, 2019 11:20:20 PM Core.AVL balance
INFO: SUCCESSFULLY BALANCED: SIZE= 71,TIME REQUIRED= 457
Mar 13, 2019 11:20:20 PM Core.AVL balance
INFO: SUCCESSFULLY BALANCED: SIZE= 71,TIME REQUIRED= 446
Mar 13, 2019 11:20:20 PM Core.AVL add
INFO: SUCCESSFULLY INSERTED: SIZE= 72,TIME REQUIRED= 2158464
Mar 13, 2019 11:20:20 PM Core.AVL balance
INFO: SUCCESSFULLY BALANCED: SIZE= 72,TIME REQUIRED= 403
Mar 13, 2019 11:20:20 PM Core.AVL balance
INFO: SUCCESSFULLY BALANCED: SIZE= 72,TIME REQUIRED= 505
Mar 13, 2019 11:20:20 PM Core.AVL balance
INFO: SUCCESSFULLY BALANCED: SIZE= 72,TIME REQUIRED= 440
Mar 13, 2019 11:20:20 PM Core.AVL balance
INFO: SUCCESSFULLY BALANCED: SIZE= 72,TIME REQUIRED= 510
Mar 13, 2019 11:20:20 PM Core.AVL balance
INFO: SUCCESSFULLY BALANCED: SIZE= 72,TIME REQUIRED= 440
Mar 13, 2019 11:20:20 PM Core.AVL add
INFO: SUCCESSFULLY INSERTED: SIZE= 73,TIME REQUIRED= 1114420
Mar 13, 2019 11:20:20 PM Core.AVL balance
INFO: SUCCESSFULLY BALANCED: SIZE= 73,TIME REQUIRED= 425
Mar 13, 2019 11:20:20 PM Core.AVL rotateRight
INFO: SUCCESSFULLY ROTATE RIGHT: SIZE= 73,TIME REQUIRED= 1383
Mar 13, 2019 11:20:20 PM Core.AVL rotateLeft
INFO: SUCCESSFULLY ROTATE LEFT: SIZE= 73,TIME REQUIRED= 1247
Mar 13, 2019 11:20:20 PM Core.AVL balance
INFO: SUCCESSFULLY BALANCED: SIZE= 73,TIME REQUIRED= 447387
Mar 13, 2019 11:20:20 PM Core.AVL balance
INFO: SUCCESSFULLY BALANCED: SIZE= 73,TIME REQUIRED= 439
Mar 13, 2019 11:20:20 PM Core.AVL balance
INFO: SUCCESSFULLY BALANCED: SIZE= 73,TIME REQUIRED= 450
Mar 13, 2019 11:20:20 PM Core.AVL balance
INFO: SUCCESSFULLY BALANCED: SIZE= 73,TIME REQUIRED= 432
Mar 13, 2019 11:20:20 PM Core.AVL balance
INFO: SUCCESSFULLY BALANCED: SIZE= 73,TIME REQUIRED= 535
Mar 13, 2019 11:20:20 PM Core.AVL add
INFO: SUCCESSFULLY INSERTED: SIZE= 74,TIME REQUIRED= 1671888
Mar 13, 2019 11:20:20 PM Core.AVL balance
INFO: SUCCESSFULLY BALANCED: SIZE= 74,TIME REQUIRED= 379
Mar 13, 2019 11:20:20 PM Core.AVL balance
INFO: SUCCESSFULLY BALANCED: SIZE= 74,TIME REQUIRED= 509
Mar 13, 2019 11:20:20 PM Core.AVL balance
INFO: SUCCESSFULLY BALANCED: SIZE= 74,TIME REQUIRED= 467
Mar 13, 2019 11:20:20 PM Core.AVL balance
INFO: SUCCESSFULLY BALANCED: SIZE= 74,TIME REQUIRED= 419
Mar 13, 2019 11:20:20 PM Core.AVL balance
INFO: SUCCESSFULLY BALANCED: SIZE= 74,TIME REQUIRED= 445
Mar 13, 2019 11:20:20 PM Core.AVL balance
INFO: SUCCESSFULLY BALANCED: SIZE= 74,TIME REQUIRED= 374
Mar 13, 2019 11:20:20 PM Core.AVL add
INFO: SUCCESSFULLY INSERTED: SIZE= 75,TIME REQUIRED= 1133701
Mar 13, 2019 11:20:20 PM Core.AVL balance
INFO: SUCCESSFULLY BALANCED: SIZE= 75,TIME REQUIRED= 388
Mar 13, 2019 11:20:20 PM Core.AVL balance
INFO: SUCCESSFULLY BALANCED: SIZE= 75,TIME REQUIRED= 551
Mar 13, 2019 11:20:20 PM Core.AVL balance
INFO: SUCCESSFULLY BALANCED: SIZE= 75,TIME REQUIRED= 409
Mar 13, 2019 11:20:20 PM Core.AVL balance
INFO: SUCCESSFULLY BALANCED: SIZE= 75,TIME REQUIRED= 463
Mar 13, 2019 11:20:20 PM Core.AVL balance
INFO: SUCCESSFULLY BALANCED: SIZE= 75,TIME REQUIRED= 330
Mar 13, 2019 11:20:20 PM Core.AVL balance
INFO: SUCCESSFULLY BALANCED: SIZE= 75,TIME REQUIRED= 376
Mar 13, 2019 11:20:20 PM Core.AVL balance
INFO: SUCCESSFULLY BALANCED: SIZE= 75,TIME REQUIRED= 372
Mar 13, 2019 11:20:20 PM Core.AVL add
INFO: SUCCESSFULLY INSERTED: SIZE= 76,TIME REQUIRED= 1349378
Mar 13, 2019 11:20:20 PM Core.AVL balance
INFO: SUCCESSFULLY BALANCED: SIZE= 76,TIME REQUIRED= 399
Mar 13, 2019 11:20:20 PM Core.AVL balance
INFO: SUCCESSFULLY BALANCED: SIZE= 76,TIME REQUIRED= 561
Mar 13, 2019 11:20:20 PM Core.AVL balance
INFO: SUCCESSFULLY BALANCED: SIZE= 76,TIME REQUIRED= 461
Mar 13, 2019 11:20:20 PM Core.AVL balance
INFO: SUCCESSFULLY BALANCED: SIZE= 76,TIME REQUIRED= 475
Mar 13, 2019 11:20:20 PM Core.AVL balance
INFO: SUCCESSFULLY BALANCED: SIZE= 76,TIME REQUIRED= 580
Mar 13, 2019 11:20:20 PM Core.AVL balance
INFO: SUCCESSFULLY BALANCED: SIZE= 76,TIME REQUIRED= 472
Mar 13, 2019 11:20:20 PM Core.AVL add
INFO: SUCCESSFULLY INSERTED: SIZE= 77,TIME REQUIRED= 1373010
Mar 13, 2019 11:20:20 PM Core.AVL balance
INFO: SUCCESSFULLY BALANCED: SIZE= 77,TIME REQUIRED= 482
Mar 13, 2019 11:20:20 PM Core.AVL balance
INFO: SUCCESSFULLY BALANCED: SIZE= 77,TIME REQUIRED= 459
Mar 13, 2019 11:20:20 PM Core.AVL balance
INFO: SUCCESSFULLY BALANCED: SIZE= 77,TIME REQUIRED= 473
Mar 13, 2019 11:20:20 PM Core.AVL balance
INFO: SUCCESSFULLY BALANCED: SIZE= 77,TIME REQUIRED= 418
Mar 13, 2019 11:20:20 PM Core.AVL balance
INFO: SUCCESSFULLY BALANCED: SIZE= 77,TIME REQUIRED= 401
Mar 13, 2019 11:20:20 PM Core.AVL balance
INFO: SUCCESSFULLY BALANCED: SIZE= 77,TIME REQUIRED= 343
Mar 13, 2019 11:20:20 PM Core.AVL add
INFO: SUCCESSFULLY INSERTED: SIZE= 78,TIME REQUIRED= 1155872
Mar 13, 2019 11:20:20 PM Core.AVL balance
INFO: SUCCESSFULLY BALANCED: SIZE= 78,TIME REQUIRED= 349
Mar 13, 2019 11:20:20 PM Core.AVL rotateRight
INFO: SUCCESSFULLY ROTATE RIGHT: SIZE= 78,TIME REQUIRED= 1548
Mar 13, 2019 11:20:20 PM Core.AVL balance
INFO: SUCCESSFULLY BALANCED: SIZE= 78,TIME REQUIRED= 192284
Mar 13, 2019 11:20:20 PM Core.AVL balance
INFO: SUCCESSFULLY BALANCED: SIZE= 78,TIME REQUIRED= 440
Mar 13, 2019 11:20:20 PM Core.AVL balance
INFO: SUCCESSFULLY BALANCED: SIZE= 78,TIME REQUIRED= 441
Mar 13, 2019 11:20:20 PM Core.AVL balance
INFO: SUCCESSFULLY BALANCED: SIZE= 78,TIME REQUIRED= 384
Mar 13, 2019 11:20:20 PM Core.AVL balance
INFO: SUCCESSFULLY BALANCED: SIZE= 78,TIME REQUIRED= 334
Mar 13, 2019 11:20:20 PM Core.AVL add
INFO: SUCCESSFULLY INSERTED: SIZE= 79,TIME REQUIRED= 1182735
Mar 13, 2019 11:20:20 PM Core.AVL balance
INFO: SUCCESSFULLY BALANCED: SIZE= 79,TIME REQUIRED= 283
Mar 13, 2019 11:20:20 PM Core.AVL balance
INFO: SUCCESSFULLY BALANCED: SIZE= 79,TIME REQUIRED= 326
Mar 13, 2019 11:20:20 PM Core.AVL balance
INFO: SUCCESSFULLY BALANCED: SIZE= 79,TIME REQUIRED= 313
Mar 13, 2019 11:20:20 PM Core.AVL balance
INFO: SUCCESSFULLY BALANCED: SIZE= 79,TIME REQUIRED= 281
Mar 13, 2019 11:20:20 PM Core.AVL balance
INFO: SUCCESSFULLY BALANCED: SIZE= 79,TIME REQUIRED= 326
Mar 13, 2019 11:20:20 PM Core.AVL balance
INFO: SUCCESSFULLY BALANCED: SIZE= 79,TIME REQUIRED= 286
Mar 13, 2019 11:20:20 PM Core.AVL add
INFO: SUCCESSFULLY INSERTED: SIZE= 80,TIME REQUIRED= 746310
Mar 13, 2019 11:20:20 PM Core.AVL balance
INFO: SUCCESSFULLY BALANCED: SIZE= 80,TIME REQUIRED= 239
Mar 13, 2019 11:20:20 PM Core.AVL balance
INFO: SUCCESSFULLY BALANCED: SIZE= 80,TIME REQUIRED= 307
Mar 13, 2019 11:20:20 PM Core.AVL balance
INFO: SUCCESSFULLY BALANCED: SIZE= 80,TIME REQUIRED= 279
Mar 13, 2019 11:20:20 PM Core.AVL balance
INFO: SUCCESSFULLY BALANCED: SIZE= 80,TIME REQUIRED= 365
Mar 13, 2019 11:20:20 PM Core.AVL balance
INFO: SUCCESSFULLY BALANCED: SIZE= 80,TIME REQUIRED= 333
Mar 13, 2019 11:20:20 PM Core.AVL balance
INFO: SUCCESSFULLY BALANCED: SIZE= 80,TIME REQUIRED= 319
Mar 13, 2019 11:20:20 PM Core.AVL add
INFO: SUCCESSFULLY INSERTED: SIZE= 81,TIME REQUIRED= 709777
Mar 13, 2019 11:20:20 PM Core.AVL balance
INFO: SUCCESSFULLY BALANCED: SIZE= 81,TIME REQUIRED= 271
Mar 13, 2019 11:20:20 PM Core.AVL rotateLeft
INFO: SUCCESSFULLY ROTATE LEFT: SIZE= 81,TIME REQUIRED= 1165
Mar 13, 2019 11:20:20 PM Core.AVL balance
INFO: SUCCESSFULLY BALANCED: SIZE= 81,TIME REQUIRED= 152742
Mar 13, 2019 11:20:20 PM Core.AVL balance
INFO: SUCCESSFULLY BALANCED: SIZE= 81,TIME REQUIRED= 387
Mar 13, 2019 11:20:20 PM Core.AVL balance
INFO: SUCCESSFULLY BALANCED: SIZE= 81,TIME REQUIRED= 376
Mar 13, 2019 11:20:20 PM Core.AVL balance
INFO: SUCCESSFULLY BALANCED: SIZE= 81,TIME REQUIRED= 323
Mar 13, 2019 11:20:20 PM Core.AVL balance
INFO: SUCCESSFULLY BALANCED: SIZE= 81,TIME REQUIRED= 373
Mar 13, 2019 11:20:20 PM Core.AVL balance
INFO: SUCCESSFULLY BALANCED: SIZE= 81,TIME REQUIRED= 311
Mar 13, 2019 11:20:20 PM Core.AVL add
INFO: SUCCESSFULLY INSERTED: SIZE= 82,TIME REQUIRED= 1123306
Mar 13, 2019 11:20:20 PM Core.AVL balance
INFO: SUCCESSFULLY BALANCED: SIZE= 82,TIME REQUIRED= 291
Mar 13, 2019 11:20:20 PM Core.AVL rotateRight
INFO: SUCCESSFULLY ROTATE RIGHT: SIZE= 82,TIME REQUIRED= 1136
Mar 13, 2019 11:20:20 PM Core.AVL balance
INFO: SUCCESSFULLY BALANCED: SIZE= 82,TIME REQUIRED= 137971
Mar 13, 2019 11:20:20 PM Core.AVL balance
INFO: SUCCESSFULLY BALANCED: SIZE= 82,TIME REQUIRED= 447
Mar 13, 2019 11:20:20 PM Core.AVL balance
INFO: SUCCESSFULLY BALANCED: SIZE= 82,TIME REQUIRED= 482
Mar 13, 2019 11:20:20 PM Core.AVL balance
INFO: SUCCESSFULLY BALANCED: SIZE= 82,TIME REQUIRED= 361
Mar 13, 2019 11:20:20 PM Core.AVL balance
INFO: SUCCESSFULLY BALANCED: SIZE= 82,TIME REQUIRED= 305
Mar 13, 2019 11:20:20 PM Core.AVL balance
INFO: SUCCESSFULLY BALANCED: SIZE= 82,TIME REQUIRED= 292
Mar 13, 2019 11:20:20 PM Core.AVL add
INFO: SUCCESSFULLY INSERTED: SIZE= 83,TIME REQUIRED= 1118116
Mar 13, 2019 11:20:20 PM Core.AVL balance
INFO: SUCCESSFULLY BALANCED: SIZE= 83,TIME REQUIRED= 266
Mar 13, 2019 11:20:20 PM Core.AVL balance
INFO: SUCCESSFULLY BALANCED: SIZE= 83,TIME REQUIRED= 309
Mar 13, 2019 11:20:20 PM Core.AVL balance
INFO: SUCCESSFULLY BALANCED: SIZE= 83,TIME REQUIRED= 368
Mar 13, 2019 11:20:20 PM Core.AVL balance
INFO: SUCCESSFULLY BALANCED: SIZE= 83,TIME REQUIRED= 363
Mar 13, 2019 11:20:20 PM Core.AVL balance
INFO: SUCCESSFULLY BALANCED: SIZE= 83,TIME REQUIRED= 285
Mar 13, 2019 11:20:20 PM Core.AVL balance
INFO: SUCCESSFULLY BALANCED: SIZE= 83,TIME REQUIRED= 362
Mar 13, 2019 11:20:20 PM Core.AVL add
INFO: SUCCESSFULLY INSERTED: SIZE= 84,TIME REQUIRED= 856731
Mar 13, 2019 11:20:20 PM Core.AVL balance
INFO: SUCCESSFULLY BALANCED: SIZE= 84,TIME REQUIRED= 329
Mar 13, 2019 11:20:20 PM Core.AVL rotateRight
INFO: SUCCESSFULLY ROTATE RIGHT: SIZE= 84,TIME REQUIRED= 1215
Mar 13, 2019 11:20:20 PM Core.AVL balance
INFO: SUCCESSFULLY BALANCED: SIZE= 84,TIME REQUIRED= 136568
Mar 13, 2019 11:20:20 PM Core.AVL balance
INFO: SUCCESSFULLY BALANCED: SIZE= 84,TIME REQUIRED= 343
Mar 13, 2019 11:20:20 PM Core.AVL balance
INFO: SUCCESSFULLY BALANCED: SIZE= 84,TIME REQUIRED= 297
Mar 13, 2019 11:20:20 PM Core.AVL balance
INFO: SUCCESSFULLY BALANCED: SIZE= 84,TIME REQUIRED= 365
Mar 13, 2019 11:20:20 PM Core.AVL balance
INFO: SUCCESSFULLY BALANCED: SIZE= 84,TIME REQUIRED= 309
Mar 13, 2019 11:20:20 PM Core.AVL balance
INFO: SUCCESSFULLY BALANCED: SIZE= 84,TIME REQUIRED= 349
Mar 13, 2019 11:20:20 PM Core.AVL add
INFO: SUCCESSFULLY INSERTED: SIZE= 85,TIME REQUIRED= 1089664
Mar 13, 2019 11:20:20 PM Core.AVL balance
INFO: SUCCESSFULLY BALANCED: SIZE= 85,TIME REQUIRED= 294
Mar 13, 2019 11:20:20 PM Core.AVL rotateRight
INFO: SUCCESSFULLY ROTATE RIGHT: SIZE= 85,TIME REQUIRED= 1134
Mar 13, 2019 11:20:20 PM Core.AVL rotateLeft
INFO: SUCCESSFULLY ROTATE LEFT: SIZE= 85,TIME REQUIRED= 912
Mar 13, 2019 11:20:20 PM Core.AVL balance
INFO: SUCCESSFULLY BALANCED: SIZE= 85,TIME REQUIRED= 276010
Mar 13, 2019 11:20:20 PM Core.AVL balance
INFO: SUCCESSFULLY BALANCED: SIZE= 85,TIME REQUIRED= 374
Mar 13, 2019 11:20:20 PM Core.AVL balance
INFO: SUCCESSFULLY BALANCED: SIZE= 85,TIME REQUIRED= 358
Mar 13, 2019 11:20:20 PM Core.AVL balance
INFO: SUCCESSFULLY BALANCED: SIZE= 85,TIME REQUIRED= 303
Mar 13, 2019 11:20:20 PM Core.AVL balance
INFO: SUCCESSFULLY BALANCED: SIZE= 85,TIME REQUIRED= 317
Mar 13, 2019 11:20:20 PM Core.AVL balance
INFO: SUCCESSFULLY BALANCED: SIZE= 85,TIME REQUIRED= 273
Mar 13, 2019 11:20:20 PM Core.AVL balance
INFO: SUCCESSFULLY BALANCED: SIZE= 85,TIME REQUIRED= 350
Mar 13, 2019 11:20:20 PM Core.AVL add
INFO: SUCCESSFULLY INSERTED: SIZE= 86,TIME REQUIRED= 1350955
Mar 13, 2019 11:20:20 PM Core.AVL balance
INFO: SUCCESSFULLY BALANCED: SIZE= 86,TIME REQUIRED= 273
Mar 13, 2019 11:20:20 PM Core.AVL rotateRight
INFO: SUCCESSFULLY ROTATE RIGHT: SIZE= 86,TIME REQUIRED= 1239
Mar 13, 2019 11:20:20 PM Core.AVL rotateLeft
INFO: SUCCESSFULLY ROTATE LEFT: SIZE= 86,TIME REQUIRED= 956
Mar 13, 2019 11:20:20 PM Core.AVL balance
INFO: SUCCESSFULLY BALANCED: SIZE= 86,TIME REQUIRED= 294589
Mar 13, 2019 11:20:20 PM Core.AVL balance
INFO: SUCCESSFULLY BALANCED: SIZE= 86,TIME REQUIRED= 376
Mar 13, 2019 11:20:20 PM Core.AVL balance
INFO: SUCCESSFULLY BALANCED: SIZE= 86,TIME REQUIRED= 335
Mar 13, 2019 11:20:20 PM Core.AVL balance
INFO: SUCCESSFULLY BALANCED: SIZE= 86,TIME REQUIRED= 376
Mar 13, 2019 11:20:20 PM Core.AVL balance
INFO: SUCCESSFULLY BALANCED: SIZE= 86,TIME REQUIRED= 307
Mar 13, 2019 11:20:20 PM Core.AVL add
INFO: SUCCESSFULLY INSERTED: SIZE= 87,TIME REQUIRED= 1172651
Mar 13, 2019 11:20:20 PM Core.AVL balance
INFO: SUCCESSFULLY BALANCED: SIZE= 87,TIME REQUIRED= 362
Mar 13, 2019 11:20:20 PM Core.AVL rotateRight
INFO: SUCCESSFULLY ROTATE RIGHT: SIZE= 87,TIME REQUIRED= 1297
Mar 13, 2019 11:20:20 PM Core.AVL balance
INFO: SUCCESSFULLY BALANCED: SIZE= 87,TIME REQUIRED= 199832
Mar 13, 2019 11:20:20 PM Core.AVL balance
INFO: SUCCESSFULLY BALANCED: SIZE= 87,TIME REQUIRED= 464
Mar 13, 2019 11:20:20 PM Core.AVL balance
INFO: SUCCESSFULLY BALANCED: SIZE= 87,TIME REQUIRED= 365
Mar 13, 2019 11:20:20 PM Core.AVL balance
INFO: SUCCESSFULLY BALANCED: SIZE= 87,TIME REQUIRED= 305
Mar 13, 2019 11:20:20 PM Core.AVL balance
INFO: SUCCESSFULLY BALANCED: SIZE= 87,TIME REQUIRED= 277
Mar 13, 2019 11:20:20 PM Core.AVL balance
INFO: SUCCESSFULLY BALANCED: SIZE= 87,TIME REQUIRED= 288
Mar 13, 2019 11:20:20 PM Core.AVL add
INFO: SUCCESSFULLY INSERTED: SIZE= 88,TIME REQUIRED= 1155012
Mar 13, 2019 11:20:20 PM Core.AVL balance
INFO: SUCCESSFULLY BALANCED: SIZE= 88,TIME REQUIRED= 286
Mar 13, 2019 11:20:20 PM Core.AVL balance
INFO: SUCCESSFULLY BALANCED: SIZE= 88,TIME REQUIRED= 354
Mar 13, 2019 11:20:20 PM Core.AVL balance
INFO: SUCCESSFULLY BALANCED: SIZE= 88,TIME REQUIRED= 407
Mar 13, 2019 11:20:20 PM Core.AVL balance
INFO: SUCCESSFULLY BALANCED: SIZE= 88,TIME REQUIRED= 412
Mar 13, 2019 11:20:20 PM Core.AVL balance
INFO: SUCCESSFULLY BALANCED: SIZE= 88,TIME REQUIRED= 402
Mar 13, 2019 11:20:20 PM Core.AVL balance
INFO: SUCCESSFULLY BALANCED: SIZE= 88,TIME REQUIRED= 372
Mar 13, 2019 11:20:20 PM Core.AVL add
INFO: SUCCESSFULLY INSERTED: SIZE= 89,TIME REQUIRED= 894764
Mar 13, 2019 11:20:20 PM Core.AVL balance
INFO: SUCCESSFULLY BALANCED: SIZE= 89,TIME REQUIRED= 415
Mar 13, 2019 11:20:20 PM Core.AVL balance
INFO: SUCCESSFULLY BALANCED: SIZE= 89,TIME REQUIRED= 379
Mar 13, 2019 11:20:20 PM Core.AVL balance
INFO: SUCCESSFULLY BALANCED: SIZE= 89,TIME REQUIRED= 355
Mar 13, 2019 11:20:20 PM Core.AVL balance
INFO: SUCCESSFULLY BALANCED: SIZE= 89,TIME REQUIRED= 357
Mar 13, 2019 11:20:20 PM Core.AVL rotateLeft
INFO: SUCCESSFULLY ROTATE LEFT: SIZE= 89,TIME REQUIRED= 1623
Mar 13, 2019 11:20:20 PM Core.AVL rotateRight
INFO: SUCCESSFULLY ROTATE RIGHT: SIZE= 89,TIME REQUIRED= 1082
Mar 13, 2019 11:20:20 PM Core.AVL balance
INFO: SUCCESSFULLY BALANCED: SIZE= 89,TIME REQUIRED= 353452
Mar 13, 2019 11:20:20 PM Core.AVL balance
INFO: SUCCESSFULLY BALANCED: SIZE= 89,TIME REQUIRED= 466
Mar 13, 2019 11:20:20 PM Core.AVL balance
INFO: SUCCESSFULLY BALANCED: SIZE= 89,TIME REQUIRED= 379
Mar 13, 2019 11:20:20 PM Core.AVL add
INFO: SUCCESSFULLY INSERTED: SIZE= 90,TIME REQUIRED= 1576772
Mar 13, 2019 11:20:20 PM Core.AVL balance
INFO: SUCCESSFULLY BALANCED: SIZE= 90,TIME REQUIRED= 399
Mar 13, 2019 11:20:20 PM Core.AVL balance
INFO: SUCCESSFULLY BALANCED: SIZE= 90,TIME REQUIRED= 418
Mar 13, 2019 11:20:20 PM Core.AVL balance
INFO: SUCCESSFULLY BALANCED: SIZE= 90,TIME REQUIRED= 85
Mar 13, 2019 11:20:20 PM Core.AVL balance
INFO: SUCCESSFULLY BALANCED: SIZE= 90,TIME REQUIRED= 69
Mar 13, 2019 11:20:20 PM Core.AVL balance
INFO: SUCCESSFULLY BALANCED: SIZE= 90,TIME REQUIRED= 54
Mar 13, 2019 11:20:20 PM Core.AVL balance
INFO: SUCCESSFULLY BALANCED: SIZE= 90,TIME REQUIRED= 56
Mar 13, 2019 11:20:20 PM Core.AVL add
INFO: SUCCESSFULLY INSERTED: SIZE= 91,TIME REQUIRED= 997182
Mar 13, 2019 11:20:20 PM Core.AVL balance
INFO: SUCCESSFULLY BALANCED: SIZE= 91,TIME REQUIRED= 66
Mar 13, 2019 11:20:20 PM Core.AVL balance
INFO: SUCCESSFULLY BALANCED: SIZE= 91,TIME REQUIRED= 63
Mar 13, 2019 11:20:20 PM Core.AVL balance
INFO: SUCCESSFULLY BALANCED: SIZE= 91,TIME REQUIRED= 52
Mar 13, 2019 11:20:20 PM Core.AVL balance
INFO: SUCCESSFULLY BALANCED: SIZE= 91,TIME REQUIRED= 88
Mar 13, 2019 11:20:20 PM Core.AVL balance
INFO: SUCCESSFULLY BALANCED: SIZE= 91,TIME REQUIRED= 69
Mar 13, 2019 11:20:20 PM Core.AVL balance
INFO: SUCCESSFULLY BALANCED: SIZE= 91,TIME REQUIRED= 71
Mar 13, 2019 11:20:20 PM Core.AVL add
INFO: SUCCESSFULLY INSERTED: SIZE= 92,TIME REQUIRED= 1051074
Mar 13, 2019 11:20:20 PM Core.AVL balance
INFO: SUCCESSFULLY BALANCED: SIZE= 92,TIME REQUIRED= 74
Mar 13, 2019 11:20:20 PM Core.AVL rotateRight
INFO: SUCCESSFULLY ROTATE RIGHT: SIZE= 92,TIME REQUIRED= 1716
Mar 13, 2019 11:20:20 PM Core.AVL balance
INFO: SUCCESSFULLY BALANCED: SIZE= 92,TIME REQUIRED= 187750
Mar 13, 2019 11:20:20 PM Core.AVL balance
INFO: SUCCESSFULLY BALANCED: SIZE= 92,TIME REQUIRED= 77
Mar 13, 2019 11:20:20 PM Core.AVL balance
INFO: SUCCESSFULLY BALANCED: SIZE= 92,TIME REQUIRED= 62
Mar 13, 2019 11:20:20 PM Core.AVL balance
INFO: SUCCESSFULLY BALANCED: SIZE= 92,TIME REQUIRED= 59
Mar 13, 2019 11:20:20 PM Core.AVL balance
INFO: SUCCESSFULLY BALANCED: SIZE= 92,TIME REQUIRED= 52
Mar 13, 2019 11:20:20 PM Core.AVL balance
INFO: SUCCESSFULLY BALANCED: SIZE= 92,TIME REQUIRED= 51
Mar 13, 2019 11:20:20 PM Core.AVL add
INFO: SUCCESSFULLY INSERTED: SIZE= 93,TIME REQUIRED= 2534295
Mar 13, 2019 11:20:20 PM Core.AVL balance
INFO: SUCCESSFULLY BALANCED: SIZE= 93,TIME REQUIRED= 66
Mar 13, 2019 11:20:20 PM Core.AVL balance
INFO: SUCCESSFULLY BALANCED: SIZE= 93,TIME REQUIRED= 59
Mar 13, 2019 11:20:20 PM Core.AVL rotateRight
INFO: SUCCESSFULLY ROTATE RIGHT: SIZE= 93,TIME REQUIRED= 1305
Mar 13, 2019 11:20:20 PM Core.AVL balance
INFO: SUCCESSFULLY BALANCED: SIZE= 93,TIME REQUIRED= 134685
Mar 13, 2019 11:20:20 PM Core.AVL balance
INFO: SUCCESSFULLY BALANCED: SIZE= 93,TIME REQUIRED= 100
Mar 13, 2019 11:20:20 PM Core.AVL balance
INFO: SUCCESSFULLY BALANCED: SIZE= 93,TIME REQUIRED= 71
Mar 13, 2019 11:20:20 PM Core.AVL balance
INFO: SUCCESSFULLY BALANCED: SIZE= 93,TIME REQUIRED= 51
Mar 13, 2019 11:20:20 PM Core.AVL balance
INFO: SUCCESSFULLY BALANCED: SIZE= 93,TIME REQUIRED= 68
Mar 13, 2019 11:20:20 PM Core.AVL add
INFO: SUCCESSFULLY INSERTED: SIZE= 94,TIME REQUIRED= 1052439
Mar 13, 2019 11:20:20 PM Core.AVL balance
INFO: SUCCESSFULLY BALANCED: SIZE= 94,TIME REQUIRED= 59
Mar 13, 2019 11:20:20 PM Core.AVL balance
INFO: SUCCESSFULLY BALANCED: SIZE= 94,TIME REQUIRED= 57
Mar 13, 2019 11:20:20 PM Core.AVL balance
INFO: SUCCESSFULLY BALANCED: SIZE= 94,TIME REQUIRED= 54
Mar 13, 2019 11:20:20 PM Core.AVL balance
INFO: SUCCESSFULLY BALANCED: SIZE= 94,TIME REQUIRED= 60
Mar 13, 2019 11:20:20 PM Core.AVL rotateRight
INFO: SUCCESSFULLY ROTATE RIGHT: SIZE= 94,TIME REQUIRED= 1318
Mar 13, 2019 11:20:20 PM Core.AVL rotateLeft
INFO: SUCCESSFULLY ROTATE LEFT: SIZE= 94,TIME REQUIRED= 890
Mar 13, 2019 11:20:20 PM Core.AVL balance
INFO: SUCCESSFULLY BALANCED: SIZE= 94,TIME REQUIRED= 289392
Mar 13, 2019 11:20:20 PM Core.AVL balance
INFO: SUCCESSFULLY BALANCED: SIZE= 94,TIME REQUIRED= 93
Mar 13, 2019 11:20:20 PM Core.AVL balance
INFO: SUCCESSFULLY BALANCED: SIZE= 94,TIME REQUIRED= 65
Mar 13, 2019 11:20:20 PM Core.AVL add
INFO: SUCCESSFULLY INSERTED: SIZE= 95,TIME REQUIRED= 1170637
Mar 13, 2019 11:20:20 PM Core.AVL balance
INFO: SUCCESSFULLY BALANCED: SIZE= 95,TIME REQUIRED= 105
Mar 13, 2019 11:20:20 PM Core.AVL rotateLeft
INFO: SUCCESSFULLY ROTATE LEFT: SIZE= 95,TIME REQUIRED= 1204
Mar 13, 2019 11:20:20 PM Core.AVL balance
INFO: SUCCESSFULLY BALANCED: SIZE= 95,TIME REQUIRED= 149907
Mar 13, 2019 11:20:20 PM Core.AVL balance
INFO: SUCCESSFULLY BALANCED: SIZE= 95,TIME REQUIRED= 65
Mar 13, 2019 11:20:20 PM Core.AVL balance
INFO: SUCCESSFULLY BALANCED: SIZE= 95,TIME REQUIRED= 62
Mar 13, 2019 11:20:20 PM Core.AVL balance
INFO: SUCCESSFULLY BALANCED: SIZE= 95,TIME REQUIRED= 73
Mar 13, 2019 11:20:20 PM Core.AVL balance
INFO: SUCCESSFULLY BALANCED: SIZE= 95,TIME REQUIRED= 63
Mar 13, 2019 11:20:20 PM Core.AVL balance
INFO: SUCCESSFULLY BALANCED: SIZE= 95,TIME REQUIRED= 66
Mar 13, 2019 11:20:20 PM Core.AVL add
INFO: SUCCESSFULLY INSERTED: SIZE= 96,TIME REQUIRED= 1073045
Mar 13, 2019 11:20:20 PM Core.AVL balance
INFO: SUCCESSFULLY BALANCED: SIZE= 96,TIME REQUIRED= 62
Mar 13, 2019 11:20:20 PM Core.AVL balance
INFO: SUCCESSFULLY BALANCED: SIZE= 96,TIME REQUIRED= 52
Mar 13, 2019 11:20:20 PM Core.AVL rotateRight
INFO: SUCCESSFULLY ROTATE RIGHT: SIZE= 96,TIME REQUIRED= 1334
Mar 13, 2019 11:20:20 PM Core.AVL rotateLeft
INFO: SUCCESSFULLY ROTATE LEFT: SIZE= 96,TIME REQUIRED= 1068
Mar 13, 2019 11:20:20 PM Core.AVL balance
INFO: SUCCESSFULLY BALANCED: SIZE= 96,TIME REQUIRED= 299008
Mar 13, 2019 11:20:20 PM Core.AVL balance
INFO: SUCCESSFULLY BALANCED: SIZE= 96,TIME REQUIRED= 56
Mar 13, 2019 11:20:20 PM Core.AVL balance
INFO: SUCCESSFULLY BALANCED: SIZE= 96,TIME REQUIRED= 58
Mar 13, 2019 11:20:20 PM Core.AVL balance
INFO: SUCCESSFULLY BALANCED: SIZE= 96,TIME REQUIRED= 61
Mar 13, 2019 11:20:20 PM Core.AVL balance
INFO: SUCCESSFULLY BALANCED: SIZE= 96,TIME REQUIRED= 58
Mar 13, 2019 11:20:20 PM Core.AVL add
INFO: SUCCESSFULLY INSERTED: SIZE= 97,TIME REQUIRED= 1278786
Mar 13, 2019 11:20:20 PM Core.AVL balance
INFO: SUCCESSFULLY BALANCED: SIZE= 97,TIME REQUIRED= 62
Mar 13, 2019 11:20:20 PM Core.AVL balance
INFO: SUCCESSFULLY BALANCED: SIZE= 97,TIME REQUIRED= 81
Mar 13, 2019 11:20:20 PM Core.AVL balance
INFO: SUCCESSFULLY BALANCED: SIZE= 97,TIME REQUIRED= 86
Mar 13, 2019 11:20:20 PM Core.AVL balance
INFO: SUCCESSFULLY BALANCED: SIZE= 97,TIME REQUIRED= 70
Mar 13, 2019 11:20:20 PM Core.AVL balance
INFO: SUCCESSFULLY BALANCED: SIZE= 97,TIME REQUIRED= 83
Mar 13, 2019 11:20:20 PM Core.AVL balance
INFO: SUCCESSFULLY BALANCED: SIZE= 97,TIME REQUIRED= 74
Mar 13, 2019 11:20:20 PM Core.AVL balance
INFO: SUCCESSFULLY BALANCED: SIZE= 97,TIME REQUIRED= 66
Mar 13, 2019 11:20:20 PM Core.AVL add
INFO: SUCCESSFULLY INSERTED: SIZE= 98,TIME REQUIRED= 1300218
Mar 13, 2019 11:20:20 PM Core.AVL balance
INFO: SUCCESSFULLY BALANCED: SIZE= 98,TIME REQUIRED= 66
Mar 13, 2019 11:20:20 PM Core.AVL rotateLeft
INFO: SUCCESSFULLY ROTATE LEFT: SIZE= 98,TIME REQUIRED= 1931
Mar 13, 2019 11:20:20 PM Core.AVL balance
INFO: SUCCESSFULLY BALANCED: SIZE= 98,TIME REQUIRED= 183202
Mar 13, 2019 11:20:20 PM Core.AVL balance
INFO: SUCCESSFULLY BALANCED: SIZE= 98,TIME REQUIRED= 72
Mar 13, 2019 11:20:20 PM Core.AVL balance
INFO: SUCCESSFULLY BALANCED: SIZE= 98,TIME REQUIRED= 75
Mar 13, 2019 11:20:20 PM Core.AVL balance
INFO: SUCCESSFULLY BALANCED: SIZE= 98,TIME REQUIRED= 54
Mar 13, 2019 11:20:20 PM Core.AVL balance
INFO: SUCCESSFULLY BALANCED: SIZE= 98,TIME REQUIRED= 62
Mar 13, 2019 11:20:20 PM Core.AVL balance
INFO: SUCCESSFULLY BALANCED: SIZE= 98,TIME REQUIRED= 67
Mar 13, 2019 11:20:20 PM Core.AVL add
INFO: SUCCESSFULLY INSERTED: SIZE= 99,TIME REQUIRED= 1183027
Mar 13, 2019 11:20:20 PM Core.AVL balance
INFO: SUCCESSFULLY BALANCED: SIZE= 99,TIME REQUIRED= 75
Mar 13, 2019 11:20:20 PM Core.AVL balance
INFO: SUCCESSFULLY BALANCED: SIZE= 99,TIME REQUIRED= 57
Mar 13, 2019 11:20:20 PM Core.AVL balance
INFO: SUCCESSFULLY BALANCED: SIZE= 99,TIME REQUIRED= 71
Mar 13, 2019 11:20:20 PM Core.AVL balance
INFO: SUCCESSFULLY BALANCED: SIZE= 99,TIME REQUIRED= 61
Mar 13, 2019 11:20:20 PM Core.AVL balance
INFO: SUCCESSFULLY BALANCED: SIZE= 99,TIME REQUIRED= 50
Mar 13, 2019 11:20:20 PM Core.AVL balance
INFO: SUCCESSFULLY BALANCED: SIZE= 99,TIME REQUIRED= 50
Mar 13, 2019 11:20:20 PM Core.AVL add
INFO: SUCCESSFULLY INSERTED: SIZE= 100,TIME REQUIRED= 650002
Mar 13, 2019 11:20:20 PM AVLTestCases.avltc04 main
FINE: Test for insert successfully completed
