Mar 13, 2019 11:20:20 PM AVLTestCases.avltc03 init
INFO: Logger Name: AVLTestCases.avltc03
Mar 13, 2019 11:20:20 PM AVLTestCases.avltc03 main
WARNING: INSERTING 10 entries
Mar 13, 2019 11:20:20 PM Core.AVL add
INFO: SUCCESSFULLY INSERTED: SIZE= 1,TIME REQUIRED= 272457
Mar 13, 2019 11:20:20 PM Core.AVL balance
INFO: SUCCESSFULLY BALANCED: SIZE= 1,TIME REQUIRED= 1385
Mar 13, 2019 11:20:20 PM Core.AVL add
INFO: SUCCESSFULLY INSERTED: SIZE= 2,TIME REQUIRED= 1141755
Mar 13, 2019 11:20:20 PM Core.AVL balance
INFO: SUCCESSFULLY BALANCED: SIZE= 2,TIME REQUIRED= 435
Mar 13, 2019 11:20:20 PM Core.AVL rotateLeft
INFO: SUCCESSFULLY ROTATE LEFT: SIZE= 2,TIME REQUIRED= 819
Mar 13, 2019 11:20:20 PM Core.AVL rotateRight
INFO: SUCCESSFULLY ROTATE RIGHT: SIZE= 2,TIME REQUIRED= 1425
Mar 13, 2019 11:20:20 PM Core.AVL balance
INFO: SUCCESSFULLY BALANCED: SIZE= 2,TIME REQUIRED= 2021167
Mar 13, 2019 11:20:20 PM Core.AVL add
INFO: SUCCESSFULLY INSERTED: SIZE= 3,TIME REQUIRED= 3603494
Mar 13, 2019 11:20:20 PM Core.AVL balance
INFO: SUCCESSFULLY BALANCED: SIZE= 3,TIME REQUIRED= 549
Mar 13, 2019 11:20:20 PM Core.AVL balance
INFO: SUCCESSFULLY BALANCED: SIZE= 3,TIME REQUIRED= 491
Mar 13, 2019 11:20:20 PM Core.AVL add
INFO: SUCCESSFULLY INSERTED: SIZE= 4,TIME REQUIRED= 1244729
Mar 13, 2019 11:20:20 PM Core.AVL balance
INFO: SUCCESSFULLY BALANCED: SIZE= 4,TIME REQUIRED= 492
Mar 13, 2019 11:20:20 PM Core.AVL balance
INFO: SUCCESSFULLY BALANCED: SIZE= 4,TIME REQUIRED= 525
Mar 13, 2019 11:20:20 PM Core.AVL add
INFO: SUCCESSFULLY INSERTED: SIZE= 5,TIME REQUIRED= 934183
Mar 13, 2019 11:20:20 PM Core.AVL balance
INFO: SUCCESSFULLY BALANCED: SIZE= 5,TIME REQUIRED= 484
Mar 13, 2019 11:20:20 PM Core.AVL balance
INFO: SUCCESSFULLY BALANCED: SIZE= 5,TIME REQUIRED= 504
Mar 13, 2019 11:20:20 PM Core.AVL rotateRight
INFO: SUCCESSFULLY ROTATE RIGHT: SIZE= 5,TIME REQUIRED= 602
Mar 13, 2019 11:20:20 PM Core.AVL rotateLeft
INFO: SUCCESSFULLY ROTATE LEFT: SIZE= 5,TIME REQUIRED= 1039
Mar 13, 2019 11:20:20 PM Core.AVL balance
INFO: SUCCESSFULLY BALANCED: SIZE= 5,TIME REQUIRED= 1106356
Mar 13, 2019 11:20:20 PM Core.AVL add
INFO: SUCCESSFULLY INSERTED: SIZE= 6,TIME REQUIRED= 2473808
Mar 13, 2019 11:20:20 PM Core.AVL balance
INFO: SUCCESSFULLY BALANCED: SIZE= 6,TIME REQUIRED= 490
Mar 13, 2019 11:20:20 PM Core.AVL balance
INFO: SUCCESSFULLY BALANCED: SIZE= 6,TIME REQUIRED= 555
Mar 13, 2019 11:20:20 PM Core.AVL balance
INFO: SUCCESSFULLY BALANCED: SIZE= 6,TIME REQUIRED= 520
Mar 13, 2019 11:20:20 PM Core.AVL add
INFO: SUCCESSFULLY INSERTED: SIZE= 7,TIME REQUIRED= 1529750
Mar 13, 2019 11:20:20 PM Core.AVL balance
INFO: SUCCESSFULLY BALANCED: SIZE= 7,TIME REQUIRED= 800
Mar 13, 2019 11:20:20 PM Core.AVL balance
INFO: SUCCESSFULLY BALANCED: SIZE= 7,TIME REQUIRED= 1018
Mar 13, 2019 11:20:20 PM Core.AVL balance
INFO: SUCCESSFULLY BALANCED: SIZE= 7,TIME REQUIRED= 539
Mar 13, 2019 11:20:20 PM Core.AVL add
INFO: SUCCESSFULLY INSERTED: SIZE= 8,TIME REQUIRED= 3307212
Mar 13, 2019 11:20:20 PM Core.AVL balance
INFO: SUCCESSFULLY BALANCED: SIZE= 8,TIME REQUIRED= 3304
Mar 13, 2019 11:20:20 PM Core.AVL rotateLeft
INFO: SUCCESSFULLY ROTATE LEFT: SIZE= 8,TIME REQUIRED= 803
Mar 13, 2019 11:20:20 PM Core.AVL rotateRight
INFO: SUCCESSFULLY ROTATE RIGHT: SIZE= 8,TIME REQUIRED= 1552
Mar 13, 2019 11:20:20 PM Core.AVL balance
INFO: SUCCESSFULLY BALANCED: SIZE= 8,TIME REQUIRED= 1357562
Mar 13, 2019 11:20:20 PM Core.AVL balance
INFO: SUCCESSFULLY BALANCED: SIZE= 8,TIME REQUIRED= 736
Mar 13, 2019 11:20:20 PM Core.AVL add
INFO: SUCCESSFULLY INSERTED: SIZE= 9,TIME REQUIRED= 3041324
Mar 13, 2019 11:20:20 PM Core.AVL balance
INFO: SUCCESSFULLY BALANCED: SIZE= 9,TIME REQUIRED= 616
Mar 13, 2019 11:20:20 PM Core.AVL rotateRight
INFO: SUCCESSFULLY ROTATE RIGHT: SIZE= 9,TIME REQUIRED= 820
Mar 13, 2019 11:20:20 PM Core.AVL balance
INFO: SUCCESSFULLY BALANCED: SIZE= 9,TIME REQUIRED= 582820
Mar 13, 2019 11:20:20 PM Core.AVL balance
INFO: SUCCESSFULLY BALANCED: SIZE= 9,TIME REQUIRED= 703
Mar 13, 2019 11:20:20 PM Core.AVL balance
INFO: SUCCESSFULLY BALANCED: SIZE= 9,TIME REQUIRED= 802
Mar 13, 2019 11:20:20 PM Core.AVL add
INFO: SUCCESSFULLY INSERTED: SIZE= 10,TIME REQUIRED= 2720439
Mar 13, 2019 11:20:20 PM Core.AVL balance
INFO: SUCCESSFULLY BALANCED: SIZE= 10,TIME REQUIRED= 674
Mar 13, 2019 11:20:20 PM Core.AVL balance
INFO: SUCCESSFULLY BALANCED: SIZE= 10,TIME REQUIRED= 775
Mar 13, 2019 11:20:20 PM Core.AVL remove
INFO: SUCCESSFULLY REMOVED: SIZE= 9,TIME REQUIRED= 1151560
Mar 13, 2019 11:20:20 PM AVLTestCases.avltc03 main
FINE: Test for remove successfully completed
