Mar 13, 2019 11:20:19 PM AVLTestCases.avltc02 init
INFO: Logger Name: AVLTestCases.avltc02
Mar 13, 2019 11:20:19 PM AVLTestCases.avltc02 main
WARNING: INSERTING 10 entries
Mar 13, 2019 11:20:19 PM Core.AVL add
INFO: SUCCESSFULLY INSERTED: SIZE= 1,TIME REQUIRED= 287851
Mar 13, 2019 11:20:19 PM Core.AVL balance
INFO: SUCCESSFULLY BALANCED: SIZE= 1,TIME REQUIRED= 1452
Mar 13, 2019 11:20:19 PM Core.AVL add
INFO: SUCCESSFULLY INSERTED: SIZE= 2,TIME REQUIRED= 1313122
Mar 13, 2019 11:20:19 PM Core.AVL balance
INFO: SUCCESSFULLY BALANCED: SIZE= 2,TIME REQUIRED= 502
Mar 13, 2019 11:20:19 PM Core.AVL rotateLeft
INFO: SUCCESSFULLY ROTATE LEFT: SIZE= 2,TIME REQUIRED= 752
Mar 13, 2019 11:20:19 PM Core.AVL rotateRight
INFO: SUCCESSFULLY ROTATE RIGHT: SIZE= 2,TIME REQUIRED= 1224
Mar 13, 2019 11:20:19 PM Core.AVL balance
INFO: SUCCESSFULLY BALANCED: SIZE= 2,TIME REQUIRED= 2290491
Mar 13, 2019 11:20:19 PM Core.AVL add
INFO: SUCCESSFULLY INSERTED: SIZE= 3,TIME REQUIRED= 4353409
Mar 13, 2019 11:20:19 PM Core.AVL balance
INFO: SUCCESSFULLY BALANCED: SIZE= 3,TIME REQUIRED= 482
Mar 13, 2019 11:20:19 PM Core.AVL balance
INFO: SUCCESSFULLY BALANCED: SIZE= 3,TIME REQUIRED= 665
Mar 13, 2019 11:20:19 PM Core.AVL add
INFO: SUCCESSFULLY INSERTED: SIZE= 4,TIME REQUIRED= 1324834
Mar 13, 2019 11:20:19 PM Core.AVL balance
INFO: SUCCESSFULLY BALANCED: SIZE= 4,TIME REQUIRED= 492
Mar 13, 2019 11:20:19 PM Core.AVL balance
INFO: SUCCESSFULLY BALANCED: SIZE= 4,TIME REQUIRED= 567
Mar 13, 2019 11:20:19 PM Core.AVL add
INFO: SUCCESSFULLY INSERTED: SIZE= 5,TIME REQUIRED= 1403292
Mar 13, 2019 11:20:19 PM Core.AVL balance
INFO: SUCCESSFULLY BALANCED: SIZE= 5,TIME REQUIRED= 639
Mar 13, 2019 11:20:19 PM Core.AVL balance
INFO: SUCCESSFULLY BALANCED: SIZE= 5,TIME REQUIRED= 496
Mar 13, 2019 11:20:19 PM Core.AVL rotateRight
INFO: SUCCESSFULLY ROTATE RIGHT: SIZE= 5,TIME REQUIRED= 629
Mar 13, 2019 11:20:19 PM Core.AVL rotateLeft
INFO: SUCCESSFULLY ROTATE LEFT: SIZE= 5,TIME REQUIRED= 1334
Mar 13, 2019 11:20:19 PM Core.AVL balance
INFO: SUCCESSFULLY BALANCED: SIZE= 5,TIME REQUIRED= 1030933
Mar 13, 2019 11:20:19 PM Core.AVL add
INFO: SUCCESSFULLY INSERTED: SIZE= 6,TIME REQUIRED= 2573169
Mar 13, 2019 11:20:19 PM Core.AVL balance
INFO: SUCCESSFULLY BALANCED: SIZE= 6,TIME REQUIRED= 477
Mar 13, 2019 11:20:19 PM Core.AVL balance
INFO: SUCCESSFULLY BALANCED: SIZE= 6,TIME REQUIRED= 1128
Mar 13, 2019 11:20:19 PM Core.AVL balance
INFO: SUCCESSFULLY BALANCED: SIZE= 6,TIME REQUIRED= 1959
Mar 13, 2019 11:20:19 PM Core.AVL add
INFO: SUCCESSFULLY INSERTED: SIZE= 7,TIME REQUIRED= 4119362
Mar 13, 2019 11:20:19 PM Core.AVL balance
INFO: SUCCESSFULLY BALANCED: SIZE= 7,TIME REQUIRED= 812
Mar 13, 2019 11:20:19 PM Core.AVL balance
INFO: SUCCESSFULLY BALANCED: SIZE= 7,TIME REQUIRED= 1538
Mar 13, 2019 11:20:19 PM Core.AVL balance
INFO: SUCCESSFULLY BALANCED: SIZE= 7,TIME REQUIRED= 506
Mar 13, 2019 11:20:19 PM Core.AVL add
INFO: SUCCESSFULLY INSERTED: SIZE= 8,TIME REQUIRED= 2477644
Mar 13, 2019 11:20:19 PM Core.AVL balance
INFO: SUCCESSFULLY BALANCED: SIZE= 8,TIME REQUIRED= 633
Mar 13, 2019 11:20:19 PM Core.AVL rotateLeft
INFO: SUCCESSFULLY ROTATE LEFT: SIZE= 8,TIME REQUIRED= 826
Mar 13, 2019 11:20:19 PM Core.AVL rotateRight
INFO: SUCCESSFULLY ROTATE RIGHT: SIZE= 8,TIME REQUIRED= 1654
Mar 13, 2019 11:20:19 PM Core.AVL balance
INFO: SUCCESSFULLY BALANCED: SIZE= 8,TIME REQUIRED= 1316436
Mar 13, 2019 11:20:19 PM Core.AVL balance
INFO: SUCCESSFULLY BALANCED: SIZE= 8,TIME REQUIRED= 781
Mar 13, 2019 11:20:19 PM Core.AVL add
INFO: SUCCESSFULLY INSERTED: SIZE= 9,TIME REQUIRED= 3164869
Mar 13, 2019 11:20:19 PM Core.AVL balance
INFO: SUCCESSFULLY BALANCED: SIZE= 9,TIME REQUIRED= 618
Mar 13, 2019 11:20:19 PM Core.AVL rotateRight
INFO: SUCCESSFULLY ROTATE RIGHT: SIZE= 9,TIME REQUIRED= 841
Mar 13, 2019 11:20:19 PM Core.AVL balance
INFO: SUCCESSFULLY BALANCED: SIZE= 9,TIME REQUIRED= 537897
Mar 13, 2019 11:20:19 PM Core.AVL balance
INFO: SUCCESSFULLY BALANCED: SIZE= 9,TIME REQUIRED= 785
Mar 13, 2019 11:20:19 PM Core.AVL balance
INFO: SUCCESSFULLY BALANCED: SIZE= 9,TIME REQUIRED= 793
Mar 13, 2019 11:20:20 PM Core.AVL add
INFO: SUCCESSFULLY INSERTED: SIZE= 10,TIME REQUIRED= 2908273
Mar 13, 2019 11:20:20 PM Core.Tree find
INFO: SUCCESSFULL FIND: SIZE= 10,TIME REQUIRED: 9132
Mar 13, 2019 11:20:20 PM AVLTestCases.avltc02 main
FINE: Element Found: 9146
Mar 13, 2019 11:20:20 PM Core.Tree find
INFO: UNSUCCESSFULL FIND: SIZE= 10,TIME REQUIRED: 3996
Mar 13, 2019 11:20:20 PM AVLTestCases.avltc02 main
SEVERE: Element not found
Mar 13, 2019 11:20:20 PM AVLTestCases.avltc02 main
FINE: Test for find successfully completed
