Mar 13, 2019 11:20:19 PM AVLTestCases.avltc01 init
INFO: Logger Name: AVLTestCases.avltc01
Mar 13, 2019 11:20:19 PM AVLTestCases.avltc01 main
WARNING: INSERTING 10 entries
Mar 13, 2019 11:20:19 PM Core.AVL add
INFO: SUCCESSFULLY INSERTED: SIZE= 1,TIME REQUIRED= 273900
Mar 13, 2019 11:20:19 PM Core.AVL balance
INFO: SUCCESSFULLY BALANCED: SIZE= 1,TIME REQUIRED= 1402
Mar 13, 2019 11:20:19 PM Core.AVL add
INFO: SUCCESSFULLY INSERTED: SIZE= 2,TIME REQUIRED= 1144645
Mar 13, 2019 11:20:19 PM Core.AVL balance
INFO: SUCCESSFULLY BALANCED: SIZE= 2,TIME REQUIRED= 444
Mar 13, 2019 11:20:19 PM Core.AVL rotateLeft
INFO: SUCCESSFULLY ROTATE LEFT: SIZE= 2,TIME REQUIRED= 1116
Mar 13, 2019 11:20:19 PM Core.AVL rotateRight
INFO: SUCCESSFULLY ROTATE RIGHT: SIZE= 2,TIME REQUIRED= 1312
Mar 13, 2019 11:20:19 PM Core.AVL balance
INFO: SUCCESSFULLY BALANCED: SIZE= 2,TIME REQUIRED= 2069729
Mar 13, 2019 11:20:19 PM Core.AVL add
INFO: SUCCESSFULLY INSERTED: SIZE= 3,TIME REQUIRED= 3619100
Mar 13, 2019 11:20:19 PM Core.AVL balance
INFO: SUCCESSFULLY BALANCED: SIZE= 3,TIME REQUIRED= 457
Mar 13, 2019 11:20:19 PM Core.AVL balance
INFO: SUCCESSFULLY BALANCED: SIZE= 3,TIME REQUIRED= 527
Mar 13, 2019 11:20:19 PM Core.AVL add
INFO: SUCCESSFULLY INSERTED: SIZE= 4,TIME REQUIRED= 1242282
Mar 13, 2019 11:20:19 PM Core.AVL balance
INFO: SUCCESSFULLY BALANCED: SIZE= 4,TIME REQUIRED= 618
Mar 13, 2019 11:20:19 PM Core.AVL balance
INFO: SUCCESSFULLY BALANCED: SIZE= 4,TIME REQUIRED= 530
Mar 13, 2019 11:20:19 PM Core.AVL add
INFO: SUCCESSFULLY INSERTED: SIZE= 5,TIME REQUIRED= 1161778
Mar 13, 2019 11:20:19 PM Core.AVL balance
INFO: SUCCESSFULLY BALANCED: SIZE= 5,TIME REQUIRED= 639
Mar 13, 2019 11:20:19 PM Core.AVL balance
INFO: SUCCESSFULLY BALANCED: SIZE= 5,TIME REQUIRED= 508
Mar 13, 2019 11:20:19 PM Core.AVL rotateRight
INFO: SUCCESSFULLY ROTATE RIGHT: SIZE= 5,TIME REQUIRED= 612
Mar 13, 2019 11:20:19 PM Core.AVL rotateLeft
INFO: SUCCESSFULLY ROTATE LEFT: SIZE= 5,TIME REQUIRED= 1159
Mar 13, 2019 11:20:19 PM Core.AVL balance
INFO: SUCCESSFULLY BALANCED: SIZE= 5,TIME REQUIRED= 1121530
Mar 13, 2019 11:20:19 PM Core.AVL add
INFO: SUCCESSFULLY INSERTED: SIZE= 6,TIME REQUIRED= 2637534
Mar 13, 2019 11:20:19 PM Core.AVL balance
INFO: SUCCESSFULLY BALANCED: SIZE= 6,TIME REQUIRED= 437
Mar 13, 2019 11:20:19 PM Core.AVL balance
INFO: SUCCESSFULLY BALANCED: SIZE= 6,TIME REQUIRED= 472
Mar 13, 2019 11:20:19 PM Core.AVL balance
INFO: SUCCESSFULLY BALANCED: SIZE= 6,TIME REQUIRED= 14777
Mar 13, 2019 11:20:19 PM Core.AVL add
INFO: SUCCESSFULLY INSERTED: SIZE= 7,TIME REQUIRED= 2108688
Mar 13, 2019 11:20:19 PM Core.AVL balance
INFO: SUCCESSFULLY BALANCED: SIZE= 7,TIME REQUIRED= 511
Mar 13, 2019 11:20:19 PM Core.AVL balance
INFO: SUCCESSFULLY BALANCED: SIZE= 7,TIME REQUIRED= 549
Mar 13, 2019 11:20:19 PM Core.AVL balance
INFO: SUCCESSFULLY BALANCED: SIZE= 7,TIME REQUIRED= 509
Mar 13, 2019 11:20:19 PM Core.AVL add
INFO: SUCCESSFULLY INSERTED: SIZE= 8,TIME REQUIRED= 1346177
Mar 13, 2019 11:20:19 PM Core.AVL balance
INFO: SUCCESSFULLY BALANCED: SIZE= 8,TIME REQUIRED= 446
Mar 13, 2019 11:20:19 PM Core.AVL rotateLeft
INFO: SUCCESSFULLY ROTATE LEFT: SIZE= 8,TIME REQUIRED= 807
Mar 13, 2019 11:20:19 PM Core.AVL rotateRight
INFO: SUCCESSFULLY ROTATE RIGHT: SIZE= 8,TIME REQUIRED= 1303
Mar 13, 2019 11:20:19 PM Core.AVL balance
INFO: SUCCESSFULLY BALANCED: SIZE= 8,TIME REQUIRED= 1113511
Mar 13, 2019 11:20:19 PM Core.AVL balance
INFO: SUCCESSFULLY BALANCED: SIZE= 8,TIME REQUIRED= 769
Mar 13, 2019 11:20:19 PM Core.AVL add
INFO: SUCCESSFULLY INSERTED: SIZE= 9,TIME REQUIRED= 2684521
Mar 13, 2019 11:20:19 PM Core.AVL balance
INFO: SUCCESSFULLY BALANCED: SIZE= 9,TIME REQUIRED= 483
Mar 13, 2019 11:20:19 PM Core.AVL rotateRight
INFO: SUCCESSFULLY ROTATE RIGHT: SIZE= 9,TIME REQUIRED= 822
Mar 13, 2019 11:20:19 PM Core.AVL balance
INFO: SUCCESSFULLY BALANCED: SIZE= 9,TIME REQUIRED= 513638
Mar 13, 2019 11:20:19 PM Core.AVL balance
INFO: SUCCESSFULLY BALANCED: SIZE= 9,TIME REQUIRED= 760
Mar 13, 2019 11:20:19 PM Core.AVL balance
INFO: SUCCESSFULLY BALANCED: SIZE= 9,TIME REQUIRED= 764
Mar 13, 2019 11:20:19 PM Core.AVL add
INFO: SUCCESSFULLY INSERTED: SIZE= 10,TIME REQUIRED= 2876723
Mar 13, 2019 11:20:19 PM AVLTestCases.avltc01 main
FINE: Test for insert successfully completed
