Mar 13, 2019 11:20:57 PM SplayTestCases.splaytc01 init
INFO: Logger Name: SplayTestCases.splaytc01
Mar 13, 2019 11:20:57 PM SplayTestCases.splaytc01 main
WARNING: INSERTING 10 entries
Mar 13, 2019 11:20:57 PM Core.SplayBST add
INFO: SUCCESSFULLY INSERTED: SIZE= 1,TIME REQUIRED= 3254
Mar 13, 2019 11:20:57 PM Core.SplayBST add
INFO: SUCCESSFULLY INSERTED: SIZE= 2,TIME REQUIRED= 14675
Mar 13, 2019 11:20:57 PM Core.SplayBST add
INFO: SUCCESSFULLY INSERTED: SIZE= 3,TIME REQUIRED= 3116
Mar 13, 2019 11:20:57 PM Core.SplayBST add
INFO: SUCCESSFULLY INSERTED: SIZE= 4,TIME REQUIRED= 2800
Mar 13, 2019 11:20:57 PM Core.SplayBST add
INFO: SUCCESSFULLY INSERTED: SIZE= 5,TIME REQUIRED= 2816
Mar 13, 2019 11:20:57 PM Core.SplayBST add
INFO: SUCCESSFULLY INSERTED: SIZE= 6,TIME REQUIRED= 3074
Mar 13, 2019 11:20:57 PM Core.SplayBST add
INFO: SUCCESSFULLY INSERTED: SIZE= 7,TIME REQUIRED= 3183
Mar 13, 2019 11:20:57 PM Core.SplayBST add
INFO: SUCCESSFULLY INSERTED: SIZE= 8,TIME REQUIRED= 4916
Mar 13, 2019 11:20:57 PM Core.SplayBST add
INFO: SUCCESSFULLY INSERTED: SIZE= 9,TIME REQUIRED= 3458
Mar 13, 2019 11:20:57 PM Core.SplayBST add
INFO: SUCCESSFULLY INSERTED: SIZE= 10,TIME REQUIRED= 2868
Mar 13, 2019 11:20:57 PM SplayTestCases.splaytc01 main
FINE: Test for insert successfully completed
