Mar 13, 2019 11:20:58 PM SplayTestCases.splaytc02 init
INFO: Logger Name: SplayTestCases.splaytc02
Mar 13, 2019 11:20:58 PM SplayTestCases.splaytc02 main
WARNING: INSERTING 10 entries
Mar 13, 2019 11:20:58 PM Core.SplayBST add
INFO: SUCCESSFULLY INSERTED: SIZE= 1,TIME REQUIRED= 3576
Mar 13, 2019 11:20:58 PM Core.SplayBST add
INFO: SUCCESSFULLY INSERTED: SIZE= 2,TIME REQUIRED= 14543
Mar 13, 2019 11:20:58 PM Core.SplayBST add
INFO: SUCCESSFULLY INSERTED: SIZE= 3,TIME REQUIRED= 3068
Mar 13, 2019 11:20:58 PM Core.SplayBST add
INFO: SUCCESSFULLY INSERTED: SIZE= 4,TIME REQUIRED= 2808
Mar 13, 2019 11:20:58 PM Core.SplayBST add
INFO: SUCCESSFULLY INSERTED: SIZE= 5,TIME REQUIRED= 2708
Mar 13, 2019 11:20:58 PM Core.SplayBST add
INFO: SUCCESSFULLY INSERTED: SIZE= 6,TIME REQUIRED= 3080
Mar 13, 2019 11:20:58 PM Core.SplayBST add
INFO: SUCCESSFULLY INSERTED: SIZE= 7,TIME REQUIRED= 2822
Mar 13, 2019 11:20:58 PM Core.SplayBST add
INFO: SUCCESSFULLY INSERTED: SIZE= 8,TIME REQUIRED= 3218
Mar 13, 2019 11:20:58 PM Core.SplayBST add
INFO: SUCCESSFULLY INSERTED: SIZE= 9,TIME REQUIRED= 5199
Mar 13, 2019 11:20:58 PM Core.SplayBST add
INFO: SUCCESSFULLY INSERTED: SIZE= 10,TIME REQUIRED= 3123
Mar 13, 2019 11:20:58 PM Core.Tree find
INFO: SUCCESSFULL FIND: SIZE= 10,TIME REQUIRED: 5842
Mar 13, 2019 11:20:58 PM SplayTestCases.splaytc02 main
FINE: Element Found: 9146
Mar 13, 2019 11:20:58 PM Core.Tree find
INFO: UNSUCCESSFULL FIND: SIZE= 10,TIME REQUIRED: 22833
Mar 13, 2019 11:20:58 PM SplayTestCases.splaytc02 main
SEVERE: Element not found
Mar 13, 2019 11:20:58 PM SplayTestCases.splaytc02 main
FINE: Test for find successfully completed
