Mar 13, 2019 11:20:58 PM SplayTestCases.splaytc03 init
INFO: Logger Name: SplayTestCases.splaytc03
Mar 13, 2019 11:20:58 PM SplayTestCases.splaytc03 main
WARNING: INSERTING 10 entries
Mar 13, 2019 11:20:58 PM Core.SplayBST add
INFO: SUCCESSFULLY INSERTED: SIZE= 1,TIME REQUIRED= 4777
Mar 13, 2019 11:20:58 PM Core.SplayBST add
INFO: SUCCESSFULLY INSERTED: SIZE= 2,TIME REQUIRED= 17176
Mar 13, 2019 11:20:58 PM Core.SplayBST add
INFO: SUCCESSFULLY INSERTED: SIZE= 3,TIME REQUIRED= 3343
Mar 13, 2019 11:20:58 PM Core.SplayBST add
INFO: SUCCESSFULLY INSERTED: SIZE= 4,TIME REQUIRED= 4168
Mar 13, 2019 11:20:58 PM Core.SplayBST add
INFO: SUCCESSFULLY INSERTED: SIZE= 5,TIME REQUIRED= 3783
Mar 13, 2019 11:20:58 PM Core.SplayBST add
INFO: SUCCESSFULLY INSERTED: SIZE= 6,TIME REQUIRED= 3482
Mar 13, 2019 11:20:58 PM Core.SplayBST add
INFO: SUCCESSFULLY INSERTED: SIZE= 7,TIME REQUIRED= 2986
Mar 13, 2019 11:20:58 PM Core.SplayBST add
INFO: SUCCESSFULLY INSERTED: SIZE= 8,TIME REQUIRED= 3211
Mar 13, 2019 11:20:58 PM Core.SplayBST add
INFO: SUCCESSFULLY INSERTED: SIZE= 9,TIME REQUIRED= 3223
Mar 13, 2019 11:20:58 PM Core.SplayBST add
INFO: SUCCESSFULLY INSERTED: SIZE= 10,TIME REQUIRED= 2909
Mar 13, 2019 11:20:58 PM Core.SplayBST remove
INFO: SUCCESSFULLY REMOVED: SIZE= 9,TIME REQUIRED= 23115
Mar 13, 2019 11:20:58 PM SplayTestCases.splaytc03 main
FINE: Test for remove successfully completed
