Mar 13, 2019 11:20:58 PM SplayTestCases.splaytc04 init
INFO: Logger Name: SplayTestCases.splaytc04
Mar 13, 2019 11:20:58 PM SplayTestCases.splaytc04 main
WARNING: INSERTING 100 entries
Mar 13, 2019 11:20:58 PM Core.SplayBST add
INFO: SUCCESSFULLY INSERTED: SIZE= 1,TIME REQUIRED= 3304
Mar 13, 2019 11:20:58 PM Core.SplayBST add
INFO: SUCCESSFULLY INSERTED: SIZE= 2,TIME REQUIRED= 14377
Mar 13, 2019 11:20:58 PM Core.SplayBST add
INFO: SUCCESSFULLY INSERTED: SIZE= 3,TIME REQUIRED= 2902
Mar 13, 2019 11:20:58 PM Core.SplayBST add
INFO: SUCCESSFULLY INSERTED: SIZE= 4,TIME REQUIRED= 2609
Mar 13, 2019 11:20:58 PM Core.SplayBST add
INFO: SUCCESSFULLY INSERTED: SIZE= 5,TIME REQUIRED= 2927
Mar 13, 2019 11:20:58 PM Core.SplayBST add
INFO: SUCCESSFULLY INSERTED: SIZE= 6,TIME REQUIRED= 3032
Mar 13, 2019 11:20:58 PM Core.SplayBST add
INFO: SUCCESSFULLY INSERTED: SIZE= 7,TIME REQUIRED= 2962
Mar 13, 2019 11:20:58 PM Core.SplayBST add
INFO: SUCCESSFULLY INSERTED: SIZE= 8,TIME REQUIRED= 3192
Mar 13, 2019 11:20:58 PM Core.SplayBST add
INFO: SUCCESSFULLY INSERTED: SIZE= 9,TIME REQUIRED= 3680
Mar 13, 2019 11:20:58 PM Core.SplayBST add
INFO: SUCCESSFULLY INSERTED: SIZE= 10,TIME REQUIRED= 2605
Mar 13, 2019 11:20:58 PM Core.SplayBST add
INFO: SUCCESSFULLY INSERTED: SIZE= 11,TIME REQUIRED= 2589
Mar 13, 2019 11:20:58 PM Core.SplayBST add
INFO: SUCCESSFULLY INSERTED: SIZE= 12,TIME REQUIRED= 2639
Mar 13, 2019 11:20:58 PM Core.SplayBST add
INFO: SUCCESSFULLY INSERTED: SIZE= 13,TIME REQUIRED= 3083
Mar 13, 2019 11:20:58 PM Core.SplayBST add
INFO: SUCCESSFULLY INSERTED: SIZE= 14,TIME REQUIRED= 3309
Mar 13, 2019 11:20:58 PM Core.SplayBST add
INFO: SUCCESSFULLY INSERTED: SIZE= 15,TIME REQUIRED= 3343
Mar 13, 2019 11:20:58 PM Core.SplayBST add
INFO: SUCCESSFULLY INSERTED: SIZE= 16,TIME REQUIRED= 4116
Mar 13, 2019 11:20:58 PM Core.SplayBST add
INFO: SUCCESSFULLY INSERTED: SIZE= 17,TIME REQUIRED= 3100
Mar 13, 2019 11:20:58 PM Core.SplayBST add
INFO: SUCCESSFULLY INSERTED: SIZE= 18,TIME REQUIRED= 4125
Mar 13, 2019 11:20:58 PM Core.SplayBST add
INFO: SUCCESSFULLY INSERTED: SIZE= 19,TIME REQUIRED= 3489
Mar 13, 2019 11:20:58 PM Core.SplayBST add
INFO: SUCCESSFULLY INSERTED: SIZE= 20,TIME REQUIRED= 6524
Mar 13, 2019 11:20:58 PM Core.SplayBST add
INFO: SUCCESSFULLY INSERTED: SIZE= 21,TIME REQUIRED= 4843
Mar 13, 2019 11:20:58 PM Core.SplayBST add
INFO: SUCCESSFULLY INSERTED: SIZE= 22,TIME REQUIRED= 4901
Mar 13, 2019 11:20:58 PM Core.SplayBST add
INFO: SUCCESSFULLY INSERTED: SIZE= 23,TIME REQUIRED= 5176
Mar 13, 2019 11:20:58 PM Core.SplayBST add
INFO: SUCCESSFULLY INSERTED: SIZE= 24,TIME REQUIRED= 4055
Mar 13, 2019 11:20:58 PM Core.SplayBST add
INFO: SUCCESSFULLY INSERTED: SIZE= 25,TIME REQUIRED= 3351
Mar 13, 2019 11:20:58 PM Core.SplayBST add
INFO: SUCCESSFULLY INSERTED: SIZE= 26,TIME REQUIRED= 2992
Mar 13, 2019 11:20:58 PM Core.SplayBST add
INFO: SUCCESSFULLY INSERTED: SIZE= 27,TIME REQUIRED= 3650
Mar 13, 2019 11:20:58 PM Core.SplayBST add
INFO: SUCCESSFULLY INSERTED: SIZE= 28,TIME REQUIRED= 3796
Mar 13, 2019 11:20:58 PM Core.SplayBST add
INFO: SUCCESSFULLY INSERTED: SIZE= 29,TIME REQUIRED= 3770
Mar 13, 2019 11:20:58 PM Core.SplayBST add
INFO: SUCCESSFULLY INSERTED: SIZE= 30,TIME REQUIRED= 7470
Mar 13, 2019 11:20:58 PM Core.SplayBST add
INFO: SUCCESSFULLY INSERTED: SIZE= 31,TIME REQUIRED= 5912
Mar 13, 2019 11:20:58 PM Core.SplayBST add
INFO: SUCCESSFULLY INSERTED: SIZE= 32,TIME REQUIRED= 5867
Mar 13, 2019 11:20:58 PM Core.SplayBST add
INFO: SUCCESSFULLY INSERTED: SIZE= 33,TIME REQUIRED= 8072
Mar 13, 2019 11:20:58 PM Core.SplayBST add
INFO: SUCCESSFULLY INSERTED: SIZE= 34,TIME REQUIRED= 5869
Mar 13, 2019 11:20:58 PM Core.SplayBST add
INFO: SUCCESSFULLY INSERTED: SIZE= 35,TIME REQUIRED= 7589
Mar 13, 2019 11:20:58 PM Core.SplayBST add
INFO: SUCCESSFULLY INSERTED: SIZE= 36,TIME REQUIRED= 8038
Mar 13, 2019 11:20:58 PM Core.SplayBST add
INFO: SUCCESSFULLY INSERTED: SIZE= 37,TIME REQUIRED= 5172
Mar 13, 2019 11:20:58 PM Core.SplayBST add
INFO: SUCCESSFULLY INSERTED: SIZE= 38,TIME REQUIRED= 8622
Mar 13, 2019 11:20:58 PM Core.SplayBST add
INFO: SUCCESSFULLY INSERTED: SIZE= 39,TIME REQUIRED= 4893
Mar 13, 2019 11:20:58 PM Core.SplayBST add
INFO: SUCCESSFULLY INSERTED: SIZE= 40,TIME REQUIRED= 5660
Mar 13, 2019 11:20:58 PM Core.SplayBST add
INFO: SUCCESSFULLY INSERTED: SIZE= 41,TIME REQUIRED= 6889
Mar 13, 2019 11:20:58 PM Core.SplayBST add
INFO: SUCCESSFULLY INSERTED: SIZE= 42,TIME REQUIRED= 4626
Mar 13, 2019 11:20:58 PM Core.SplayBST add
INFO: SUCCESSFULLY INSERTED: SIZE= 43,TIME REQUIRED= 6135
Mar 13, 2019 11:20:58 PM Core.SplayBST add
INFO: SUCCESSFULLY INSERTED: SIZE= 44,TIME REQUIRED= 11657
Mar 13, 2019 11:20:58 PM Core.SplayBST add
INFO: SUCCESSFULLY INSERTED: SIZE= 45,TIME REQUIRED= 5286
Mar 13, 2019 11:20:58 PM Core.SplayBST add
INFO: SUCCESSFULLY INSERTED: SIZE= 46,TIME REQUIRED= 8676
Mar 13, 2019 11:20:58 PM Core.SplayBST add
INFO: SUCCESSFULLY INSERTED: SIZE= 47,TIME REQUIRED= 10329
Mar 13, 2019 11:20:58 PM Core.SplayBST add
INFO: SUCCESSFULLY INSERTED: SIZE= 48,TIME REQUIRED= 5708
Mar 13, 2019 11:20:58 PM Core.SplayBST add
INFO: SUCCESSFULLY INSERTED: SIZE= 49,TIME REQUIRED= 3667
Mar 13, 2019 11:20:58 PM Core.SplayBST add
INFO: SUCCESSFULLY INSERTED: SIZE= 50,TIME REQUIRED= 6417
Mar 13, 2019 11:20:58 PM Core.SplayBST add
INFO: SUCCESSFULLY INSERTED: SIZE= 51,TIME REQUIRED= 7111
Mar 13, 2019 11:20:58 PM Core.SplayBST add
INFO: SUCCESSFULLY INSERTED: SIZE= 52,TIME REQUIRED= 4900
Mar 13, 2019 11:20:58 PM Core.SplayBST add
INFO: SUCCESSFULLY INSERTED: SIZE= 53,TIME REQUIRED= 6934
Mar 13, 2019 11:20:58 PM Core.SplayBST add
INFO: SUCCESSFULLY INSERTED: SIZE= 54,TIME REQUIRED= 13802
Mar 13, 2019 11:20:58 PM Core.SplayBST add
INFO: SUCCESSFULLY INSERTED: SIZE= 55,TIME REQUIRED= 5711
Mar 13, 2019 11:20:58 PM Core.SplayBST add
INFO: SUCCESSFULLY INSERTED: SIZE= 56,TIME REQUIRED= 4393
Mar 13, 2019 11:20:58 PM Core.SplayBST add
INFO: SUCCESSFULLY INSERTED: SIZE= 57,TIME REQUIRED= 5416
Mar 13, 2019 11:20:58 PM Core.SplayBST add
INFO: SUCCESSFULLY INSERTED: SIZE= 58,TIME REQUIRED= 5443
Mar 13, 2019 11:20:58 PM Core.SplayBST add
INFO: SUCCESSFULLY INSERTED: SIZE= 59,TIME REQUIRED= 8016
Mar 13, 2019 11:20:58 PM Core.SplayBST add
INFO: SUCCESSFULLY INSERTED: SIZE= 60,TIME REQUIRED= 3000
Mar 13, 2019 11:20:58 PM Core.SplayBST add
INFO: SUCCESSFULLY INSERTED: SIZE= 61,TIME REQUIRED= 15635
Mar 13, 2019 11:20:58 PM Core.SplayBST add
INFO: SUCCESSFULLY INSERTED: SIZE= 62,TIME REQUIRED= 7579
Mar 13, 2019 11:20:58 PM Core.SplayBST add
INFO: SUCCESSFULLY INSERTED: SIZE= 63,TIME REQUIRED= 12515
Mar 13, 2019 11:20:58 PM Core.SplayBST add
INFO: SUCCESSFULLY INSERTED: SIZE= 64,TIME REQUIRED= 20399
Mar 13, 2019 11:20:58 PM Core.SplayBST add
INFO: SUCCESSFULLY INSERTED: SIZE= 65,TIME REQUIRED= 6021
Mar 13, 2019 11:20:58 PM Core.SplayBST add
INFO: SUCCESSFULLY INSERTED: SIZE= 66,TIME REQUIRED= 5380
Mar 13, 2019 11:20:58 PM Core.SplayBST add
INFO: SUCCESSFULLY INSERTED: SIZE= 67,TIME REQUIRED= 7802
Mar 13, 2019 11:20:58 PM Core.SplayBST add
INFO: SUCCESSFULLY INSERTED: SIZE= 68,TIME REQUIRED= 5175
Mar 13, 2019 11:20:58 PM Core.SplayBST add
INFO: SUCCESSFULLY INSERTED: SIZE= 69,TIME REQUIRED= 4085
Mar 13, 2019 11:20:58 PM Core.SplayBST add
INFO: SUCCESSFULLY INSERTED: SIZE= 70,TIME REQUIRED= 4802
Mar 13, 2019 11:20:58 PM Core.SplayBST add
INFO: SUCCESSFULLY INSERTED: SIZE= 71,TIME REQUIRED= 7402
Mar 13, 2019 11:20:58 PM Core.SplayBST add
INFO: SUCCESSFULLY INSERTED: SIZE= 72,TIME REQUIRED= 4241
Mar 13, 2019 11:20:58 PM Core.SplayBST add
INFO: SUCCESSFULLY INSERTED: SIZE= 73,TIME REQUIRED= 11654
Mar 13, 2019 11:20:58 PM Core.SplayBST add
INFO: SUCCESSFULLY INSERTED: SIZE= 74,TIME REQUIRED= 3837
Mar 13, 2019 11:20:58 PM Core.SplayBST add
INFO: SUCCESSFULLY INSERTED: SIZE= 75,TIME REQUIRED= 4968
Mar 13, 2019 11:20:58 PM Core.SplayBST add
INFO: SUCCESSFULLY INSERTED: SIZE= 76,TIME REQUIRED= 2828
Mar 13, 2019 11:20:58 PM Core.SplayBST add
INFO: SUCCESSFULLY INSERTED: SIZE= 77,TIME REQUIRED= 4007
Mar 13, 2019 11:20:58 PM Core.SplayBST add
INFO: SUCCESSFULLY INSERTED: SIZE= 78,TIME REQUIRED= 3487
Mar 13, 2019 11:20:58 PM Core.SplayBST add
INFO: SUCCESSFULLY INSERTED: SIZE= 79,TIME REQUIRED= 3876
Mar 13, 2019 11:20:58 PM Core.SplayBST add
INFO: SUCCESSFULLY INSERTED: SIZE= 80,TIME REQUIRED= 2802
Mar 13, 2019 11:20:58 PM Core.SplayBST add
INFO: SUCCESSFULLY INSERTED: SIZE= 81,TIME REQUIRED= 4662
Mar 13, 2019 11:20:58 PM Core.SplayBST add
INFO: SUCCESSFULLY INSERTED: SIZE= 82,TIME REQUIRED= 4130
Mar 13, 2019 11:20:58 PM Core.SplayBST add
INFO: SUCCESSFULLY INSERTED: SIZE= 83,TIME REQUIRED= 3240
Mar 13, 2019 11:20:58 PM Core.SplayBST add
INFO: SUCCESSFULLY INSERTED: SIZE= 84,TIME REQUIRED= 3235
Mar 13, 2019 11:20:58 PM Core.SplayBST add
INFO: SUCCESSFULLY INSERTED: SIZE= 85,TIME REQUIRED= 4719
Mar 13, 2019 11:20:58 PM Core.SplayBST add
INFO: SUCCESSFULLY INSERTED: SIZE= 86,TIME REQUIRED= 2796
Mar 13, 2019 11:20:58 PM Core.SplayBST add
INFO: SUCCESSFULLY INSERTED: SIZE= 87,TIME REQUIRED= 5488
Mar 13, 2019 11:20:58 PM Core.SplayBST add
INFO: SUCCESSFULLY INSERTED: SIZE= 88,TIME REQUIRED= 3706
Mar 13, 2019 11:20:58 PM Core.SplayBST add
INFO: SUCCESSFULLY INSERTED: SIZE= 89,TIME REQUIRED= 3624
Mar 13, 2019 11:20:58 PM Core.SplayBST add
INFO: SUCCESSFULLY INSERTED: SIZE= 90,TIME REQUIRED= 5781
Mar 13, 2019 11:20:58 PM Core.SplayBST add
INFO: SUCCESSFULLY INSERTED: SIZE= 91,TIME REQUIRED= 5536
Mar 13, 2019 11:20:58 PM Core.SplayBST add
INFO: SUCCESSFULLY INSERTED: SIZE= 92,TIME REQUIRED= 3904
Mar 13, 2019 11:20:58 PM Core.SplayBST add
INFO: SUCCESSFULLY INSERTED: SIZE= 93,TIME REQUIRED= 4896
Mar 13, 2019 11:20:58 PM Core.SplayBST add
INFO: SUCCESSFULLY INSERTED: SIZE= 94,TIME REQUIRED= 4949
Mar 13, 2019 11:20:58 PM Core.SplayBST add
INFO: SUCCESSFULLY INSERTED: SIZE= 95,TIME REQUIRED= 3671
Mar 13, 2019 11:20:58 PM Core.SplayBST add
INFO: SUCCESSFULLY INSERTED: SIZE= 96,TIME REQUIRED= 4497
Mar 13, 2019 11:20:58 PM Core.SplayBST add
INFO: SUCCESSFULLY INSERTED: SIZE= 97,TIME REQUIRED= 3526
Mar 13, 2019 11:20:58 PM Core.SplayBST add
INFO: SUCCESSFULLY INSERTED: SIZE= 98,TIME REQUIRED= 3524
Mar 13, 2019 11:20:58 PM Core.SplayBST add
INFO: SUCCESSFULLY INSERTED: SIZE= 99,TIME REQUIRED= 4226
Mar 13, 2019 11:20:58 PM Core.SplayBST add
INFO: SUCCESSFULLY INSERTED: SIZE= 100,TIME REQUIRED= 4791
Mar 13, 2019 11:20:58 PM SplayTestCases.splaytc04 main
FINE: Test for insert successfully completed
