Mar 13, 2019 11:20:08 PM BSTTestCases.bsttc04 init
INFO: Logger Name: BSTTestCases.bsttc04
Mar 13, 2019 11:20:08 PM BSTTestCases.bsttc04 main
WARNING: INSERTING 100 entries
Mar 13, 2019 11:20:08 PM Core.BST add
INFO: SUCCESSFULLY INSERTED: SIZE= 1,TIME REQUIRED= 303130
Mar 13, 2019 11:20:08 PM Core.BST add
INFO: SUCCESSFULLY INSERTED: SIZE= 2,TIME REQUIRED= 15121
Mar 13, 2019 11:20:08 PM Core.BST add
INFO: SUCCESSFULLY INSERTED: SIZE= 3,TIME REQUIRED= 2462
Mar 13, 2019 11:20:08 PM Core.BST add
INFO: SUCCESSFULLY INSERTED: SIZE= 4,TIME REQUIRED= 2733
Mar 13, 2019 11:20:08 PM Core.BST add
INFO: SUCCESSFULLY INSERTED: SIZE= 5,TIME REQUIRED= 2260
Mar 13, 2019 11:20:08 PM Core.BST add
INFO: SUCCESSFULLY INSERTED: SIZE= 6,TIME REQUIRED= 3336
Mar 13, 2019 11:20:08 PM Core.BST add
INFO: SUCCESSFULLY INSERTED: SIZE= 7,TIME REQUIRED= 2078
Mar 13, 2019 11:20:08 PM Core.BST add
INFO: SUCCESSFULLY INSERTED: SIZE= 8,TIME REQUIRED= 3216
Mar 13, 2019 11:20:08 PM Core.BST add
INFO: SUCCESSFULLY INSERTED: SIZE= 9,TIME REQUIRED= 2878
Mar 13, 2019 11:20:08 PM Core.BST add
INFO: SUCCESSFULLY INSERTED: SIZE= 10,TIME REQUIRED= 3639
Mar 13, 2019 11:20:08 PM Core.BST add
INFO: SUCCESSFULLY INSERTED: SIZE= 11,TIME REQUIRED= 3889
Mar 13, 2019 11:20:08 PM Core.BST add
INFO: SUCCESSFULLY INSERTED: SIZE= 12,TIME REQUIRED= 3805
Mar 13, 2019 11:20:08 PM Core.BST add
INFO: SUCCESSFULLY INSERTED: SIZE= 13,TIME REQUIRED= 2910
Mar 13, 2019 11:20:08 PM Core.BST add
INFO: SUCCESSFULLY INSERTED: SIZE= 14,TIME REQUIRED= 18792
Mar 13, 2019 11:20:08 PM Core.BST add
INFO: SUCCESSFULLY INSERTED: SIZE= 15,TIME REQUIRED= 3328
Mar 13, 2019 11:20:08 PM Core.BST add
INFO: SUCCESSFULLY INSERTED: SIZE= 16,TIME REQUIRED= 2544
Mar 13, 2019 11:20:08 PM Core.BST add
INFO: SUCCESSFULLY INSERTED: SIZE= 17,TIME REQUIRED= 4250
Mar 13, 2019 11:20:08 PM Core.BST add
INFO: SUCCESSFULLY INSERTED: SIZE= 18,TIME REQUIRED= 4753
Mar 13, 2019 11:20:08 PM Core.BST add
INFO: SUCCESSFULLY INSERTED: SIZE= 19,TIME REQUIRED= 2726
Mar 13, 2019 11:20:08 PM Core.BST add
INFO: SUCCESSFULLY INSERTED: SIZE= 20,TIME REQUIRED= 2811
Mar 13, 2019 11:20:08 PM Core.BST add
INFO: SUCCESSFULLY INSERTED: SIZE= 21,TIME REQUIRED= 3018
Mar 13, 2019 11:20:08 PM Core.BST add
INFO: SUCCESSFULLY INSERTED: SIZE= 22,TIME REQUIRED= 4777
Mar 13, 2019 11:20:08 PM Core.BST add
INFO: SUCCESSFULLY INSERTED: SIZE= 23,TIME REQUIRED= 5318
Mar 13, 2019 11:20:08 PM Core.BST add
INFO: SUCCESSFULLY INSERTED: SIZE= 24,TIME REQUIRED= 6484
Mar 13, 2019 11:20:08 PM Core.BST add
INFO: SUCCESSFULLY INSERTED: SIZE= 25,TIME REQUIRED= 5011
Mar 13, 2019 11:20:08 PM Core.BST add
INFO: SUCCESSFULLY INSERTED: SIZE= 26,TIME REQUIRED= 8829
Mar 13, 2019 11:20:08 PM Core.BST add
INFO: SUCCESSFULLY INSERTED: SIZE= 27,TIME REQUIRED= 6359
Mar 13, 2019 11:20:08 PM Core.BST add
INFO: SUCCESSFULLY INSERTED: SIZE= 28,TIME REQUIRED= 7595
Mar 13, 2019 11:20:08 PM Core.BST add
INFO: SUCCESSFULLY INSERTED: SIZE= 29,TIME REQUIRED= 6425
Mar 13, 2019 11:20:08 PM Core.BST add
INFO: SUCCESSFULLY INSERTED: SIZE= 30,TIME REQUIRED= 6711
Mar 13, 2019 11:20:08 PM Core.BST add
INFO: SUCCESSFULLY INSERTED: SIZE= 31,TIME REQUIRED= 6472
Mar 13, 2019 11:20:08 PM Core.BST add
INFO: SUCCESSFULLY INSERTED: SIZE= 32,TIME REQUIRED= 4797
Mar 13, 2019 11:20:08 PM Core.BST add
INFO: SUCCESSFULLY INSERTED: SIZE= 33,TIME REQUIRED= 3551
Mar 13, 2019 11:20:08 PM Core.BST add
INFO: SUCCESSFULLY INSERTED: SIZE= 34,TIME REQUIRED= 3095
Mar 13, 2019 11:20:08 PM Core.BST add
INFO: SUCCESSFULLY INSERTED: SIZE= 35,TIME REQUIRED= 3328
Mar 13, 2019 11:20:08 PM Core.BST add
INFO: SUCCESSFULLY INSERTED: SIZE= 36,TIME REQUIRED= 9260
Mar 13, 2019 11:20:08 PM Core.BST add
INFO: SUCCESSFULLY INSERTED: SIZE= 37,TIME REQUIRED= 4065
Mar 13, 2019 11:20:08 PM Core.BST add
INFO: SUCCESSFULLY INSERTED: SIZE= 38,TIME REQUIRED= 5260
Mar 13, 2019 11:20:08 PM Core.BST add
INFO: SUCCESSFULLY INSERTED: SIZE= 39,TIME REQUIRED= 2899
Mar 13, 2019 11:20:08 PM Core.BST add
INFO: SUCCESSFULLY INSERTED: SIZE= 40,TIME REQUIRED= 8199
Mar 13, 2019 11:20:08 PM Core.BST add
INFO: SUCCESSFULLY INSERTED: SIZE= 41,TIME REQUIRED= 8105
Mar 13, 2019 11:20:08 PM Core.BST add
INFO: SUCCESSFULLY INSERTED: SIZE= 42,TIME REQUIRED= 4191
Mar 13, 2019 11:20:08 PM Core.BST add
INFO: SUCCESSFULLY INSERTED: SIZE= 43,TIME REQUIRED= 5644
Mar 13, 2019 11:20:08 PM Core.BST add
INFO: SUCCESSFULLY INSERTED: SIZE= 44,TIME REQUIRED= 13983
Mar 13, 2019 11:20:08 PM Core.BST add
INFO: SUCCESSFULLY INSERTED: SIZE= 45,TIME REQUIRED= 12456
Mar 13, 2019 11:20:08 PM Core.BST add
INFO: SUCCESSFULLY INSERTED: SIZE= 46,TIME REQUIRED= 4839
Mar 13, 2019 11:20:08 PM Core.BST add
INFO: SUCCESSFULLY INSERTED: SIZE= 47,TIME REQUIRED= 4721
Mar 13, 2019 11:20:08 PM Core.BST add
INFO: SUCCESSFULLY INSERTED: SIZE= 48,TIME REQUIRED= 5160
Mar 13, 2019 11:20:08 PM Core.BST add
INFO: SUCCESSFULLY INSERTED: SIZE= 49,TIME REQUIRED= 5642
Mar 13, 2019 11:20:08 PM Core.BST add
INFO: SUCCESSFULLY INSERTED: SIZE= 50,TIME REQUIRED= 9940
Mar 13, 2019 11:20:08 PM Core.BST add
INFO: SUCCESSFULLY INSERTED: SIZE= 51,TIME REQUIRED= 8725
Mar 13, 2019 11:20:08 PM Core.BST add
INFO: SUCCESSFULLY INSERTED: SIZE= 52,TIME REQUIRED= 6437
Mar 13, 2019 11:20:08 PM Core.BST add
INFO: SUCCESSFULLY INSERTED: SIZE= 53,TIME REQUIRED= 4183
Mar 13, 2019 11:20:08 PM Core.BST add
INFO: SUCCESSFULLY INSERTED: SIZE= 54,TIME REQUIRED= 7434
Mar 13, 2019 11:20:08 PM Core.BST add
INFO: SUCCESSFULLY INSERTED: SIZE= 55,TIME REQUIRED= 7890
Mar 13, 2019 11:20:08 PM Core.BST add
INFO: SUCCESSFULLY INSERTED: SIZE= 56,TIME REQUIRED= 6334
Mar 13, 2019 11:20:08 PM Core.BST add
INFO: SUCCESSFULLY INSERTED: SIZE= 57,TIME REQUIRED= 8579
Mar 13, 2019 11:20:08 PM Core.BST add
INFO: SUCCESSFULLY INSERTED: SIZE= 58,TIME REQUIRED= 4187
Mar 13, 2019 11:20:08 PM Core.BST add
INFO: SUCCESSFULLY INSERTED: SIZE= 59,TIME REQUIRED= 8156
Mar 13, 2019 11:20:08 PM Core.BST add
INFO: SUCCESSFULLY INSERTED: SIZE= 60,TIME REQUIRED= 3779
Mar 13, 2019 11:20:08 PM Core.BST add
INFO: SUCCESSFULLY INSERTED: SIZE= 61,TIME REQUIRED= 6936
Mar 13, 2019 11:20:08 PM Core.BST add
INFO: SUCCESSFULLY INSERTED: SIZE= 62,TIME REQUIRED= 13499
Mar 13, 2019 11:20:08 PM Core.BST add
INFO: SUCCESSFULLY INSERTED: SIZE= 63,TIME REQUIRED= 4082
Mar 13, 2019 11:20:08 PM Core.BST add
INFO: SUCCESSFULLY INSERTED: SIZE= 64,TIME REQUIRED= 6912
Mar 13, 2019 11:20:08 PM Core.BST add
INFO: SUCCESSFULLY INSERTED: SIZE= 65,TIME REQUIRED= 6345
Mar 13, 2019 11:20:08 PM Core.BST add
INFO: SUCCESSFULLY INSERTED: SIZE= 66,TIME REQUIRED= 8174
Mar 13, 2019 11:20:08 PM Core.BST add
INFO: SUCCESSFULLY INSERTED: SIZE= 67,TIME REQUIRED= 6098
Mar 13, 2019 11:20:08 PM Core.BST add
INFO: SUCCESSFULLY INSERTED: SIZE= 68,TIME REQUIRED= 26085
Mar 13, 2019 11:20:08 PM Core.BST add
INFO: SUCCESSFULLY INSERTED: SIZE= 69,TIME REQUIRED= 9251
Mar 13, 2019 11:20:08 PM Core.BST add
INFO: SUCCESSFULLY INSERTED: SIZE= 70,TIME REQUIRED= 6419
Mar 13, 2019 11:20:08 PM Core.BST add
INFO: SUCCESSFULLY INSERTED: SIZE= 71,TIME REQUIRED= 5104
Mar 13, 2019 11:20:08 PM Core.BST add
INFO: SUCCESSFULLY INSERTED: SIZE= 72,TIME REQUIRED= 10007
Mar 13, 2019 11:20:08 PM Core.BST add
INFO: SUCCESSFULLY INSERTED: SIZE= 73,TIME REQUIRED= 5303
Mar 13, 2019 11:20:08 PM Core.BST add
INFO: SUCCESSFULLY INSERTED: SIZE= 74,TIME REQUIRED= 5194
Mar 13, 2019 11:20:08 PM Core.BST add
INFO: SUCCESSFULLY INSERTED: SIZE= 75,TIME REQUIRED= 18286
Mar 13, 2019 11:20:08 PM Core.BST add
INFO: SUCCESSFULLY INSERTED: SIZE= 76,TIME REQUIRED= 6221
Mar 13, 2019 11:20:08 PM Core.BST add
INFO: SUCCESSFULLY INSERTED: SIZE= 77,TIME REQUIRED= 4926
Mar 13, 2019 11:20:08 PM Core.BST add
INFO: SUCCESSFULLY INSERTED: SIZE= 78,TIME REQUIRED= 6079
Mar 13, 2019 11:20:08 PM Core.BST add
INFO: SUCCESSFULLY INSERTED: SIZE= 79,TIME REQUIRED= 4877
Mar 13, 2019 11:20:08 PM Core.BST add
INFO: SUCCESSFULLY INSERTED: SIZE= 80,TIME REQUIRED= 6189
Mar 13, 2019 11:20:08 PM Core.BST add
INFO: SUCCESSFULLY INSERTED: SIZE= 81,TIME REQUIRED= 8821
Mar 13, 2019 11:20:08 PM Core.BST add
INFO: SUCCESSFULLY INSERTED: SIZE= 82,TIME REQUIRED= 11796
Mar 13, 2019 11:20:08 PM Core.BST add
INFO: SUCCESSFULLY INSERTED: SIZE= 83,TIME REQUIRED= 6279
Mar 13, 2019 11:20:08 PM Core.BST add
INFO: SUCCESSFULLY INSERTED: SIZE= 84,TIME REQUIRED= 5897
Mar 13, 2019 11:20:08 PM Core.BST add
INFO: SUCCESSFULLY INSERTED: SIZE= 85,TIME REQUIRED= 6007
Mar 13, 2019 11:20:08 PM Core.BST add
INFO: SUCCESSFULLY INSERTED: SIZE= 86,TIME REQUIRED= 6819
Mar 13, 2019 11:20:08 PM Core.BST add
INFO: SUCCESSFULLY INSERTED: SIZE= 87,TIME REQUIRED= 6058
Mar 13, 2019 11:20:08 PM Core.BST add
INFO: SUCCESSFULLY INSERTED: SIZE= 88,TIME REQUIRED= 7655
Mar 13, 2019 11:20:08 PM Core.BST add
INFO: SUCCESSFULLY INSERTED: SIZE= 89,TIME REQUIRED= 6446
Mar 13, 2019 11:20:08 PM Core.BST add
INFO: SUCCESSFULLY INSERTED: SIZE= 90,TIME REQUIRED= 12020
Mar 13, 2019 11:20:08 PM Core.BST add
INFO: SUCCESSFULLY INSERTED: SIZE= 91,TIME REQUIRED= 5713
Mar 13, 2019 11:20:08 PM Core.BST add
INFO: SUCCESSFULLY INSERTED: SIZE= 92,TIME REQUIRED= 9675
Mar 13, 2019 11:20:08 PM Core.BST add
INFO: SUCCESSFULLY INSERTED: SIZE= 93,TIME REQUIRED= 3943
Mar 13, 2019 11:20:08 PM Core.BST add
INFO: SUCCESSFULLY INSERTED: SIZE= 94,TIME REQUIRED= 9939
Mar 13, 2019 11:20:08 PM Core.BST add
INFO: SUCCESSFULLY INSERTED: SIZE= 95,TIME REQUIRED= 4114
Mar 13, 2019 11:20:08 PM Core.BST add
INFO: SUCCESSFULLY INSERTED: SIZE= 96,TIME REQUIRED= 7553
Mar 13, 2019 11:20:08 PM Core.BST add
INFO: SUCCESSFULLY INSERTED: SIZE= 97,TIME REQUIRED= 6811
Mar 13, 2019 11:20:08 PM Core.BST add
INFO: SUCCESSFULLY INSERTED: SIZE= 98,TIME REQUIRED= 6066
Mar 13, 2019 11:20:08 PM Core.BST add
INFO: SUCCESSFULLY INSERTED: SIZE= 99,TIME REQUIRED= 23684
Mar 13, 2019 11:20:08 PM Core.BST add
INFO: SUCCESSFULLY INSERTED: SIZE= 100,TIME REQUIRED= 2247
Mar 13, 2019 11:20:08 PM BSTTestCases.bsttc04 main
FINE: Test for insert successfully completed
