Mar 13, 2019 11:20:08 PM BSTTestCases.bsttc03 init
INFO: Logger Name: BSTTestCases.bsttc03
Mar 13, 2019 11:20:08 PM BSTTestCases.bsttc03 main
WARNING: INSERTING 10 entries
Mar 13, 2019 11:20:08 PM Core.BST add
INFO: SUCCESSFULLY INSERTED: SIZE= 1,TIME REQUIRED= 283645
Mar 13, 2019 11:20:08 PM Core.BST add
INFO: SUCCESSFULLY INSERTED: SIZE= 2,TIME REQUIRED= 15078
Mar 13, 2019 11:20:08 PM Core.BST add
INFO: SUCCESSFULLY INSERTED: SIZE= 3,TIME REQUIRED= 2396
Mar 13, 2019 11:20:08 PM Core.BST add
INFO: SUCCESSFULLY INSERTED: SIZE= 4,TIME REQUIRED= 17191
Mar 13, 2019 11:20:08 PM Core.BST add
INFO: SUCCESSFULLY INSERTED: SIZE= 5,TIME REQUIRED= 1370
Mar 13, 2019 11:20:08 PM Core.BST add
INFO: SUCCESSFULLY INSERTED: SIZE= 6,TIME REQUIRED= 2692
Mar 13, 2019 11:20:08 PM Core.BST add
INFO: SUCCESSFULLY INSERTED: SIZE= 7,TIME REQUIRED= 1881
Mar 13, 2019 11:20:08 PM Core.BST add
INFO: SUCCESSFULLY INSERTED: SIZE= 8,TIME REQUIRED= 3121
Mar 13, 2019 11:20:08 PM Core.BST add
INFO: SUCCESSFULLY INSERTED: SIZE= 9,TIME REQUIRED= 2341
Mar 13, 2019 11:20:08 PM Core.BST add
INFO: SUCCESSFULLY INSERTED: SIZE= 10,TIME REQUIRED= 3858
Mar 13, 2019 11:20:08 PM Core.BST remove
INFO: SUCCESSFULLY REMOVED: SIZE= 9,TIME REQUIRED= 6592
Mar 13, 2019 11:20:08 PM BSTTestCases.bsttc03 main
FINE: Test for remove successfully completed
