Mar 13, 2019 11:20:07 PM BSTTestCases.bsttc01 init
INFO: Logger Name: BSTTestCases.bsttc01
Mar 13, 2019 11:20:07 PM BSTTestCases.bsttc01 main
WARNING: INSERTING 10 entries
Mar 13, 2019 11:20:07 PM Core.BST add
INFO: SUCCESSFULLY INSERTED: SIZE= 1,TIME REQUIRED= 258880
Mar 13, 2019 11:20:07 PM Core.BST add
INFO: SUCCESSFULLY INSERTED: SIZE= 2,TIME REQUIRED= 17743
Mar 13, 2019 11:20:07 PM Core.BST add
INFO: SUCCESSFULLY INSERTED: SIZE= 3,TIME REQUIRED= 2644
Mar 13, 2019 11:20:07 PM Core.BST add
INFO: SUCCESSFULLY INSERTED: SIZE= 4,TIME REQUIRED= 4011
Mar 13, 2019 11:20:07 PM Core.BST add
INFO: SUCCESSFULLY INSERTED: SIZE= 5,TIME REQUIRED= 2114
Mar 13, 2019 11:20:07 PM Core.BST add
INFO: SUCCESSFULLY INSERTED: SIZE= 6,TIME REQUIRED= 3153
Mar 13, 2019 11:20:07 PM Core.BST add
INFO: SUCCESSFULLY INSERTED: SIZE= 7,TIME REQUIRED= 2128
Mar 13, 2019 11:20:07 PM Core.BST add
INFO: SUCCESSFULLY INSERTED: SIZE= 8,TIME REQUIRED= 3015
Mar 13, 2019 11:20:07 PM Core.BST add
INFO: SUCCESSFULLY INSERTED: SIZE= 9,TIME REQUIRED= 3531
Mar 13, 2019 11:20:07 PM Core.BST add
INFO: SUCCESSFULLY INSERTED: SIZE= 10,TIME REQUIRED= 3995
Mar 13, 2019 11:20:07 PM BSTTestCases.bsttc01 main
FINE: Test for insert successfully completed
