Mar 13, 2019 11:20:07 PM BSTTestCases.bsttc02 init
INFO: Logger Name: BSTTestCases.bsttc02
Mar 13, 2019 11:20:07 PM BSTTestCases.bsttc02 main
WARNING: INSERTING 10 entries
Mar 13, 2019 11:20:07 PM Core.BST add
INFO: SUCCESSFULLY INSERTED: SIZE= 1,TIME REQUIRED= 261843
Mar 13, 2019 11:20:07 PM Core.BST add
INFO: SUCCESSFULLY INSERTED: SIZE= 2,TIME REQUIRED= 34614
Mar 13, 2019 11:20:07 PM Core.BST add
INFO: SUCCESSFULLY INSERTED: SIZE= 3,TIME REQUIRED= 2480
Mar 13, 2019 11:20:07 PM Core.BST add
INFO: SUCCESSFULLY INSERTED: SIZE= 4,TIME REQUIRED= 2310
Mar 13, 2019 11:20:07 PM Core.BST add
INFO: SUCCESSFULLY INSERTED: SIZE= 5,TIME REQUIRED= 1467
Mar 13, 2019 11:20:07 PM Core.BST add
INFO: SUCCESSFULLY INSERTED: SIZE= 6,TIME REQUIRED= 4296
Mar 13, 2019 11:20:07 PM Core.BST add
INFO: SUCCESSFULLY INSERTED: SIZE= 7,TIME REQUIRED= 2358
Mar 13, 2019 11:20:07 PM Core.BST add
INFO: SUCCESSFULLY INSERTED: SIZE= 8,TIME REQUIRED= 3467
Mar 13, 2019 11:20:07 PM Core.BST add
INFO: SUCCESSFULLY INSERTED: SIZE= 9,TIME REQUIRED= 2871
Mar 13, 2019 11:20:07 PM Core.BST add
INFO: SUCCESSFULLY INSERTED: SIZE= 10,TIME REQUIRED= 4106
Mar 13, 2019 11:20:07 PM Core.Tree find
INFO: SUCCESSFULL FIND: SIZE= 10,TIME REQUIRED: 6766
Mar 13, 2019 11:20:07 PM BSTTestCases.bsttc02 main
FINE: Element Found: 9146
Mar 13, 2019 11:20:07 PM Core.Tree find
INFO: UNSUCCESSFULL FIND: SIZE= 10,TIME REQUIRED: 1945
Mar 13, 2019 11:20:07 PM BSTTestCases.bsttc02 main
SEVERE: Element not found
Mar 13, 2019 11:20:07 PM BSTTestCases.bsttc02 main
FINE: Test for find successfully completed
