Mar 13, 2019 11:21:08 PM RBTTestCases.rbttc04 init
INFO: Logger Name: RBTTestCases.rbttc04
Mar 13, 2019 11:21:08 PM RBTTestCases.rbttc04 main
WARNING: INSERTING 100 entries
Mar 13, 2019 11:21:08 PM Core.RedBlackTree add
INFO: SUCCESSFULLY INSERTED: SIZE= 1,TIME REQUIRED= 296039
Mar 13, 2019 11:21:08 PM Core.RedBlackTree add
INFO: SUCCESSFULLY INSERTED: SIZE= 2,TIME REQUIRED= 40283
Mar 13, 2019 11:21:08 PM Core.RedBlackTree rotateLeft
INFO: SUCCESSFULLY ROTATE LEFT: SIZE= 2,TIME REQUIRED= 632
Mar 13, 2019 11:21:08 PM Core.RedBlackTree rotateRight
INFO: SUCCESSFULLY ROTATE RIGHT: SIZE= 2,TIME REQUIRED= 772
Mar 13, 2019 11:21:08 PM Core.RedBlackTree add
INFO: SUCCESSFULLY INSERTED: SIZE= 3,TIME REQUIRED= 2192262
Mar 13, 2019 11:21:08 PM Core.RedBlackTree add
INFO: SUCCESSFULLY INSERTED: SIZE= 4,TIME REQUIRED= 3045
Mar 13, 2019 11:21:08 PM Core.RedBlackTree rotateLeft
INFO: SUCCESSFULLY ROTATE LEFT: SIZE= 4,TIME REQUIRED= 407
Mar 13, 2019 11:21:08 PM Core.RedBlackTree add
INFO: SUCCESSFULLY INSERTED: SIZE= 5,TIME REQUIRED= 708199
Mar 13, 2019 11:21:08 PM Core.RedBlackTree rotateLeft
INFO: SUCCESSFULLY ROTATE LEFT: SIZE= 5,TIME REQUIRED= 453
Mar 13, 2019 11:21:08 PM Core.RedBlackTree add
INFO: SUCCESSFULLY INSERTED: SIZE= 6,TIME REQUIRED= 668676
Mar 13, 2019 11:21:08 PM Core.RedBlackTree rotateLeft
INFO: SUCCESSFULLY ROTATE LEFT: SIZE= 6,TIME REQUIRED= 408
Mar 13, 2019 11:21:08 PM Core.RedBlackTree add
INFO: SUCCESSFULLY INSERTED: SIZE= 7,TIME REQUIRED= 509990
Mar 13, 2019 11:21:08 PM Core.RedBlackTree rotateLeft
INFO: SUCCESSFULLY ROTATE LEFT: SIZE= 7,TIME REQUIRED= 394
Mar 13, 2019 11:21:08 PM Core.RedBlackTree rotateRight
INFO: SUCCESSFULLY ROTATE RIGHT: SIZE= 7,TIME REQUIRED= 454
Mar 13, 2019 11:21:08 PM Core.RedBlackTree rotateLeft
INFO: SUCCESSFULLY ROTATE LEFT: SIZE= 7,TIME REQUIRED= 461
Mar 13, 2019 11:21:08 PM Core.RedBlackTree rotateRight
INFO: SUCCESSFULLY ROTATE RIGHT: SIZE= 7,TIME REQUIRED= 19587
Mar 13, 2019 11:21:08 PM Core.RedBlackTree add
INFO: SUCCESSFULLY INSERTED: SIZE= 8,TIME REQUIRED= 2022908
Mar 13, 2019 11:21:08 PM Core.RedBlackTree rotateLeft
INFO: SUCCESSFULLY ROTATE LEFT: SIZE= 8,TIME REQUIRED= 644
Mar 13, 2019 11:21:08 PM Core.RedBlackTree add
INFO: SUCCESSFULLY INSERTED: SIZE= 9,TIME REQUIRED= 596572
Mar 13, 2019 11:21:08 PM Core.RedBlackTree rotateLeft
INFO: SUCCESSFULLY ROTATE LEFT: SIZE= 9,TIME REQUIRED= 435
Mar 13, 2019 11:21:08 PM Core.RedBlackTree add
INFO: SUCCESSFULLY INSERTED: SIZE= 10,TIME REQUIRED= 430523
Mar 13, 2019 11:21:08 PM Core.RedBlackTree rotateLeft
INFO: SUCCESSFULLY ROTATE LEFT: SIZE= 10,TIME REQUIRED= 367
Mar 13, 2019 11:21:08 PM Core.RedBlackTree add
INFO: SUCCESSFULLY INSERTED: SIZE= 11,TIME REQUIRED= 495319
Mar 13, 2019 11:21:08 PM Core.RedBlackTree rotateLeft
INFO: SUCCESSFULLY ROTATE LEFT: SIZE= 11,TIME REQUIRED= 440
Mar 13, 2019 11:21:08 PM Core.RedBlackTree add
INFO: SUCCESSFULLY INSERTED: SIZE= 12,TIME REQUIRED= 419643
Mar 13, 2019 11:21:08 PM Core.RedBlackTree rotateRight
INFO: SUCCESSFULLY ROTATE RIGHT: SIZE= 12,TIME REQUIRED= 384
Mar 13, 2019 11:21:08 PM Core.RedBlackTree rotateLeft
INFO: SUCCESSFULLY ROTATE LEFT: SIZE= 12,TIME REQUIRED= 467
Mar 13, 2019 11:21:08 PM Core.RedBlackTree rotateRight
INFO: SUCCESSFULLY ROTATE RIGHT: SIZE= 12,TIME REQUIRED= 452
Mar 13, 2019 11:21:08 PM Core.RedBlackTree add
INFO: SUCCESSFULLY INSERTED: SIZE= 13,TIME REQUIRED= 1760909
Mar 13, 2019 11:21:08 PM Core.RedBlackTree add
INFO: SUCCESSFULLY INSERTED: SIZE= 14,TIME REQUIRED= 4770
Mar 13, 2019 11:21:08 PM Core.RedBlackTree add
INFO: SUCCESSFULLY INSERTED: SIZE= 15,TIME REQUIRED= 4029
Mar 13, 2019 11:21:08 PM Core.RedBlackTree rotateLeft
INFO: SUCCESSFULLY ROTATE LEFT: SIZE= 15,TIME REQUIRED= 470
Mar 13, 2019 11:21:08 PM Core.RedBlackTree rotateRight
INFO: SUCCESSFULLY ROTATE RIGHT: SIZE= 15,TIME REQUIRED= 635
Mar 13, 2019 11:21:08 PM Core.RedBlackTree rotateLeft
INFO: SUCCESSFULLY ROTATE LEFT: SIZE= 15,TIME REQUIRED= 444
Mar 13, 2019 11:21:08 PM Core.RedBlackTree add
INFO: SUCCESSFULLY INSERTED: SIZE= 16,TIME REQUIRED= 1304000
Mar 13, 2019 11:21:08 PM Core.RedBlackTree rotateLeft
INFO: SUCCESSFULLY ROTATE LEFT: SIZE= 16,TIME REQUIRED= 428
Mar 13, 2019 11:21:08 PM Core.RedBlackTree add
INFO: SUCCESSFULLY INSERTED: SIZE= 17,TIME REQUIRED= 404780
Mar 13, 2019 11:21:08 PM Core.RedBlackTree rotateRight
INFO: SUCCESSFULLY ROTATE RIGHT: SIZE= 17,TIME REQUIRED= 543
Mar 13, 2019 11:21:08 PM Core.RedBlackTree rotateLeft
INFO: SUCCESSFULLY ROTATE LEFT: SIZE= 17,TIME REQUIRED= 609
Mar 13, 2019 11:21:08 PM Core.RedBlackTree add
INFO: SUCCESSFULLY INSERTED: SIZE= 18,TIME REQUIRED= 1110611
Mar 13, 2019 11:21:08 PM Core.RedBlackTree rotateRight
INFO: SUCCESSFULLY ROTATE RIGHT: SIZE= 18,TIME REQUIRED= 544
Mar 13, 2019 11:21:08 PM Core.RedBlackTree add
INFO: SUCCESSFULLY INSERTED: SIZE= 19,TIME REQUIRED= 688426
Mar 13, 2019 11:21:08 PM Core.RedBlackTree rotateLeft
INFO: SUCCESSFULLY ROTATE LEFT: SIZE= 19,TIME REQUIRED= 561
Mar 13, 2019 11:21:08 PM Core.RedBlackTree add
INFO: SUCCESSFULLY INSERTED: SIZE= 20,TIME REQUIRED= 560838
Mar 13, 2019 11:21:08 PM Core.RedBlackTree rotateRight
INFO: SUCCESSFULLY ROTATE RIGHT: SIZE= 20,TIME REQUIRED= 543
Mar 13, 2019 11:21:08 PM Core.RedBlackTree add
INFO: SUCCESSFULLY INSERTED: SIZE= 21,TIME REQUIRED= 584882
Mar 13, 2019 11:21:08 PM Core.RedBlackTree add
INFO: SUCCESSFULLY INSERTED: SIZE= 22,TIME REQUIRED= 6738
Mar 13, 2019 11:21:08 PM Core.RedBlackTree rotateLeft
INFO: SUCCESSFULLY ROTATE LEFT: SIZE= 22,TIME REQUIRED= 621
Mar 13, 2019 11:21:08 PM Core.RedBlackTree add
INFO: SUCCESSFULLY INSERTED: SIZE= 23,TIME REQUIRED= 501451
Mar 13, 2019 11:21:08 PM Core.RedBlackTree rotateLeft
INFO: SUCCESSFULLY ROTATE LEFT: SIZE= 23,TIME REQUIRED= 405
Mar 13, 2019 11:21:08 PM Core.RedBlackTree add
INFO: SUCCESSFULLY INSERTED: SIZE= 24,TIME REQUIRED= 347230
Mar 13, 2019 11:21:08 PM Core.RedBlackTree add
INFO: SUCCESSFULLY INSERTED: SIZE= 25,TIME REQUIRED= 4948
Mar 13, 2019 11:21:08 PM Core.RedBlackTree rotateLeft
INFO: SUCCESSFULLY ROTATE LEFT: SIZE= 25,TIME REQUIRED= 438
Mar 13, 2019 11:21:08 PM Core.RedBlackTree rotateRight
INFO: SUCCESSFULLY ROTATE RIGHT: SIZE= 25,TIME REQUIRED= 443
Mar 13, 2019 11:21:08 PM Core.RedBlackTree rotateLeft
INFO: SUCCESSFULLY ROTATE LEFT: SIZE= 25,TIME REQUIRED= 489
Mar 13, 2019 11:21:08 PM Core.RedBlackTree rotateRight
INFO: SUCCESSFULLY ROTATE RIGHT: SIZE= 25,TIME REQUIRED= 472
Mar 13, 2019 11:21:08 PM Core.RedBlackTree add
INFO: SUCCESSFULLY INSERTED: SIZE= 26,TIME REQUIRED= 1482560
Mar 13, 2019 11:21:08 PM Core.RedBlackTree rotateRight
INFO: SUCCESSFULLY ROTATE RIGHT: SIZE= 26,TIME REQUIRED= 340
Mar 13, 2019 11:21:08 PM Core.RedBlackTree rotateRight
INFO: SUCCESSFULLY ROTATE RIGHT: SIZE= 26,TIME REQUIRED= 915
Mar 13, 2019 11:21:08 PM Core.RedBlackTree rotateLeft
INFO: SUCCESSFULLY ROTATE LEFT: SIZE= 26,TIME REQUIRED= 649
Mar 13, 2019 11:21:08 PM Core.RedBlackTree add
INFO: SUCCESSFULLY INSERTED: SIZE= 27,TIME REQUIRED= 1185709
Mar 13, 2019 11:21:08 PM Core.RedBlackTree rotateLeft
INFO: SUCCESSFULLY ROTATE LEFT: SIZE= 27,TIME REQUIRED= 578
Mar 13, 2019 11:21:08 PM Core.RedBlackTree rotateRight
INFO: SUCCESSFULLY ROTATE RIGHT: SIZE= 27,TIME REQUIRED= 596
Mar 13, 2019 11:21:08 PM Core.RedBlackTree add
INFO: SUCCESSFULLY INSERTED: SIZE= 28,TIME REQUIRED= 787943
Mar 13, 2019 11:21:08 PM Core.RedBlackTree rotateLeft
INFO: SUCCESSFULLY ROTATE LEFT: SIZE= 28,TIME REQUIRED= 402
Mar 13, 2019 11:21:08 PM Core.RedBlackTree add
INFO: SUCCESSFULLY INSERTED: SIZE= 29,TIME REQUIRED= 541886
Mar 13, 2019 11:21:08 PM Core.RedBlackTree rotateLeft
INFO: SUCCESSFULLY ROTATE LEFT: SIZE= 29,TIME REQUIRED= 418
Mar 13, 2019 11:21:08 PM Core.RedBlackTree add
INFO: SUCCESSFULLY INSERTED: SIZE= 30,TIME REQUIRED= 402254
Mar 13, 2019 11:21:08 PM Core.RedBlackTree add
INFO: SUCCESSFULLY INSERTED: SIZE= 31,TIME REQUIRED= 6799
Mar 13, 2019 11:21:08 PM Core.RedBlackTree rotateLeft
INFO: SUCCESSFULLY ROTATE LEFT: SIZE= 31,TIME REQUIRED= 434
Mar 13, 2019 11:21:08 PM Core.RedBlackTree rotateRight
INFO: SUCCESSFULLY ROTATE RIGHT: SIZE= 31,TIME REQUIRED= 657
Mar 13, 2019 11:21:08 PM Core.RedBlackTree add
INFO: SUCCESSFULLY INSERTED: SIZE= 32,TIME REQUIRED= 1011308
Mar 13, 2019 11:21:08 PM Core.RedBlackTree rotateLeft
INFO: SUCCESSFULLY ROTATE LEFT: SIZE= 32,TIME REQUIRED= 373
Mar 13, 2019 11:21:08 PM Core.RedBlackTree add
INFO: SUCCESSFULLY INSERTED: SIZE= 33,TIME REQUIRED= 486673
Mar 13, 2019 11:21:08 PM Core.RedBlackTree rotateLeft
INFO: SUCCESSFULLY ROTATE LEFT: SIZE= 33,TIME REQUIRED= 494
Mar 13, 2019 11:21:08 PM Core.RedBlackTree rotateRight
INFO: SUCCESSFULLY ROTATE RIGHT: SIZE= 33,TIME REQUIRED= 476
Mar 13, 2019 11:21:08 PM Core.RedBlackTree rotateLeft
INFO: SUCCESSFULLY ROTATE LEFT: SIZE= 33,TIME REQUIRED= 451
Mar 13, 2019 11:21:08 PM Core.RedBlackTree add
INFO: SUCCESSFULLY INSERTED: SIZE= 34,TIME REQUIRED= 1079141
Mar 13, 2019 11:21:08 PM Core.RedBlackTree add
INFO: SUCCESSFULLY INSERTED: SIZE= 35,TIME REQUIRED= 7006
Mar 13, 2019 11:21:08 PM Core.RedBlackTree rotateLeft
INFO: SUCCESSFULLY ROTATE LEFT: SIZE= 35,TIME REQUIRED= 706
Mar 13, 2019 11:21:08 PM Core.RedBlackTree add
INFO: SUCCESSFULLY INSERTED: SIZE= 36,TIME REQUIRED= 516076
Mar 13, 2019 11:21:08 PM Core.RedBlackTree add
INFO: SUCCESSFULLY INSERTED: SIZE= 37,TIME REQUIRED= 10016
Mar 13, 2019 11:21:08 PM Core.RedBlackTree rotateLeft
INFO: SUCCESSFULLY ROTATE LEFT: SIZE= 37,TIME REQUIRED= 660
Mar 13, 2019 11:21:08 PM Core.RedBlackTree add
INFO: SUCCESSFULLY INSERTED: SIZE= 38,TIME REQUIRED= 485528
Mar 13, 2019 11:21:08 PM Core.RedBlackTree rotateLeft
INFO: SUCCESSFULLY ROTATE LEFT: SIZE= 38,TIME REQUIRED= 704
Mar 13, 2019 11:21:08 PM Core.RedBlackTree rotateRight
INFO: SUCCESSFULLY ROTATE RIGHT: SIZE= 38,TIME REQUIRED= 743
Mar 13, 2019 11:21:08 PM Core.RedBlackTree add
INFO: SUCCESSFULLY INSERTED: SIZE= 39,TIME REQUIRED= 1283856
Mar 13, 2019 11:21:08 PM Core.RedBlackTree rotateRight
INFO: SUCCESSFULLY ROTATE RIGHT: SIZE= 39,TIME REQUIRED= 375
Mar 13, 2019 11:21:08 PM Core.RedBlackTree rotateLeft
INFO: SUCCESSFULLY ROTATE LEFT: SIZE= 39,TIME REQUIRED= 440
Mar 13, 2019 11:21:08 PM Core.RedBlackTree rotateRight
INFO: SUCCESSFULLY ROTATE RIGHT: SIZE= 39,TIME REQUIRED= 508
Mar 13, 2019 11:21:08 PM Core.RedBlackTree add
INFO: SUCCESSFULLY INSERTED: SIZE= 40,TIME REQUIRED= 1359905
Mar 13, 2019 11:21:08 PM Core.RedBlackTree rotateLeft
INFO: SUCCESSFULLY ROTATE LEFT: SIZE= 40,TIME REQUIRED= 798
Mar 13, 2019 11:21:08 PM Core.RedBlackTree add
INFO: SUCCESSFULLY INSERTED: SIZE= 41,TIME REQUIRED= 449130
Mar 13, 2019 11:21:08 PM Core.RedBlackTree add
INFO: SUCCESSFULLY INSERTED: SIZE= 42,TIME REQUIRED= 7971
Mar 13, 2019 11:21:08 PM Core.RedBlackTree add
INFO: SUCCESSFULLY INSERTED: SIZE= 43,TIME REQUIRED= 7407
Mar 13, 2019 11:21:08 PM Core.RedBlackTree rotateLeft
INFO: SUCCESSFULLY ROTATE LEFT: SIZE= 43,TIME REQUIRED= 703
Mar 13, 2019 11:21:08 PM Core.RedBlackTree add
INFO: SUCCESSFULLY INSERTED: SIZE= 44,TIME REQUIRED= 412394
Mar 13, 2019 11:21:08 PM Core.RedBlackTree rotateRight
INFO: SUCCESSFULLY ROTATE RIGHT: SIZE= 44,TIME REQUIRED= 575
Mar 13, 2019 11:21:08 PM Core.RedBlackTree rotateLeft
INFO: SUCCESSFULLY ROTATE LEFT: SIZE= 44,TIME REQUIRED= 548
Mar 13, 2019 11:21:08 PM Core.RedBlackTree rotateRight
INFO: SUCCESSFULLY ROTATE RIGHT: SIZE= 44,TIME REQUIRED= 595
Mar 13, 2019 11:21:08 PM Core.RedBlackTree add
INFO: SUCCESSFULLY INSERTED: SIZE= 45,TIME REQUIRED= 1147856
Mar 13, 2019 11:21:08 PM Core.RedBlackTree add
INFO: SUCCESSFULLY INSERTED: SIZE= 46,TIME REQUIRED= 13660
Mar 13, 2019 11:21:08 PM Core.RedBlackTree add
INFO: SUCCESSFULLY INSERTED: SIZE= 47,TIME REQUIRED= 5960
Mar 13, 2019 11:21:08 PM Core.RedBlackTree rotateRight
INFO: SUCCESSFULLY ROTATE RIGHT: SIZE= 47,TIME REQUIRED= 576
Mar 13, 2019 11:21:08 PM Core.RedBlackTree rotateLeft
INFO: SUCCESSFULLY ROTATE LEFT: SIZE= 47,TIME REQUIRED= 675
Mar 13, 2019 11:21:08 PM Core.RedBlackTree add
INFO: SUCCESSFULLY INSERTED: SIZE= 48,TIME REQUIRED= 721335
Mar 13, 2019 11:21:08 PM Core.RedBlackTree add
INFO: SUCCESSFULLY INSERTED: SIZE= 49,TIME REQUIRED= 7727
Mar 13, 2019 11:21:08 PM Core.RedBlackTree rotateLeft
INFO: SUCCESSFULLY ROTATE LEFT: SIZE= 49,TIME REQUIRED= 673
Mar 13, 2019 11:21:08 PM Core.RedBlackTree rotateRight
INFO: SUCCESSFULLY ROTATE RIGHT: SIZE= 49,TIME REQUIRED= 468
Mar 13, 2019 11:21:08 PM Core.RedBlackTree rotateLeft
INFO: SUCCESSFULLY ROTATE LEFT: SIZE= 49,TIME REQUIRED= 447
Mar 13, 2019 11:21:08 PM Core.RedBlackTree add
INFO: SUCCESSFULLY INSERTED: SIZE= 50,TIME REQUIRED= 1017582
Mar 13, 2019 11:21:08 PM Core.RedBlackTree rotateLeft
INFO: SUCCESSFULLY ROTATE LEFT: SIZE= 50,TIME REQUIRED= 493
Mar 13, 2019 11:21:08 PM Core.RedBlackTree rotateRight
INFO: SUCCESSFULLY ROTATE RIGHT: SIZE= 50,TIME REQUIRED= 497
Mar 13, 2019 11:21:08 PM Core.RedBlackTree rotateLeft
INFO: SUCCESSFULLY ROTATE LEFT: SIZE= 50,TIME REQUIRED= 421
Mar 13, 2019 11:21:08 PM Core.RedBlackTree rotateRight
INFO: SUCCESSFULLY ROTATE RIGHT: SIZE= 50,TIME REQUIRED= 463
Mar 13, 2019 11:21:08 PM Core.RedBlackTree rotateLeft
INFO: SUCCESSFULLY ROTATE LEFT: SIZE= 50,TIME REQUIRED= 585
Mar 13, 2019 11:21:08 PM Core.RedBlackTree rotateRight
INFO: SUCCESSFULLY ROTATE RIGHT: SIZE= 50,TIME REQUIRED= 477
Mar 13, 2019 11:21:08 PM Core.RedBlackTree add
INFO: SUCCESSFULLY INSERTED: SIZE= 51,TIME REQUIRED= 2043988
Mar 13, 2019 11:21:08 PM Core.RedBlackTree rotateRight
INFO: SUCCESSFULLY ROTATE RIGHT: SIZE= 51,TIME REQUIRED= 411
Mar 13, 2019 11:21:08 PM Core.RedBlackTree add
INFO: SUCCESSFULLY INSERTED: SIZE= 52,TIME REQUIRED= 333366
Mar 13, 2019 11:21:08 PM Core.RedBlackTree add
INFO: SUCCESSFULLY INSERTED: SIZE= 53,TIME REQUIRED= 6974
Mar 13, 2019 11:21:08 PM Core.RedBlackTree rotateRight
INFO: SUCCESSFULLY ROTATE RIGHT: SIZE= 53,TIME REQUIRED= 375
Mar 13, 2019 11:21:08 PM Core.RedBlackTree add
INFO: SUCCESSFULLY INSERTED: SIZE= 54,TIME REQUIRED= 291341
Mar 13, 2019 11:21:08 PM Core.RedBlackTree add
INFO: SUCCESSFULLY INSERTED: SIZE= 55,TIME REQUIRED= 7742
Mar 13, 2019 11:21:08 PM Core.RedBlackTree rotateLeft
INFO: SUCCESSFULLY ROTATE LEFT: SIZE= 55,TIME REQUIRED= 460
Mar 13, 2019 11:21:08 PM Core.RedBlackTree add
INFO: SUCCESSFULLY INSERTED: SIZE= 56,TIME REQUIRED= 378730
Mar 13, 2019 11:21:08 PM Core.RedBlackTree add
INFO: SUCCESSFULLY INSERTED: SIZE= 57,TIME REQUIRED= 5880
Mar 13, 2019 11:21:08 PM Core.RedBlackTree rotateLeft
INFO: SUCCESSFULLY ROTATE LEFT: SIZE= 57,TIME REQUIRED= 638
Mar 13, 2019 11:21:08 PM Core.RedBlackTree add
INFO: SUCCESSFULLY INSERTED: SIZE= 58,TIME REQUIRED= 290796
Mar 13, 2019 11:21:08 PM Core.RedBlackTree rotateRight
INFO: SUCCESSFULLY ROTATE RIGHT: SIZE= 58,TIME REQUIRED= 498
Mar 13, 2019 11:21:08 PM Core.RedBlackTree rotateLeft
INFO: SUCCESSFULLY ROTATE LEFT: SIZE= 58,TIME REQUIRED= 559
Mar 13, 2019 11:21:08 PM Core.RedBlackTree rotateRight
INFO: SUCCESSFULLY ROTATE RIGHT: SIZE= 58,TIME REQUIRED= 454
Mar 13, 2019 11:21:08 PM Core.RedBlackTree rotateLeft
INFO: SUCCESSFULLY ROTATE LEFT: SIZE= 58,TIME REQUIRED= 452
Mar 13, 2019 11:21:08 PM Core.RedBlackTree rotateRight
INFO: SUCCESSFULLY ROTATE RIGHT: SIZE= 58,TIME REQUIRED= 443
Mar 13, 2019 11:21:08 PM Core.RedBlackTree add
INFO: SUCCESSFULLY INSERTED: SIZE= 59,TIME REQUIRED= 1280206
Mar 13, 2019 11:21:08 PM Core.RedBlackTree rotateLeft
INFO: SUCCESSFULLY ROTATE LEFT: SIZE= 59,TIME REQUIRED= 481
Mar 13, 2019 11:21:08 PM Core.RedBlackTree add
INFO: SUCCESSFULLY INSERTED: SIZE= 60,TIME REQUIRED= 233273
Mar 13, 2019 11:21:08 PM Core.RedBlackTree rotateRight
INFO: SUCCESSFULLY ROTATE RIGHT: SIZE= 60,TIME REQUIRED= 349
Mar 13, 2019 11:21:08 PM Core.RedBlackTree rotateLeft
INFO: SUCCESSFULLY ROTATE LEFT: SIZE= 60,TIME REQUIRED= 398
Mar 13, 2019 11:21:08 PM Core.RedBlackTree add
INFO: SUCCESSFULLY INSERTED: SIZE= 61,TIME REQUIRED= 538195
Mar 13, 2019 11:21:08 PM Core.RedBlackTree add
INFO: SUCCESSFULLY INSERTED: SIZE= 62,TIME REQUIRED= 7052
Mar 13, 2019 11:21:08 PM Core.RedBlackTree add
INFO: SUCCESSFULLY INSERTED: SIZE= 63,TIME REQUIRED= 6772
Mar 13, 2019 11:21:08 PM Core.RedBlackTree rotateLeft
INFO: SUCCESSFULLY ROTATE LEFT: SIZE= 63,TIME REQUIRED= 616
Mar 13, 2019 11:21:08 PM Core.RedBlackTree add
INFO: SUCCESSFULLY INSERTED: SIZE= 64,TIME REQUIRED= 367707
Mar 13, 2019 11:21:08 PM Core.RedBlackTree rotateRight
INFO: SUCCESSFULLY ROTATE RIGHT: SIZE= 64,TIME REQUIRED= 505
Mar 13, 2019 11:21:08 PM Core.RedBlackTree rotateLeft
INFO: SUCCESSFULLY ROTATE LEFT: SIZE= 64,TIME REQUIRED= 802
Mar 13, 2019 11:21:08 PM Core.RedBlackTree add
INFO: SUCCESSFULLY INSERTED: SIZE= 65,TIME REQUIRED= 1092212
Mar 13, 2019 11:21:08 PM Core.RedBlackTree rotateLeft
INFO: SUCCESSFULLY ROTATE LEFT: SIZE= 65,TIME REQUIRED= 635
Mar 13, 2019 11:21:08 PM Core.RedBlackTree add
INFO: SUCCESSFULLY INSERTED: SIZE= 66,TIME REQUIRED= 385341
Mar 13, 2019 11:21:08 PM Core.RedBlackTree add
INFO: SUCCESSFULLY INSERTED: SIZE= 67,TIME REQUIRED= 7825
Mar 13, 2019 11:21:08 PM Core.RedBlackTree rotateLeft
INFO: SUCCESSFULLY ROTATE LEFT: SIZE= 67,TIME REQUIRED= 1113
Mar 13, 2019 11:21:08 PM Core.RedBlackTree rotateRight
INFO: SUCCESSFULLY ROTATE RIGHT: SIZE= 67,TIME REQUIRED= 859
Mar 13, 2019 11:21:08 PM Core.RedBlackTree rotateRight
INFO: SUCCESSFULLY ROTATE RIGHT: SIZE= 67,TIME REQUIRED= 774
Mar 13, 2019 11:21:08 PM Core.RedBlackTree add
INFO: SUCCESSFULLY INSERTED: SIZE= 68,TIME REQUIRED= 1116013
Mar 13, 2019 11:21:08 PM Core.RedBlackTree rotateLeft
INFO: SUCCESSFULLY ROTATE LEFT: SIZE= 68,TIME REQUIRED= 565
Mar 13, 2019 11:21:08 PM Core.RedBlackTree add
INFO: SUCCESSFULLY INSERTED: SIZE= 69,TIME REQUIRED= 266227
Mar 13, 2019 11:21:08 PM Core.RedBlackTree rotateLeft
INFO: SUCCESSFULLY ROTATE LEFT: SIZE= 69,TIME REQUIRED= 598
Mar 13, 2019 11:21:08 PM Core.RedBlackTree add
INFO: SUCCESSFULLY INSERTED: SIZE= 70,TIME REQUIRED= 266652
Mar 13, 2019 11:21:08 PM Core.RedBlackTree add
INFO: SUCCESSFULLY INSERTED: SIZE= 71,TIME REQUIRED= 5860
Mar 13, 2019 11:21:08 PM Core.RedBlackTree add
INFO: SUCCESSFULLY INSERTED: SIZE= 72,TIME REQUIRED= 3131
Mar 13, 2019 11:21:08 PM Core.RedBlackTree add
INFO: SUCCESSFULLY INSERTED: SIZE= 73,TIME REQUIRED= 3130
Mar 13, 2019 11:21:08 PM Core.RedBlackTree rotateRight
INFO: SUCCESSFULLY ROTATE RIGHT: SIZE= 73,TIME REQUIRED= 675
Mar 13, 2019 11:21:08 PM Core.RedBlackTree rotateLeft
INFO: SUCCESSFULLY ROTATE LEFT: SIZE= 73,TIME REQUIRED= 585
Mar 13, 2019 11:21:08 PM Core.RedBlackTree add
INFO: SUCCESSFULLY INSERTED: SIZE= 74,TIME REQUIRED= 486518
Mar 13, 2019 11:21:08 PM Core.RedBlackTree add
INFO: SUCCESSFULLY INSERTED: SIZE= 75,TIME REQUIRED= 8224
Mar 13, 2019 11:21:08 PM Core.RedBlackTree rotateLeft
INFO: SUCCESSFULLY ROTATE LEFT: SIZE= 75,TIME REQUIRED= 633
Mar 13, 2019 11:21:08 PM Core.RedBlackTree add
INFO: SUCCESSFULLY INSERTED: SIZE= 76,TIME REQUIRED= 234317
Mar 13, 2019 11:21:08 PM Core.RedBlackTree add
INFO: SUCCESSFULLY INSERTED: SIZE= 77,TIME REQUIRED= 2978
Mar 13, 2019 11:21:08 PM Core.RedBlackTree add
INFO: SUCCESSFULLY INSERTED: SIZE= 78,TIME REQUIRED= 4361
Mar 13, 2019 11:21:08 PM Core.RedBlackTree rotateRight
INFO: SUCCESSFULLY ROTATE RIGHT: SIZE= 78,TIME REQUIRED= 735
Mar 13, 2019 11:21:08 PM Core.RedBlackTree add
INFO: SUCCESSFULLY INSERTED: SIZE= 79,TIME REQUIRED= 309945
Mar 13, 2019 11:21:08 PM Core.RedBlackTree rotateLeft
INFO: SUCCESSFULLY ROTATE LEFT: SIZE= 79,TIME REQUIRED= 709
Mar 13, 2019 11:21:08 PM Core.RedBlackTree add
INFO: SUCCESSFULLY INSERTED: SIZE= 80,TIME REQUIRED= 331504
Mar 13, 2019 11:21:08 PM Core.RedBlackTree rotateRight
INFO: SUCCESSFULLY ROTATE RIGHT: SIZE= 80,TIME REQUIRED= 688
Mar 13, 2019 11:21:08 PM Core.RedBlackTree rotateRight
INFO: SUCCESSFULLY ROTATE RIGHT: SIZE= 80,TIME REQUIRED= 800
Mar 13, 2019 11:21:08 PM Core.RedBlackTree rotateRight
INFO: SUCCESSFULLY ROTATE RIGHT: SIZE= 80,TIME REQUIRED= 876
Mar 13, 2019 11:21:08 PM Core.RedBlackTree add
INFO: SUCCESSFULLY INSERTED: SIZE= 81,TIME REQUIRED= 928721
Mar 13, 2019 11:21:08 PM Core.RedBlackTree add
INFO: SUCCESSFULLY INSERTED: SIZE= 82,TIME REQUIRED= 6274
Mar 13, 2019 11:21:08 PM Core.RedBlackTree add
INFO: SUCCESSFULLY INSERTED: SIZE= 83,TIME REQUIRED= 3475
Mar 13, 2019 11:21:08 PM Core.RedBlackTree add
INFO: SUCCESSFULLY INSERTED: SIZE= 84,TIME REQUIRED= 3417
Mar 13, 2019 11:21:08 PM Core.RedBlackTree rotateLeft
INFO: SUCCESSFULLY ROTATE LEFT: SIZE= 84,TIME REQUIRED= 552
Mar 13, 2019 11:21:08 PM Core.RedBlackTree add
INFO: SUCCESSFULLY INSERTED: SIZE= 85,TIME REQUIRED= 229627
Mar 13, 2019 11:21:08 PM Core.RedBlackTree rotateLeft
INFO: SUCCESSFULLY ROTATE LEFT: SIZE= 85,TIME REQUIRED= 589
Mar 13, 2019 11:21:08 PM Core.RedBlackTree rotateRight
INFO: SUCCESSFULLY ROTATE RIGHT: SIZE= 85,TIME REQUIRED= 696
Mar 13, 2019 11:21:08 PM Core.RedBlackTree rotateLeft
INFO: SUCCESSFULLY ROTATE LEFT: SIZE= 85,TIME REQUIRED= 652
Mar 13, 2019 11:21:08 PM Core.RedBlackTree add
INFO: SUCCESSFULLY INSERTED: SIZE= 86,TIME REQUIRED= 777222
Mar 13, 2019 11:21:08 PM Core.RedBlackTree rotateRight
INFO: SUCCESSFULLY ROTATE RIGHT: SIZE= 86,TIME REQUIRED= 679
Mar 13, 2019 11:21:08 PM Core.RedBlackTree add
INFO: SUCCESSFULLY INSERTED: SIZE= 87,TIME REQUIRED= 261659
Mar 13, 2019 11:21:08 PM Core.RedBlackTree rotateRight
INFO: SUCCESSFULLY ROTATE RIGHT: SIZE= 87,TIME REQUIRED= 603
Mar 13, 2019 11:21:08 PM Core.RedBlackTree add
INFO: SUCCESSFULLY INSERTED: SIZE= 88,TIME REQUIRED= 251839
Mar 13, 2019 11:21:08 PM Core.RedBlackTree rotateLeft
INFO: SUCCESSFULLY ROTATE LEFT: SIZE= 88,TIME REQUIRED= 605
Mar 13, 2019 11:21:08 PM Core.RedBlackTree add
INFO: SUCCESSFULLY INSERTED: SIZE= 89,TIME REQUIRED= 244033
Mar 13, 2019 11:21:08 PM Core.RedBlackTree add
INFO: SUCCESSFULLY INSERTED: SIZE= 90,TIME REQUIRED= 6127
Mar 13, 2019 11:21:08 PM Core.RedBlackTree rotateRight
INFO: SUCCESSFULLY ROTATE RIGHT: SIZE= 90,TIME REQUIRED= 755
Mar 13, 2019 11:21:08 PM Core.RedBlackTree rotateLeft
INFO: SUCCESSFULLY ROTATE LEFT: SIZE= 90,TIME REQUIRED= 924
Mar 13, 2019 11:21:08 PM Core.RedBlackTree add
INFO: SUCCESSFULLY INSERTED: SIZE= 91,TIME REQUIRED= 891117
Mar 13, 2019 11:21:08 PM Core.RedBlackTree rotateLeft
INFO: SUCCESSFULLY ROTATE LEFT: SIZE= 91,TIME REQUIRED= 864
Mar 13, 2019 11:21:08 PM Core.RedBlackTree add
INFO: SUCCESSFULLY INSERTED: SIZE= 92,TIME REQUIRED= 470186
Mar 13, 2019 11:21:08 PM Core.RedBlackTree rotateLeft
INFO: SUCCESSFULLY ROTATE LEFT: SIZE= 92,TIME REQUIRED= 774
Mar 13, 2019 11:21:08 PM Core.RedBlackTree rotateRight
INFO: SUCCESSFULLY ROTATE RIGHT: SIZE= 92,TIME REQUIRED= 835
Mar 13, 2019 11:21:08 PM Core.RedBlackTree add
INFO: SUCCESSFULLY INSERTED: SIZE= 93,TIME REQUIRED= 749007
Mar 13, 2019 11:21:08 PM Core.RedBlackTree rotateLeft
INFO: SUCCESSFULLY ROTATE LEFT: SIZE= 93,TIME REQUIRED= 881
Mar 13, 2019 11:21:08 PM Core.RedBlackTree add
INFO: SUCCESSFULLY INSERTED: SIZE= 94,TIME REQUIRED= 384907
Mar 13, 2019 11:21:08 PM Core.RedBlackTree rotateLeft
INFO: SUCCESSFULLY ROTATE LEFT: SIZE= 94,TIME REQUIRED= 1020
Mar 13, 2019 11:21:08 PM Core.RedBlackTree add
INFO: SUCCESSFULLY INSERTED: SIZE= 95,TIME REQUIRED= 351730
Mar 13, 2019 11:21:08 PM Core.RedBlackTree rotateLeft
INFO: SUCCESSFULLY ROTATE LEFT: SIZE= 95,TIME REQUIRED= 565
Mar 13, 2019 11:21:08 PM Core.RedBlackTree add
INFO: SUCCESSFULLY INSERTED: SIZE= 96,TIME REQUIRED= 333773
Mar 13, 2019 11:21:08 PM Core.RedBlackTree rotateLeft
INFO: SUCCESSFULLY ROTATE LEFT: SIZE= 96,TIME REQUIRED= 666
Mar 13, 2019 11:21:08 PM Core.RedBlackTree add
INFO: SUCCESSFULLY INSERTED: SIZE= 97,TIME REQUIRED= 276242
Mar 13, 2019 11:21:08 PM Core.RedBlackTree add
INFO: SUCCESSFULLY INSERTED: SIZE= 98,TIME REQUIRED= 2894
Mar 13, 2019 11:21:08 PM Core.RedBlackTree add
INFO: SUCCESSFULLY INSERTED: SIZE= 99,TIME REQUIRED= 3435
Mar 13, 2019 11:21:08 PM Core.RedBlackTree rotateLeft
INFO: SUCCESSFULLY ROTATE LEFT: SIZE= 99,TIME REQUIRED= 775
Mar 13, 2019 11:21:08 PM Core.RedBlackTree add
INFO: SUCCESSFULLY INSERTED: SIZE= 100,TIME REQUIRED= 343924
Mar 13, 2019 11:21:08 PM RBTTestCases.rbttc04 main
FINE: Test for insert successfully completed
