Mar 13, 2019 11:21:08 PM RBTTestCases.rbttc03 init
INFO: Logger Name: RBTTestCases.rbttc03
Mar 13, 2019 11:21:08 PM RBTTestCases.rbttc03 main
WARNING: INSERTING 10 entries
Mar 13, 2019 11:21:08 PM Core.RedBlackTree add
INFO: SUCCESSFULLY INSERTED: SIZE= 1,TIME REQUIRED= 258004
Mar 13, 2019 11:21:08 PM Core.RedBlackTree add
INFO: SUCCESSFULLY INSERTED: SIZE= 2,TIME REQUIRED= 37191
Mar 13, 2019 11:21:08 PM Core.RedBlackTree rotateLeft
INFO: SUCCESSFULLY ROTATE LEFT: SIZE= 2,TIME REQUIRED= 630
Mar 13, 2019 11:21:08 PM Core.RedBlackTree rotateRight
INFO: SUCCESSFULLY ROTATE RIGHT: SIZE= 2,TIME REQUIRED= 805
Mar 13, 2019 11:21:08 PM Core.RedBlackTree add
INFO: SUCCESSFULLY INSERTED: SIZE= 3,TIME REQUIRED= 2286568
Mar 13, 2019 11:21:08 PM Core.RedBlackTree add
INFO: SUCCESSFULLY INSERTED: SIZE= 4,TIME REQUIRED= 3209
Mar 13, 2019 11:21:08 PM Core.RedBlackTree rotateLeft
INFO: SUCCESSFULLY ROTATE LEFT: SIZE= 4,TIME REQUIRED= 390
Mar 13, 2019 11:21:08 PM Core.RedBlackTree add
INFO: SUCCESSFULLY INSERTED: SIZE= 5,TIME REQUIRED= 663762
Mar 13, 2019 11:21:08 PM Core.RedBlackTree rotateLeft
INFO: SUCCESSFULLY ROTATE LEFT: SIZE= 5,TIME REQUIRED= 444
Mar 13, 2019 11:21:08 PM Core.RedBlackTree add
INFO: SUCCESSFULLY INSERTED: SIZE= 6,TIME REQUIRED= 619131
Mar 13, 2019 11:21:08 PM Core.RedBlackTree rotateLeft
INFO: SUCCESSFULLY ROTATE LEFT: SIZE= 6,TIME REQUIRED= 530
Mar 13, 2019 11:21:08 PM Core.RedBlackTree add
INFO: SUCCESSFULLY INSERTED: SIZE= 7,TIME REQUIRED= 634391
Mar 13, 2019 11:21:08 PM Core.RedBlackTree rotateLeft
INFO: SUCCESSFULLY ROTATE LEFT: SIZE= 7,TIME REQUIRED= 409
Mar 13, 2019 11:21:08 PM Core.RedBlackTree rotateRight
INFO: SUCCESSFULLY ROTATE RIGHT: SIZE= 7,TIME REQUIRED= 14418
Mar 13, 2019 11:21:08 PM Core.RedBlackTree rotateLeft
INFO: SUCCESSFULLY ROTATE LEFT: SIZE= 7,TIME REQUIRED= 456
Mar 13, 2019 11:21:08 PM Core.RedBlackTree rotateRight
INFO: SUCCESSFULLY ROTATE RIGHT: SIZE= 7,TIME REQUIRED= 495
Mar 13, 2019 11:21:08 PM Core.RedBlackTree add
INFO: SUCCESSFULLY INSERTED: SIZE= 8,TIME REQUIRED= 2066230
Mar 13, 2019 11:21:08 PM Core.RedBlackTree rotateLeft
INFO: SUCCESSFULLY ROTATE LEFT: SIZE= 8,TIME REQUIRED= 454
Mar 13, 2019 11:21:08 PM Core.RedBlackTree add
INFO: SUCCESSFULLY INSERTED: SIZE= 9,TIME REQUIRED= 515819
Mar 13, 2019 11:21:08 PM Core.RedBlackTree rotateLeft
INFO: SUCCESSFULLY ROTATE LEFT: SIZE= 9,TIME REQUIRED= 428
Mar 13, 2019 11:21:08 PM Core.RedBlackTree add
INFO: SUCCESSFULLY INSERTED: SIZE= 10,TIME REQUIRED= 450322
Mar 13, 2019 11:21:08 PM Core.RedBlackTree balance
INFO: SUCCESSFULLY BALANCED: SIZE= 10,TIME REQUIRED= 503
Mar 13, 2019 11:21:08 PM Core.RedBlackTree balance
INFO: SUCCESSFULLY BALANCED: SIZE= 10,TIME REQUIRED= 941
Mar 13, 2019 11:21:08 PM Core.RedBlackTree rotateLeft
INFO: SUCCESSFULLY ROTATE LEFT: SIZE= 10,TIME REQUIRED= 876
Mar 13, 2019 11:21:08 PM Core.RedBlackTree rotateRight
INFO: SUCCESSFULLY ROTATE RIGHT: SIZE= 10,TIME REQUIRED= 814
Mar 13, 2019 11:21:08 PM Core.RedBlackTree balance
INFO: SUCCESSFULLY BALANCED: SIZE= 10,TIME REQUIRED= 1222214
Mar 13, 2019 11:21:08 PM Core.RedBlackTree remove
INFO: SUCCESSFULLY REMOVED: SIZE= 9,TIME REQUIRED= 3413800
Mar 13, 2019 11:21:08 PM RBTTestCases.rbttc03 main
FINE: Test for remove successfully completed
