Mar 13, 2019 11:21:08 PM RBTTestCases.rbttc02 init
INFO: Logger Name: RBTTestCases.rbttc02
Mar 13, 2019 11:21:08 PM RBTTestCases.rbttc02 main
WARNING: INSERTING 10 entries
Mar 13, 2019 11:21:08 PM Core.RedBlackTree add
INFO: SUCCESSFULLY INSERTED: SIZE= 1,TIME REQUIRED= 256753
Mar 13, 2019 11:21:08 PM Core.RedBlackTree add
INFO: SUCCESSFULLY INSERTED: SIZE= 2,TIME REQUIRED= 16154
Mar 13, 2019 11:21:08 PM Core.RedBlackTree rotateLeft
INFO: SUCCESSFULLY ROTATE LEFT: SIZE= 2,TIME REQUIRED= 657
Mar 13, 2019 11:21:08 PM Core.RedBlackTree rotateRight
INFO: SUCCESSFULLY ROTATE RIGHT: SIZE= 2,TIME REQUIRED= 711
Mar 13, 2019 11:21:08 PM Core.RedBlackTree add
INFO: SUCCESSFULLY INSERTED: SIZE= 3,TIME REQUIRED= 2221101
Mar 13, 2019 11:21:08 PM Core.RedBlackTree add
INFO: SUCCESSFULLY INSERTED: SIZE= 4,TIME REQUIRED= 2844
Mar 13, 2019 11:21:08 PM Core.RedBlackTree rotateLeft
INFO: SUCCESSFULLY ROTATE LEFT: SIZE= 4,TIME REQUIRED= 485
Mar 13, 2019 11:21:08 PM Core.RedBlackTree add
INFO: SUCCESSFULLY INSERTED: SIZE= 5,TIME REQUIRED= 898083
Mar 13, 2019 11:21:08 PM Core.RedBlackTree rotateLeft
INFO: SUCCESSFULLY ROTATE LEFT: SIZE= 5,TIME REQUIRED= 412
Mar 13, 2019 11:21:08 PM Core.RedBlackTree add
INFO: SUCCESSFULLY INSERTED: SIZE= 6,TIME REQUIRED= 691539
Mar 13, 2019 11:21:08 PM Core.RedBlackTree rotateLeft
INFO: SUCCESSFULLY ROTATE LEFT: SIZE= 6,TIME REQUIRED= 432
Mar 13, 2019 11:21:08 PM Core.RedBlackTree add
INFO: SUCCESSFULLY INSERTED: SIZE= 7,TIME REQUIRED= 648661
Mar 13, 2019 11:21:08 PM Core.RedBlackTree rotateLeft
INFO: SUCCESSFULLY ROTATE LEFT: SIZE= 7,TIME REQUIRED= 499
Mar 13, 2019 11:21:08 PM Core.RedBlackTree rotateRight
INFO: SUCCESSFULLY ROTATE RIGHT: SIZE= 7,TIME REQUIRED= 598
Mar 13, 2019 11:21:08 PM Core.RedBlackTree rotateLeft
INFO: SUCCESSFULLY ROTATE LEFT: SIZE= 7,TIME REQUIRED= 564
Mar 13, 2019 11:21:08 PM Core.RedBlackTree rotateRight
INFO: SUCCESSFULLY ROTATE RIGHT: SIZE= 7,TIME REQUIRED= 472
Mar 13, 2019 11:21:08 PM Core.RedBlackTree add
INFO: SUCCESSFULLY INSERTED: SIZE= 8,TIME REQUIRED= 2465158
Mar 13, 2019 11:21:08 PM Core.RedBlackTree rotateLeft
INFO: SUCCESSFULLY ROTATE LEFT: SIZE= 8,TIME REQUIRED= 435
Mar 13, 2019 11:21:08 PM Core.RedBlackTree add
INFO: SUCCESSFULLY INSERTED: SIZE= 9,TIME REQUIRED= 483021
Mar 13, 2019 11:21:08 PM Core.RedBlackTree rotateLeft
INFO: SUCCESSFULLY ROTATE LEFT: SIZE= 9,TIME REQUIRED= 422
Mar 13, 2019 11:21:08 PM Core.RedBlackTree add
INFO: SUCCESSFULLY INSERTED: SIZE= 10,TIME REQUIRED= 459854
Mar 13, 2019 11:21:08 PM Core.Tree find
INFO: SUCCESSFULL FIND: SIZE= 10,TIME REQUIRED: 5255
Mar 13, 2019 11:21:08 PM RBTTestCases.rbttc02 main
FINE: Element Found: 9146
Mar 13, 2019 11:21:08 PM Core.Tree find
INFO: UNSUCCESSFULL FIND: SIZE= 10,TIME REQUIRED: 3105
Mar 13, 2019 11:21:08 PM RBTTestCases.rbttc02 main
SEVERE: Element not found
Mar 13, 2019 11:21:08 PM RBTTestCases.rbttc02 main
FINE: Test for find successfully completed
