Mar 13, 2019 11:21:07 PM RBTTestCases.rbttc01 init
INFO: Logger Name: RBTTestCases.rbttc01
Mar 13, 2019 11:21:07 PM RBTTestCases.rbttc01 main
WARNING: INSERTING 10 entries
Mar 13, 2019 11:21:07 PM Core.RedBlackTree add
INFO: SUCCESSFULLY INSERTED: SIZE= 1,TIME REQUIRED= 258438
Mar 13, 2019 11:21:07 PM Core.RedBlackTree add
INFO: SUCCESSFULLY INSERTED: SIZE= 2,TIME REQUIRED= 16799
Mar 13, 2019 11:21:07 PM Core.RedBlackTree rotateLeft
INFO: SUCCESSFULLY ROTATE LEFT: SIZE= 2,TIME REQUIRED= 669
Mar 13, 2019 11:21:07 PM Core.RedBlackTree rotateRight
INFO: SUCCESSFULLY ROTATE RIGHT: SIZE= 2,TIME REQUIRED= 837
Mar 13, 2019 11:21:07 PM Core.RedBlackTree add
INFO: SUCCESSFULLY INSERTED: SIZE= 3,TIME REQUIRED= 2308878
Mar 13, 2019 11:21:07 PM Core.RedBlackTree add
INFO: SUCCESSFULLY INSERTED: SIZE= 4,TIME REQUIRED= 2898
Mar 13, 2019 11:21:07 PM Core.RedBlackTree rotateLeft
INFO: SUCCESSFULLY ROTATE LEFT: SIZE= 4,TIME REQUIRED= 378
Mar 13, 2019 11:21:07 PM Core.RedBlackTree add
INFO: SUCCESSFULLY INSERTED: SIZE= 5,TIME REQUIRED= 652709
Mar 13, 2019 11:21:07 PM Core.RedBlackTree rotateLeft
INFO: SUCCESSFULLY ROTATE LEFT: SIZE= 5,TIME REQUIRED= 439
Mar 13, 2019 11:21:07 PM Core.RedBlackTree add
INFO: SUCCESSFULLY INSERTED: SIZE= 6,TIME REQUIRED= 555800
Mar 13, 2019 11:21:07 PM Core.RedBlackTree rotateLeft
INFO: SUCCESSFULLY ROTATE LEFT: SIZE= 6,TIME REQUIRED= 448
Mar 13, 2019 11:21:07 PM Core.RedBlackTree add
INFO: SUCCESSFULLY INSERTED: SIZE= 7,TIME REQUIRED= 493579
Mar 13, 2019 11:21:07 PM Core.RedBlackTree rotateLeft
INFO: SUCCESSFULLY ROTATE LEFT: SIZE= 7,TIME REQUIRED= 411
Mar 13, 2019 11:21:07 PM Core.RedBlackTree rotateRight
INFO: SUCCESSFULLY ROTATE RIGHT: SIZE= 7,TIME REQUIRED= 659
Mar 13, 2019 11:21:07 PM Core.RedBlackTree rotateLeft
INFO: SUCCESSFULLY ROTATE LEFT: SIZE= 7,TIME REQUIRED= 429
Mar 13, 2019 11:21:07 PM Core.RedBlackTree rotateRight
INFO: SUCCESSFULLY ROTATE RIGHT: SIZE= 7,TIME REQUIRED= 498
Mar 13, 2019 11:21:07 PM Core.RedBlackTree add
INFO: SUCCESSFULLY INSERTED: SIZE= 8,TIME REQUIRED= 2325448
Mar 13, 2019 11:21:07 PM Core.RedBlackTree rotateLeft
INFO: SUCCESSFULLY ROTATE LEFT: SIZE= 8,TIME REQUIRED= 432
Mar 13, 2019 11:21:07 PM Core.RedBlackTree add
INFO: SUCCESSFULLY INSERTED: SIZE= 9,TIME REQUIRED= 565702
Mar 13, 2019 11:21:07 PM Core.RedBlackTree rotateLeft
INFO: SUCCESSFULLY ROTATE LEFT: SIZE= 9,TIME REQUIRED= 457
Mar 13, 2019 11:21:07 PM Core.RedBlackTree add
INFO: SUCCESSFULLY INSERTED: SIZE= 10,TIME REQUIRED= 434360
Mar 13, 2019 11:21:07 PM RBTTestCases.rbttc01 main
FINE: Test for insert successfully completed
